[GIN-debug] [WARNING] Creating an Engine instance with the Logger and Recovery middleware already attached.

[GIN-debug] [WARNING] Running in "debug" mode. Switch to "release" mode in production.
 - using env:	export GIN_MODE=release
 - using code:	gin.SetMode(gin.ReleaseMode)

[GIN-debug] GET    /health                   --> main.main.func1 (5 handlers)
[GIN-debug] POST   /api/v1/auth/login        --> station-backend/internal/auth.(*Handler).Login-fm (5 handlers)
[GIN-debug] POST   /api/v1/auth/refresh      --> station-backend/internal/auth.(*Handler).RefreshToken-fm (6 handlers)
[GIN-debug] POST   /api/v1/auth/logout       --> station-backend/internal/auth.(*Handler).Logout-fm (6 handlers)
2025/10/16 17:42:07 Auth service starting on port 8001
[GIN-debug] [WARNING] You trusted all proxies, this is NOT safe. We recommend you to set a value.
Please check https://github.com/gin-gonic/gin/blob/master/docs/doc.md#dont-trust-all-proxies for details.
[GIN-debug] Listening and serving HTTP on :8001
127.0.0.1 - [16/Oct/2025:17:42:08 +0100] "GET /health HTTP/1.1 200 274.452µs "curl/7.81.0" "
[GIN] 2025/10/16 - 17:42:08 | 200 |     508.652µs |       127.0.0.1 | GET      "/health"
::1 - [16/Oct/2025:18:05:15 +0100] "GET /health HTTP/1.1 200 360.578µs "Mozilla/5.0 (X11; Linux x86_64) AppleWebKit/537.36 (KHTML, like Gecko) louaj-desktop/0.0.0 Chrome/124.0.6367.243 Electron/30.5.1 Safari/537.36" "
[GIN] 2025/10/16 - 18:05:15 | 200 |     733.482µs |             ::1 | GET      "/health"
::1 - [16/Oct/2025:18:05:15 +0100] "GET /health HTTP/1.1 200 310.798µs "Mozilla/5.0 (X11; Linux x86_64) AppleWebKit/537.36 (KHTML, like Gecko) louaj-desktop/0.0.0 Chrome/124.0.6367.243 Electron/30.5.1 Safari/537.36" "
[GIN] 2025/10/16 - 18:05:15 | 200 |     584.191µs |             ::1 | GET      "/health"
127.0.0.1 - [16/Oct/2025:18:06:12 +0100] "POST /api/v1/auth/login HTTP/1.1 200 10.98672ms "curl/7.81.0" "
[GIN] 2025/10/16 - 18:06:12 | 200 |   11.167521ms |       127.0.0.1 | POST     "/api/v1/auth/login"
127.0.0.1 - [16/Oct/2025:18:07:33 +0100] "POST /api/v1/auth/login HTTP/1.1 200 10.819878ms "curl/7.81.0" "
[GIN] 2025/10/16 - 18:07:33 | 200 |   10.914004ms |       127.0.0.1 | POST     "/api/v1/auth/login"
127.0.0.1 - [16/Oct/2025:18:09:50 +0100] "POST /api/v1/auth/login HTTP/1.1 200 8.776187ms "curl/7.81.0" "
[GIN] 2025/10/16 - 18:09:50 | 200 |    8.915586ms |       127.0.0.1 | POST     "/api/v1/auth/login"
::1 - [16/Oct/2025:18:10:29 +0100] "GET /health HTTP/1.1 200 220.011µs "Mozilla/5.0 (X11; Linux x86_64) AppleWebKit/537.36 (KHTML, like Gecko) louaj-desktop/0.0.0 Chrome/124.0.6367.243 Electron/30.5.1 Safari/537.36" "
[GIN] 2025/10/16 - 18:10:29 | 200 |     489.238µs |             ::1 | GET      "/health"
::1 - [16/Oct/2025:18:10:29 +0100] "GET /health HTTP/1.1 200 199.099µs "Mozilla/5.0 (X11; Linux x86_64) AppleWebKit/537.36 (KHTML, like Gecko) louaj-desktop/0.0.0 Chrome/124.0.6367.243 Electron/30.5.1 Safari/537.36" "
[GIN] 2025/10/16 - 18:10:29 | 200 |     501.423µs |             ::1 | GET      "/health"
::1 - [16/Oct/2025:18:11:19 +0100] "GET /health HTTP/1.1 200 80.865µs "Mozilla/5.0 (X11; Linux x86_64) AppleWebKit/537.36 (KHTML, like Gecko) louaj-desktop/0.0.0 Chrome/124.0.6367.243 Electron/30.5.1 Safari/537.36" "
[GIN] 2025/10/16 - 18:11:19 | 200 |     289.377µs |             ::1 | GET      "/health"
::1 - [16/Oct/2025:18:11:19 +0100] "GET /health HTTP/1.1 200 134.648µs "Mozilla/5.0 (X11; Linux x86_64) AppleWebKit/537.36 (KHTML, like Gecko) louaj-desktop/0.0.0 Chrome/124.0.6367.243 Electron/30.5.1 Safari/537.36" "
[GIN] 2025/10/16 - 18:11:19 | 200 |     453.915µs |             ::1 | GET      "/health"
127.0.0.1 - [16/Oct/2025:18:15:48 +0100] "POST /api/v1/auth/login HTTP/1.1 200 8.275157ms "curl/7.81.0" "
[GIN] 2025/10/16 - 18:15:48 | 200 |    8.607736ms |       127.0.0.1 | POST     "/api/v1/auth/login"
::1 - [16/Oct/2025:18:15:55 +0100] "GET /health HTTP/1.1 200 84.305µs "Mozilla/5.0 (X11; Linux x86_64) AppleWebKit/537.36 (KHTML, like Gecko) louaj-desktop/0.0.0 Chrome/124.0.6367.243 Electron/30.5.1 Safari/537.36" "
[GIN] 2025/10/16 - 18:15:55 | 200 |     357.107µs |             ::1 | GET      "/health"
::1 - [16/Oct/2025:18:15:55 +0100] "GET /health HTTP/1.1 200 59.12µs "Mozilla/5.0 (X11; Linux x86_64) AppleWebKit/537.36 (KHTML, like Gecko) louaj-desktop/0.0.0 Chrome/124.0.6367.243 Electron/30.5.1 Safari/537.36" "
[GIN] 2025/10/16 - 18:15:55 | 200 |     273.709µs |             ::1 | GET      "/health"
127.0.0.1 - [16/Oct/2025:18:18:47 +0100] "POST /api/v1/auth/login HTTP/1.1 200 9.387602ms "curl/7.81.0" "
[GIN] 2025/10/16 - 18:18:47 | 200 |    9.689318ms |       127.0.0.1 | POST     "/api/v1/auth/login"
::1 - [16/Oct/2025:18:19:07 +0100] "GET /health HTTP/1.1 200 20.652µs "Mozilla/5.0 (X11; Linux x86_64) AppleWebKit/537.36 (KHTML, like Gecko) louaj-desktop/0.0.0 Chrome/124.0.6367.243 Electron/30.5.1 Safari/537.36" "
[GIN] 2025/10/16 - 18:19:07 | 200 |      79.178µs |             ::1 | GET      "/health"
::1 - [16/Oct/2025:18:19:07 +0100] "GET /health HTTP/1.1 200 77.092µs "Mozilla/5.0 (X11; Linux x86_64) AppleWebKit/537.36 (KHTML, like Gecko) louaj-desktop/0.0.0 Chrome/124.0.6367.243 Electron/30.5.1 Safari/537.36" "
[GIN] 2025/10/16 - 18:19:07 | 200 |      226.17µs |             ::1 | GET      "/health"
::1 - [16/Oct/2025:18:38:31 +0100] "GET /health HTTP/1.1 200 128.222µs "Mozilla/5.0 (X11; Linux x86_64) AppleWebKit/537.36 (KHTML, like Gecko) louaj-desktop/0.0.0 Chrome/124.0.6367.243 Electron/30.5.1 Safari/537.36" "
[GIN] 2025/10/16 - 18:38:31 | 200 |     284.603µs |             ::1 | GET      "/health"
::1 - [16/Oct/2025:18:38:31 +0100] "GET /health HTTP/1.1 200 95.738µs "Mozilla/5.0 (X11; Linux x86_64) AppleWebKit/537.36 (KHTML, like Gecko) louaj-desktop/0.0.0 Chrome/124.0.6367.243 Electron/30.5.1 Safari/537.36" "
[GIN] 2025/10/16 - 18:38:31 | 200 |     278.401µs |             ::1 | GET      "/health"
::1 - [16/Oct/2025:18:48:50 +0100] "GET /health HTTP/1.1 200 63.908µs "Mozilla/5.0 (X11; Linux x86_64) AppleWebKit/537.36 (KHTML, like Gecko) louaj-desktop/0.0.0 Chrome/124.0.6367.243 Electron/30.5.1 Safari/537.36" "
[GIN] 2025/10/16 - 18:48:50 | 200 |     181.928µs |             ::1 | GET      "/health"
::1 - [16/Oct/2025:18:48:50 +0100] "GET /health HTTP/1.1 200 48.156µs "Mozilla/5.0 (X11; Linux x86_64) AppleWebKit/537.36 (KHTML, like Gecko) louaj-desktop/0.0.0 Chrome/124.0.6367.243 Electron/30.5.1 Safari/537.36" "
[GIN] 2025/10/16 - 18:48:50 | 200 |     166.344µs |             ::1 | GET      "/health"
::1 - [16/Oct/2025:18:49:09 +0100] "GET /health HTTP/1.1 200 123.676µs "Mozilla/5.0 (X11; Linux x86_64) AppleWebKit/537.36 (KHTML, like Gecko) louaj-desktop/0.0.0 Chrome/124.0.6367.243 Electron/30.5.1 Safari/537.36" "
[GIN] 2025/10/16 - 18:49:09 | 200 |     351.785µs |             ::1 | GET      "/health"
::1 - [16/Oct/2025:18:49:09 +0100] "GET /health HTTP/1.1 200 57.08µs "Mozilla/5.0 (X11; Linux x86_64) AppleWebKit/537.36 (KHTML, like Gecko) louaj-desktop/0.0.0 Chrome/124.0.6367.243 Electron/30.5.1 Safari/537.36" "
[GIN] 2025/10/16 - 18:49:09 | 200 |     190.075µs |             ::1 | GET      "/health"
::1 - [16/Oct/2025:18:53:54 +0100] "GET /health HTTP/1.1 200 247.391µs "Mozilla/5.0 (X11; Linux x86_64) AppleWebKit/537.36 (KHTML, like Gecko) louaj-desktop/0.0.0 Chrome/124.0.6367.243 Electron/30.5.1 Safari/537.36" "
[GIN] 2025/10/16 - 18:53:54 | 200 |    1.001546ms |             ::1 | GET      "/health"
::1 - [16/Oct/2025:18:53:54 +0100] "GET /health HTTP/1.1 200 54.79µs "Mozilla/5.0 (X11; Linux x86_64) AppleWebKit/537.36 (KHTML, like Gecko) louaj-desktop/0.0.0 Chrome/124.0.6367.243 Electron/30.5.1 Safari/537.36" "
[GIN] 2025/10/16 - 18:53:54 | 200 |     150.561µs |             ::1 | GET      "/health"
::1 - [16/Oct/2025:18:54:05 +0100] "GET /health HTTP/1.1 200 127.614µs "Mozilla/5.0 (X11; Linux x86_64) AppleWebKit/537.36 (KHTML, like Gecko) louaj-desktop/0.0.0 Chrome/124.0.6367.243 Electron/30.5.1 Safari/537.36" "
[GIN] 2025/10/16 - 18:54:05 | 200 |     454.016µs |             ::1 | GET      "/health"
::1 - [16/Oct/2025:18:54:05 +0100] "GET /health HTTP/1.1 200 102.563µs "Mozilla/5.0 (X11; Linux x86_64) AppleWebKit/537.36 (KHTML, like Gecko) louaj-desktop/0.0.0 Chrome/124.0.6367.243 Electron/30.5.1 Safari/537.36" "
[GIN] 2025/10/16 - 18:54:05 | 200 |     516.481µs |             ::1 | GET      "/health"
::1 - [16/Oct/2025:19:59:54 +0100] "GET /health HTTP/1.1 200 199.432µs "Mozilla/5.0 (X11; Linux x86_64) AppleWebKit/537.36 (KHTML, like Gecko) louaj-desktop/0.0.0 Chrome/124.0.6367.243 Electron/30.5.1 Safari/537.36" "
[GIN] 2025/10/16 - 19:59:54 | 200 |     470.042µs |             ::1 | GET      "/health"
::1 - [16/Oct/2025:19:59:54 +0100] "GET /health HTTP/1.1 200 65.951µs "Mozilla/5.0 (X11; Linux x86_64) AppleWebKit/537.36 (KHTML, like Gecko) louaj-desktop/0.0.0 Chrome/124.0.6367.243 Electron/30.5.1 Safari/537.36" "
[GIN] 2025/10/16 - 19:59:54 | 200 |      290.93µs |             ::1 | GET      "/health"
::1 - [16/Oct/2025:20:02:01 +0100] "GET /health HTTP/1.1 200 37.982µs "Mozilla/5.0 (X11; Linux x86_64) AppleWebKit/537.36 (KHTML, like Gecko) louaj-desktop/0.0.0 Chrome/124.0.6367.243 Electron/30.5.1 Safari/537.36" "
[GIN] 2025/10/16 - 20:02:01 | 200 |     120.941µs |             ::1 | GET      "/health"
::1 - [16/Oct/2025:20:02:01 +0100] "GET /health HTTP/1.1 200 55.003µs "Mozilla/5.0 (X11; Linux x86_64) AppleWebKit/537.36 (KHTML, like Gecko) louaj-desktop/0.0.0 Chrome/124.0.6367.243 Electron/30.5.1 Safari/537.36" "
[GIN] 2025/10/16 - 20:02:01 | 200 |     139.383µs |             ::1 | GET      "/health"
::1 - [16/Oct/2025:20:02:22 +0100] "GET /health HTTP/1.1 200 26.583µs "Mozilla/5.0 (X11; Linux x86_64) AppleWebKit/537.36 (KHTML, like Gecko) louaj-desktop/0.0.0 Chrome/124.0.6367.243 Electron/30.5.1 Safari/537.36" "
[GIN] 2025/10/16 - 20:02:22 | 200 |     113.772µs |             ::1 | GET      "/health"
::1 - [16/Oct/2025:20:02:22 +0100] "GET /health HTTP/1.1 200 32.096µs "Mozilla/5.0 (X11; Linux x86_64) AppleWebKit/537.36 (KHTML, like Gecko) louaj-desktop/0.0.0 Chrome/124.0.6367.243 Electron/30.5.1 Safari/537.36" "
[GIN] 2025/10/16 - 20:02:22 | 200 |     138.639µs |             ::1 | GET      "/health"
[GIN] 2025/10/16 - 20:02:25 | 204 |      11.205µs |             ::1 | OPTIONS  "/api/v1/auth/login"
::1 - [16/Oct/2025:20:02:25 +0100] "POST /api/v1/auth/login HTTP/1.1 200 7.03496ms "Mozilla/5.0 (X11; Linux x86_64) AppleWebKit/537.36 (KHTML, like Gecko) louaj-desktop/0.0.0 Chrome/124.0.6367.243 Electron/30.5.1 Safari/537.36" "
[GIN] 2025/10/16 - 20:02:25 | 200 |    7.083565ms |             ::1 | POST     "/api/v1/auth/login"
