[GIN-debug] [WARNING] Creating an Engine instance with the Logger and Recovery middleware already attached.

[GIN-debug] [WARNING] Running in "debug" mode. Switch to "release" mode in production.
 - using env:	export GIN_MODE=release
 - using code:	gin.SetMode(gin.ReleaseMode)

[GIN-debug] GET    /openapi-queue.json       --> station-backend/internal/queue.RegisterDocsRoutes.func1 (5 handlers)
[GIN-debug] GET    /docs-queue               --> station-backend/internal/queue.RegisterDocsRoutes.docsPage.func3 (5 handlers)
[GIN-debug] GET    /openapi-all.json         --> station-backend/internal/queue.RegisterDocsRoutes.func2 (5 handlers)
[GIN-debug] GET    /docs-all                 --> station-backend/internal/queue.RegisterDocsRoutes.docsPage.func4 (5 handlers)
[GIN-debug] GET    /health                   --> main.main.func1 (5 handlers)
[GIN-debug] GET    /api/v1/routes            --> station-backend/internal/queue.(*Handler).ListRoutes-fm (6 handlers)
[GIN-debug] POST   /api/v1/routes            --> station-backend/internal/queue.(*Handler).CreateRoute-fm (6 handlers)
[GIN-debug] PUT    /api/v1/routes/:id        --> station-backend/internal/queue.(*Handler).UpdateRoute-fm (6 handlers)
[GIN-debug] DELETE /api/v1/routes/:id        --> station-backend/internal/queue.(*Handler).DeleteRoute-fm (6 handlers)
[GIN-debug] GET    /api/v1/vehicles          --> station-backend/internal/queue.(*Handler).ListVehicles-fm (6 handlers)
[GIN-debug] POST   /api/v1/vehicles          --> station-backend/internal/queue.(*Handler).CreateVehicle-fm (6 handlers)
[GIN-debug] PUT    /api/v1/vehicles/:id      --> station-backend/internal/queue.(*Handler).UpdateVehicle-fm (6 handlers)
[GIN-debug] DELETE /api/v1/vehicles/:id      --> station-backend/internal/queue.(*Handler).DeleteVehicle-fm (6 handlers)
[GIN-debug] GET    /api/v1/vehicles/:id/authorized-routes --> station-backend/internal/queue.(*Handler).ListAuthorizedRoutes-fm (6 handlers)
[GIN-debug] POST   /api/v1/vehicles/:id/authorized-routes --> station-backend/internal/queue.(*Handler).AddAuthorizedRoute-fm (6 handlers)
[GIN-debug] PUT    /api/v1/vehicles/:id/authorized-routes/:authId --> station-backend/internal/queue.(*Handler).UpdateAuthorizedRoute-fm (6 handlers)
[GIN-debug] DELETE /api/v1/vehicles/:id/authorized-routes/:authId --> station-backend/internal/queue.(*Handler).DeleteAuthorizedRoute-fm (6 handlers)
[GIN-debug] GET    /api/v1/queue/:destinationId --> station-backend/internal/queue.(*Handler).ListQueue-fm (6 handlers)
[GIN-debug] POST   /api/v1/queue/:destinationId --> station-backend/internal/queue.(*Handler).AddQueueEntry-fm (6 handlers)
[GIN-debug] PUT    /api/v1/queue/:destinationId/reorder --> station-backend/internal/queue.(*Handler).ReorderQueue-fm (6 handlers)
[GIN-debug] PUT    /api/v1/queue/:destinationId/entry/:id --> station-backend/internal/queue.(*Handler).UpdateQueueEntry-fm (6 handlers)
[GIN-debug] DELETE /api/v1/queue/:destinationId/entry/:id --> station-backend/internal/queue.(*Handler).DeleteQueueEntry-fm (6 handlers)
[GIN-debug] PUT    /api/v1/queue/:destinationId/entry/:id/move --> station-backend/internal/queue.(*Handler).MoveEntry-fm (6 handlers)
[GIN-debug] POST   /api/v1/queue/:destinationId/transfer-seats --> station-backend/internal/queue.(*Handler).TransferSeats-fm (6 handlers)
[GIN-debug] PUT    /api/v1/queue/:destinationId/entry/:id/change-destination --> station-backend/internal/queue.(*Handler).ChangeDestination-fm (6 handlers)
[GIN-debug] GET    /api/v1/queue-summaries   --> station-backend/internal/queue.(*Handler).ListQueueSummaries-fm (6 handlers)
[GIN-debug] GET    /api/v1/route-summaries   --> station-backend/internal/queue.(*Handler).ListRouteSummaries-fm (6 handlers)
[GIN-debug] GET    /api/v1/day-passes        --> station-backend/internal/queue.(*Handler).ListDayPasses-fm (6 handlers)
2025/10/16 19:02:35 Queue service starting on port 8002
[GIN-debug] [WARNING] You trusted all proxies, this is NOT safe. We recommend you to set a value.
Please check https://github.com/gin-gonic/gin/blob/master/docs/doc.md#dont-trust-all-proxies for details.
[GIN-debug] Listening and serving HTTP on :8002
127.0.0.1 - [16/Oct/2025:19:02:36 +0100] "GET /health HTTP/1.1 200 80.835µs "curl/7.81.0" "
[GIN] 2025/10/16 - 19:02:36 | 200 |     266.807µs |       127.0.0.1 | GET      "/health"
[GIN] 2025/10/16 - 19:03:38 | 204 |      85.579µs |             ::1 | OPTIONS  "/api/v1/queue/station-moknin"
::1 - [16/Oct/2025:19:03:38 +0100] "GET /api/v1/queue/station-moknin HTTP/1.1 200 9.140269ms "Mozilla/5.0 (X11; Linux x86_64) AppleWebKit/537.36 (KHTML, like Gecko) louaj-desktop/0.0.0 Chrome/124.0.6367.243 Electron/30.5.1 Safari/537.36" "
[GIN] 2025/10/16 - 19:03:38 | 200 |    9.318528ms |             ::1 | GET      "/api/v1/queue/station-moknin"
[GIN] 2025/10/16 - 19:03:38 | 204 |      12.864µs |             ::1 | OPTIONS  "/api/v1/queue/station-ksar-hlel"
::1 - [16/Oct/2025:19:03:38 +0100] "GET /api/v1/queue/station-ksar-hlel HTTP/1.1 200 2.273063ms "Mozilla/5.0 (X11; Linux x86_64) AppleWebKit/537.36 (KHTML, like Gecko) louaj-desktop/0.0.0 Chrome/124.0.6367.243 Electron/30.5.1 Safari/537.36" "
[GIN] 2025/10/16 - 19:03:38 | 200 |    2.443659ms |             ::1 | GET      "/api/v1/queue/station-ksar-hlel"
[GIN] 2025/10/16 - 19:03:41 | 204 |       5.392µs |             ::1 | OPTIONS  "/api/v1/queue/station-ksar-hlel/entry/queue_1760423087262_trrf2d2e6"
::1 - [16/Oct/2025:19:03:41 +0100] "PUT /api/v1/queue/station-ksar-hlel/entry/queue_1760423087262_trrf2d2e6 HTTP/1.1 500 708.443µs "Mozilla/5.0 (X11; Linux x86_64) AppleWebKit/537.36 (KHTML, like Gecko) louaj-desktop/0.0.0 Chrome/124.0.6367.243 Electron/30.5.1 Safari/537.36" "
[GIN] 2025/10/16 - 19:03:41 | 500 |     751.746µs |             ::1 | PUT      "/api/v1/queue/station-ksar-hlel/entry/queue_1760423087262_trrf2d2e6"
[GIN] 2025/10/16 - 19:04:06 | 204 |      42.002µs |             ::1 | OPTIONS  "/api/v1/queue-summaries"
::1 - [16/Oct/2025:19:04:06 +0100] "GET /api/v1/queue-summaries HTTP/1.1 401 332.384µs "Mozilla/5.0 (X11; Linux x86_64) AppleWebKit/537.36 (KHTML, like Gecko) louaj-desktop/0.0.0 Chrome/124.0.6367.243 Electron/30.5.1 Safari/537.36" "
[GIN] 2025/10/16 - 19:04:06 | 401 |     508.163µs |             ::1 | GET      "/api/v1/queue-summaries"
[GIN] 2025/10/16 - 19:04:06 | 204 |       24.57µs |             ::1 | OPTIONS  "/api/v1/queue/station-ksar-hlel"
::1 - [16/Oct/2025:19:04:06 +0100] "GET /api/v1/queue/station-ksar-hlel HTTP/1.1 401 56.959µs "Mozilla/5.0 (X11; Linux x86_64) AppleWebKit/537.36 (KHTML, like Gecko) louaj-desktop/0.0.0 Chrome/124.0.6367.243 Electron/30.5.1 Safari/537.36" "
[GIN] 2025/10/16 - 19:04:06 | 401 |      694.02µs |             ::1 | GET      "/api/v1/queue/station-ksar-hlel"
::1 - [16/Oct/2025:19:04:07 +0100] "GET /api/v1/queue-summaries HTTP/1.1 401 194.714µs "Mozilla/5.0 (X11; Linux x86_64) AppleWebKit/537.36 (KHTML, like Gecko) louaj-desktop/0.0.0 Chrome/124.0.6367.243 Electron/30.5.1 Safari/537.36" "
[GIN] 2025/10/16 - 19:04:07 | 401 |     593.991µs |             ::1 | GET      "/api/v1/queue-summaries"
::1 - [16/Oct/2025:19:04:07 +0100] "GET /api/v1/queue/station-ksar-hlel HTTP/1.1 401 58.568µs "Mozilla/5.0 (X11; Linux x86_64) AppleWebKit/537.36 (KHTML, like Gecko) louaj-desktop/0.0.0 Chrome/124.0.6367.243 Electron/30.5.1 Safari/537.36" "
[GIN] 2025/10/16 - 19:04:07 | 401 |     322.993µs |             ::1 | GET      "/api/v1/queue/station-ksar-hlel"
[GIN] 2025/10/16 - 19:09:25 | 204 |      73.612µs |             ::1 | OPTIONS  "/api/v1/queue-summaries"
[GIN] 2025/10/16 - 19:09:25 | 204 |      32.378µs |             ::1 | OPTIONS  "/api/v1/queue/station-ksar-hlel"
::1 - [16/Oct/2025:19:09:25 +0100] "GET /api/v1/queue-summaries HTTP/1.1 401 312.06µs "Mozilla/5.0 (X11; Linux x86_64) AppleWebKit/537.36 (KHTML, like Gecko) louaj-desktop/0.0.0 Chrome/124.0.6367.243 Electron/30.5.1 Safari/537.36" "
[GIN] 2025/10/16 - 19:09:25 | 401 |     494.269µs |             ::1 | GET      "/api/v1/queue-summaries"
::1 - [16/Oct/2025:19:09:25 +0100] "GET /api/v1/queue/station-ksar-hlel HTTP/1.1 401 55.463µs "Mozilla/5.0 (X11; Linux x86_64) AppleWebKit/537.36 (KHTML, like Gecko) louaj-desktop/0.0.0 Chrome/124.0.6367.243 Electron/30.5.1 Safari/537.36" "
[GIN] 2025/10/16 - 19:09:25 | 401 |     190.161µs |             ::1 | GET      "/api/v1/queue/station-ksar-hlel"
[GIN] 2025/10/16 - 19:09:33 | 204 |      31.755µs |             ::1 | OPTIONS  "/api/v1/queue-summaries"
[GIN] 2025/10/16 - 19:09:33 | 204 |      12.599µs |             ::1 | OPTIONS  "/api/v1/queue/station-ksar-hlel"
::1 - [16/Oct/2025:19:09:33 +0100] "GET /api/v1/queue-summaries HTTP/1.1 200 8.182418ms "Mozilla/5.0 (X11; Linux x86_64) AppleWebKit/537.36 (KHTML, like Gecko) louaj-desktop/0.0.0 Chrome/124.0.6367.243 Electron/30.5.1 Safari/537.36" "
[GIN] 2025/10/16 - 19:09:33 | 200 |    8.359748ms |             ::1 | GET      "/api/v1/queue-summaries"
::1 - [16/Oct/2025:19:09:33 +0100] "GET /api/v1/queue/station-ksar-hlel HTTP/1.1 200 6.725071ms "Mozilla/5.0 (X11; Linux x86_64) AppleWebKit/537.36 (KHTML, like Gecko) louaj-desktop/0.0.0 Chrome/124.0.6367.243 Electron/30.5.1 Safari/537.36" "
[GIN] 2025/10/16 - 19:09:33 | 200 |    6.784663ms |             ::1 | GET      "/api/v1/queue/station-ksar-hlel"
[GIN] 2025/10/16 - 19:09:47 | 204 |      43.471µs |             ::1 | OPTIONS  "/api/v1/queue-summaries"
[GIN] 2025/10/16 - 19:09:47 | 204 |      44.062µs |             ::1 | OPTIONS  "/api/v1/queue/station-ksar-hlel"
::1 - [16/Oct/2025:19:09:47 +0100] "GET /api/v1/queue-summaries HTTP/1.1 200 2.814011ms "Mozilla/5.0 (X11; Linux x86_64) AppleWebKit/537.36 (KHTML, like Gecko) louaj-desktop/0.0.0 Chrome/124.0.6367.243 Electron/30.5.1 Safari/537.36" "
[GIN] 2025/10/16 - 19:09:47 | 200 |    2.964242ms |             ::1 | GET      "/api/v1/queue-summaries"
::1 - [16/Oct/2025:19:09:47 +0100] "GET /api/v1/queue/station-ksar-hlel HTTP/1.1 200 7.224736ms "Mozilla/5.0 (X11; Linux x86_64) AppleWebKit/537.36 (KHTML, like Gecko) louaj-desktop/0.0.0 Chrome/124.0.6367.243 Electron/30.5.1 Safari/537.36" "
[GIN] 2025/10/16 - 19:09:47 | 200 |    7.422176ms |             ::1 | GET      "/api/v1/queue/station-ksar-hlel"
[GIN] 2025/10/16 - 19:10:27 | 204 |       31.92µs |             ::1 | OPTIONS  "/api/v1/queue-summaries"
[GIN] 2025/10/16 - 19:10:27 | 204 |      31.976µs |             ::1 | OPTIONS  "/api/v1/queue/station-ksar-hlel"
::1 - [16/Oct/2025:19:10:27 +0100] "GET /api/v1/queue/station-ksar-hlel HTTP/1.1 200 3.899589ms "Mozilla/5.0 (X11; Linux x86_64) AppleWebKit/537.36 (KHTML, like Gecko) louaj-desktop/0.0.0 Chrome/124.0.6367.243 Electron/30.5.1 Safari/537.36" "
[GIN] 2025/10/16 - 19:10:27 | 200 |     4.36824ms |             ::1 | GET      "/api/v1/queue/station-ksar-hlel"
::1 - [16/Oct/2025:19:10:27 +0100] "GET /api/v1/queue-summaries HTTP/1.1 200 8.850734ms "Mozilla/5.0 (X11; Linux x86_64) AppleWebKit/537.36 (KHTML, like Gecko) louaj-desktop/0.0.0 Chrome/124.0.6367.243 Electron/30.5.1 Safari/537.36" "
[GIN] 2025/10/16 - 19:10:27 | 200 |    8.978717ms |             ::1 | GET      "/api/v1/queue-summaries"
[GIN] 2025/10/16 - 19:10:38 | 204 |       30.14µs |             ::1 | OPTIONS  "/api/v1/queue-summaries"
[GIN] 2025/10/16 - 19:10:38 | 204 |      27.257µs |             ::1 | OPTIONS  "/api/v1/queue/station-ksar-hlel"
::1 - [16/Oct/2025:19:10:38 +0100] "GET /api/v1/queue-summaries HTTP/1.1 200 7.408453ms "Mozilla/5.0 (X11; Linux x86_64) AppleWebKit/537.36 (KHTML, like Gecko) louaj-desktop/0.0.0 Chrome/124.0.6367.243 Electron/30.5.1 Safari/537.36" "
[GIN] 2025/10/16 - 19:10:38 | 200 |    7.851258ms |             ::1 | GET      "/api/v1/queue-summaries"
::1 - [16/Oct/2025:19:10:38 +0100] "GET /api/v1/queue/station-ksar-hlel HTTP/1.1 200 6.833363ms "Mozilla/5.0 (X11; Linux x86_64) AppleWebKit/537.36 (KHTML, like Gecko) louaj-desktop/0.0.0 Chrome/124.0.6367.243 Electron/30.5.1 Safari/537.36" "
[GIN] 2025/10/16 - 19:10:38 | 200 |    7.122135ms |             ::1 | GET      "/api/v1/queue/station-ksar-hlel"
[GIN] 2025/10/16 - 19:10:45 | 204 |      29.128µs |             ::1 | OPTIONS  "/api/v1/queue-summaries"
[GIN] 2025/10/16 - 19:10:45 | 204 |      19.986µs |             ::1 | OPTIONS  "/api/v1/queue/station-ksar-hlel"
::1 - [16/Oct/2025:19:10:45 +0100] "GET /api/v1/queue-summaries HTTP/1.1 200 3.395483ms "Mozilla/5.0 (X11; Linux x86_64) AppleWebKit/537.36 (KHTML, like Gecko) louaj-desktop/0.0.0 Chrome/124.0.6367.243 Electron/30.5.1 Safari/537.36" "
[GIN] 2025/10/16 - 19:10:45 | 200 |    3.565526ms |             ::1 | GET      "/api/v1/queue-summaries"
::1 - [16/Oct/2025:19:10:45 +0100] "GET /api/v1/queue/station-ksar-hlel HTTP/1.1 200 3.073521ms "Mozilla/5.0 (X11; Linux x86_64) AppleWebKit/537.36 (KHTML, like Gecko) louaj-desktop/0.0.0 Chrome/124.0.6367.243 Electron/30.5.1 Safari/537.36" "
[GIN] 2025/10/16 - 19:10:45 | 200 |    3.186785ms |             ::1 | GET      "/api/v1/queue/station-ksar-hlel"
[GIN] 2025/10/16 - 19:11:04 | 204 |      20.084µs |             ::1 | OPTIONS  "/api/v1/queue-summaries"
[GIN] 2025/10/16 - 19:11:04 | 204 |      19.723µs |             ::1 | OPTIONS  "/api/v1/queue/station-ksar-hlel"
::1 - [16/Oct/2025:19:11:04 +0100] "GET /api/v1/queue-summaries HTTP/1.1 401 46.854µs "Mozilla/5.0 (X11; Linux x86_64) AppleWebKit/537.36 (KHTML, like Gecko) louaj-desktop/0.0.0 Chrome/124.0.6367.243 Electron/30.5.1 Safari/537.36" "
[GIN] 2025/10/16 - 19:11:04 | 401 |     205.161µs |             ::1 | GET      "/api/v1/queue-summaries"
::1 - [16/Oct/2025:19:11:04 +0100] "GET /api/v1/queue/station-ksar-hlel HTTP/1.1 401 116.133µs "Mozilla/5.0 (X11; Linux x86_64) AppleWebKit/537.36 (KHTML, like Gecko) louaj-desktop/0.0.0 Chrome/124.0.6367.243 Electron/30.5.1 Safari/537.36" "
[GIN] 2025/10/16 - 19:11:04 | 401 |      441.55µs |             ::1 | GET      "/api/v1/queue/station-ksar-hlel"
[GIN] 2025/10/16 - 19:11:17 | 204 |      44.909µs |             ::1 | OPTIONS  "/api/v1/queue-summaries"
[GIN] 2025/10/16 - 19:11:17 | 204 |      10.131µs |             ::1 | OPTIONS  "/api/v1/queue/station-ksar-hlel"
::1 - [16/Oct/2025:19:11:17 +0100] "GET /api/v1/queue-summaries HTTP/1.1 200 3.198916ms "Mozilla/5.0 (X11; Linux x86_64) AppleWebKit/537.36 (KHTML, like Gecko) louaj-desktop/0.0.0 Chrome/124.0.6367.243 Electron/30.5.1 Safari/537.36" "
[GIN] 2025/10/16 - 19:11:17 | 200 |    3.394995ms |             ::1 | GET      "/api/v1/queue-summaries"
::1 - [16/Oct/2025:19:11:17 +0100] "GET /api/v1/queue/station-ksar-hlel HTTP/1.1 200 3.264247ms "Mozilla/5.0 (X11; Linux x86_64) AppleWebKit/537.36 (KHTML, like Gecko) louaj-desktop/0.0.0 Chrome/124.0.6367.243 Electron/30.5.1 Safari/537.36" "
[GIN] 2025/10/16 - 19:11:17 | 200 |    3.459146ms |             ::1 | GET      "/api/v1/queue/station-ksar-hlel"
[GIN] 2025/10/16 - 19:44:07 | 204 |      51.084µs |             ::1 | OPTIONS  "/api/v1/queue-summaries"
[GIN] 2025/10/16 - 19:44:07 | 204 |      14.804µs |             ::1 | OPTIONS  "/api/v1/queue/station-ksar-hlel"
::1 - [16/Oct/2025:19:44:07 +0100] "GET /api/v1/queue-summaries HTTP/1.1 401 30.606µs "Mozilla/5.0 (X11; Linux x86_64) AppleWebKit/537.36 (KHTML, like Gecko) louaj-desktop/0.0.0 Chrome/124.0.6367.243 Electron/30.5.1 Safari/537.36" "
[GIN] 2025/10/16 - 19:44:07 | 401 |     115.981µs |             ::1 | GET      "/api/v1/queue-summaries"
::1 - [16/Oct/2025:19:44:07 +0100] "GET /api/v1/queue/station-ksar-hlel HTTP/1.1 401 73.442µs "Mozilla/5.0 (X11; Linux x86_64) AppleWebKit/537.36 (KHTML, like Gecko) louaj-desktop/0.0.0 Chrome/124.0.6367.243 Electron/30.5.1 Safari/537.36" "
[GIN] 2025/10/16 - 19:44:07 | 401 |     315.703µs |             ::1 | GET      "/api/v1/queue/station-ksar-hlel"
::1 - [16/Oct/2025:19:44:08 +0100] "GET /api/v1/queue-summaries HTTP/1.1 200 1.176203ms "Mozilla/5.0 (X11; Linux x86_64) AppleWebKit/537.36 (KHTML, like Gecko) louaj-desktop/0.0.0 Chrome/124.0.6367.243 Electron/30.5.1 Safari/537.36" "
[GIN] 2025/10/16 - 19:44:08 | 200 |    1.457363ms |             ::1 | GET      "/api/v1/queue-summaries"
::1 - [16/Oct/2025:19:44:08 +0100] "GET /api/v1/queue/station-ksar-hlel HTTP/1.1 200 1.853167ms "Mozilla/5.0 (X11; Linux x86_64) AppleWebKit/537.36 (KHTML, like Gecko) louaj-desktop/0.0.0 Chrome/124.0.6367.243 Electron/30.5.1 Safari/537.36" "
[GIN] 2025/10/16 - 19:44:08 | 200 |    2.315582ms |             ::1 | GET      "/api/v1/queue/station-ksar-hlel"
[GIN] 2025/10/16 - 19:45:40 | 204 |      21.064µs |             ::1 | OPTIONS  "/api/v1/queue-summaries"
[GIN] 2025/10/16 - 19:45:40 | 204 |      13.985µs |             ::1 | OPTIONS  "/api/v1/queue/station-ksar-hlel"
::1 - [16/Oct/2025:19:45:40 +0100] "GET /api/v1/queue-summaries HTTP/1.1 401 90.48µs "Mozilla/5.0 (X11; Linux x86_64) AppleWebKit/537.36 (KHTML, like Gecko) louaj-desktop/0.0.0 Chrome/124.0.6367.243 Electron/30.5.1 Safari/537.36" "
[GIN] 2025/10/16 - 19:45:40 | 401 |     271.654µs |             ::1 | GET      "/api/v1/queue-summaries"
::1 - [16/Oct/2025:19:45:40 +0100] "GET /api/v1/queue/station-ksar-hlel HTTP/1.1 401 53.913µs "Mozilla/5.0 (X11; Linux x86_64) AppleWebKit/537.36 (KHTML, like Gecko) louaj-desktop/0.0.0 Chrome/124.0.6367.243 Electron/30.5.1 Safari/537.36" "
[GIN] 2025/10/16 - 19:45:40 | 401 |     228.311µs |             ::1 | GET      "/api/v1/queue/station-ksar-hlel"
[GIN] 2025/10/16 - 19:46:15 | 204 |       43.48µs |             ::1 | OPTIONS  "/api/v1/queue-summaries"
[GIN] 2025/10/16 - 19:46:15 | 204 |      12.057µs |             ::1 | OPTIONS  "/api/v1/queue/station-ksar-hlel"
::1 - [16/Oct/2025:19:46:15 +0100] "GET /api/v1/queue-summaries HTTP/1.1 200 3.081469ms "Mozilla/5.0 (X11; Linux x86_64) AppleWebKit/537.36 (KHTML, like Gecko) louaj-desktop/0.0.0 Chrome/124.0.6367.243 Electron/30.5.1 Safari/537.36" "
[GIN] 2025/10/16 - 19:46:15 | 200 |    3.224914ms |             ::1 | GET      "/api/v1/queue-summaries"
::1 - [16/Oct/2025:19:46:15 +0100] "GET /api/v1/queue/station-ksar-hlel HTTP/1.1 200 3.019423ms "Mozilla/5.0 (X11; Linux x86_64) AppleWebKit/537.36 (KHTML, like Gecko) louaj-desktop/0.0.0 Chrome/124.0.6367.243 Electron/30.5.1 Safari/537.36" "
[GIN] 2025/10/16 - 19:46:15 | 200 |    3.219528ms |             ::1 | GET      "/api/v1/queue/station-ksar-hlel"
[GIN] 2025/10/16 - 19:46:39 | 204 |      37.906µs |             ::1 | OPTIONS  "/api/v1/queue-summaries"
[GIN] 2025/10/16 - 19:46:39 | 204 |      10.622µs |             ::1 | OPTIONS  "/api/v1/queue/station-ksar-hlel"
::1 - [16/Oct/2025:19:46:39 +0100] "GET /api/v1/queue-summaries HTTP/1.1 200 1.763706ms "Mozilla/5.0 (X11; Linux x86_64) AppleWebKit/537.36 (KHTML, like Gecko) louaj-desktop/0.0.0 Chrome/124.0.6367.243 Electron/30.5.1 Safari/537.36" "
[GIN] 2025/10/16 - 19:46:39 | 200 |     1.93033ms |             ::1 | GET      "/api/v1/queue-summaries"
::1 - [16/Oct/2025:19:46:39 +0100] "GET /api/v1/queue/station-ksar-hlel HTTP/1.1 200 3.738451ms "Mozilla/5.0 (X11; Linux x86_64) AppleWebKit/537.36 (KHTML, like Gecko) louaj-desktop/0.0.0 Chrome/124.0.6367.243 Electron/30.5.1 Safari/537.36" "
[GIN] 2025/10/16 - 19:46:39 | 200 |    3.993091ms |             ::1 | GET      "/api/v1/queue/station-ksar-hlel"
[GIN] 2025/10/16 - 19:46:44 | 204 |       79.13µs |             ::1 | OPTIONS  "/api/v1/queue-summaries"
[GIN] 2025/10/16 - 19:46:44 | 204 |      16.062µs |             ::1 | OPTIONS  "/api/v1/queue-summaries"
::1 - [16/Oct/2025:19:46:44 +0100] "GET /api/v1/queue-summaries HTTP/1.1 200 3.055276ms "Mozilla/5.0 (X11; Linux x86_64) AppleWebKit/537.36 (KHTML, like Gecko) louaj-desktop/0.0.0 Chrome/124.0.6367.243 Electron/30.5.1 Safari/537.36" "
[GIN] 2025/10/16 - 19:46:44 | 200 |    3.371355ms |             ::1 | GET      "/api/v1/queue-summaries"
::1 - [16/Oct/2025:19:46:44 +0100] "GET /api/v1/queue-summaries HTTP/1.1 200 2.726736ms "Mozilla/5.0 (X11; Linux x86_64) AppleWebKit/537.36 (KHTML, like Gecko) louaj-desktop/0.0.0 Chrome/124.0.6367.243 Electron/30.5.1 Safari/537.36" "
[GIN] 2025/10/16 - 19:46:44 | 200 |    3.290949ms |             ::1 | GET      "/api/v1/queue-summaries"
::1 - [16/Oct/2025:19:46:47 +0100] "GET /api/v1/queue-summaries HTTP/1.1 200 1.142971ms "Mozilla/5.0 (X11; Linux x86_64) AppleWebKit/537.36 (KHTML, like Gecko) louaj-desktop/0.0.0 Chrome/124.0.6367.243 Electron/30.5.1 Safari/537.36" "
[GIN] 2025/10/16 - 19:46:47 | 200 |    1.267542ms |             ::1 | GET      "/api/v1/queue-summaries"
[GIN] 2025/10/16 - 19:47:06 | 204 |      19.238µs |             ::1 | OPTIONS  "/api/v1/queue-summaries"
::1 - [16/Oct/2025:19:47:06 +0100] "GET /api/v1/queue-summaries HTTP/1.1 200 1.813983ms "Mozilla/5.0 (X11; Linux x86_64) AppleWebKit/537.36 (KHTML, like Gecko) louaj-desktop/0.0.0 Chrome/124.0.6367.243 Electron/30.5.1 Safari/537.36" "
[GIN] 2025/10/16 - 19:47:06 | 200 |    2.013138ms |             ::1 | GET      "/api/v1/queue-summaries"
[GIN] 2025/10/16 - 19:48:24 | 204 |      69.448µs |             ::1 | OPTIONS  "/api/v1/queue-summaries"
::1 - [16/Oct/2025:19:48:24 +0100] "GET /api/v1/queue-summaries HTTP/1.1 200 1.684016ms "Mozilla/5.0 (X11; Linux x86_64) AppleWebKit/537.36 (KHTML, like Gecko) louaj-desktop/0.0.0 Chrome/124.0.6367.243 Electron/30.5.1 Safari/537.36" "
[GIN] 2025/10/16 - 19:48:24 | 200 |    1.893871ms |             ::1 | GET      "/api/v1/queue-summaries"
[GIN] 2025/10/16 - 19:48:30 | 204 |      11.489µs |             ::1 | OPTIONS  "/api/v1/queue-summaries"
::1 - [16/Oct/2025:19:48:30 +0100] "GET /api/v1/queue-summaries HTTP/1.1 200 1.220098ms "Mozilla/5.0 (X11; Linux x86_64) AppleWebKit/537.36 (KHTML, like Gecko) louaj-desktop/0.0.0 Chrome/124.0.6367.243 Electron/30.5.1 Safari/537.36" "
[GIN] 2025/10/16 - 19:48:30 | 200 |    1.375564ms |             ::1 | GET      "/api/v1/queue-summaries"
[GIN] 2025/10/16 - 19:48:37 | 204 |      42.712µs |             ::1 | OPTIONS  "/api/v1/queue-summaries"
::1 - [16/Oct/2025:19:48:37 +0100] "GET /api/v1/queue-summaries HTTP/1.1 200 1.697609ms "Mozilla/5.0 (X11; Linux x86_64) AppleWebKit/537.36 (KHTML, like Gecko) louaj-desktop/0.0.0 Chrome/124.0.6367.243 Electron/30.5.1 Safari/537.36" "
[GIN] 2025/10/16 - 19:48:37 | 200 |    1.837614ms |             ::1 | GET      "/api/v1/queue-summaries"
[GIN] 2025/10/16 - 19:48:49 | 204 |      57.378µs |             ::1 | OPTIONS  "/api/v1/queue-summaries"
::1 - [16/Oct/2025:19:48:49 +0100] "GET /api/v1/queue-summaries HTTP/1.1 200 3.753258ms "Mozilla/5.0 (X11; Linux x86_64) AppleWebKit/537.36 (KHTML, like Gecko) louaj-desktop/0.0.0 Chrome/124.0.6367.243 Electron/30.5.1 Safari/537.36" "
[GIN] 2025/10/16 - 19:48:49 | 200 |    3.950784ms |             ::1 | GET      "/api/v1/queue-summaries"
[GIN] 2025/10/16 - 19:48:54 | 204 |      31.925µs |             ::1 | OPTIONS  "/api/v1/queue-summaries"
::1 - [16/Oct/2025:19:48:54 +0100] "GET /api/v1/queue-summaries HTTP/1.1 200 1.416571ms "Mozilla/5.0 (X11; Linux x86_64) AppleWebKit/537.36 (KHTML, like Gecko) louaj-desktop/0.0.0 Chrome/124.0.6367.243 Electron/30.5.1 Safari/537.36" "
[GIN] 2025/10/16 - 19:48:54 | 200 |    1.670424ms |             ::1 | GET      "/api/v1/queue-summaries"
[GIN] 2025/10/16 - 19:50:06 | 204 |      16.946µs |             ::1 | OPTIONS  "/api/v1/queue-summaries"
::1 - [16/Oct/2025:19:50:06 +0100] "GET /api/v1/queue-summaries HTTP/1.1 200 3.703962ms "Mozilla/5.0 (X11; Linux x86_64) AppleWebKit/537.36 (KHTML, like Gecko) louaj-desktop/0.0.0 Chrome/124.0.6367.243 Electron/30.5.1 Safari/537.36" "
[GIN] 2025/10/16 - 19:50:06 | 200 |    3.922246ms |             ::1 | GET      "/api/v1/queue-summaries"
[GIN] 2025/10/16 - 19:50:32 | 204 |      11.809µs |             ::1 | OPTIONS  "/api/v1/queue-summaries"
::1 - [16/Oct/2025:19:50:32 +0100] "GET /api/v1/queue-summaries HTTP/1.1 200 846.792µs "Mozilla/5.0 (X11; Linux x86_64) AppleWebKit/537.36 (KHTML, like Gecko) louaj-desktop/0.0.0 Chrome/124.0.6367.243 Electron/30.5.1 Safari/537.36" "
[GIN] 2025/10/16 - 19:50:32 | 200 |     923.913µs |             ::1 | GET      "/api/v1/queue-summaries"
[GIN] 2025/10/16 - 19:50:59 | 204 |      21.451µs |             ::1 | OPTIONS  "/api/v1/queue-summaries"
::1 - [16/Oct/2025:19:50:59 +0100] "GET /api/v1/queue-summaries HTTP/1.1 200 2.07208ms "Mozilla/5.0 (X11; Linux x86_64) AppleWebKit/537.36 (KHTML, like Gecko) louaj-desktop/0.0.0 Chrome/124.0.6367.243 Electron/30.5.1 Safari/537.36" "
[GIN] 2025/10/16 - 19:50:59 | 200 |    2.194115ms |             ::1 | GET      "/api/v1/queue-summaries"
::1 - [16/Oct/2025:19:51:03 +0100] "GET /api/v1/queue-summaries HTTP/1.1 200 1.408808ms "Mozilla/5.0 (X11; Linux x86_64) AppleWebKit/537.36 (KHTML, like Gecko) louaj-desktop/0.0.0 Chrome/124.0.6367.243 Electron/30.5.1 Safari/537.36" "
[GIN] 2025/10/16 - 19:51:03 | 200 |    1.507547ms |             ::1 | GET      "/api/v1/queue-summaries"
[GIN] 2025/10/16 - 19:51:16 | 204 |       6.007µs |             ::1 | OPTIONS  "/api/v1/queue-summaries"
::1 - [16/Oct/2025:19:51:16 +0100] "GET /api/v1/queue-summaries HTTP/1.1 200 1.103233ms "Mozilla/5.0 (X11; Linux x86_64) AppleWebKit/537.36 (KHTML, like Gecko) louaj-desktop/0.0.0 Chrome/124.0.6367.243 Electron/30.5.1 Safari/537.36" "
[GIN] 2025/10/16 - 19:51:16 | 200 |    1.164184ms |             ::1 | GET      "/api/v1/queue-summaries"
[GIN] 2025/10/16 - 19:51:36 | 204 |      10.929µs |             ::1 | OPTIONS  "/api/v1/queue-summaries"
::1 - [16/Oct/2025:19:51:36 +0100] "GET /api/v1/queue-summaries HTTP/1.1 200 807.395µs "Mozilla/5.0 (X11; Linux x86_64) AppleWebKit/537.36 (KHTML, like Gecko) louaj-desktop/0.0.0 Chrome/124.0.6367.243 Electron/30.5.1 Safari/537.36" "
[GIN] 2025/10/16 - 19:51:36 | 200 |     895.226µs |             ::1 | GET      "/api/v1/queue-summaries"
[GIN] 2025/10/16 - 19:52:30 | 204 |        45.4µs |             ::1 | OPTIONS  "/api/v1/queue-summaries"
::1 - [16/Oct/2025:19:52:30 +0100] "GET /api/v1/queue-summaries HTTP/1.1 200 1.987108ms "Mozilla/5.0 (X11; Linux x86_64) AppleWebKit/537.36 (KHTML, like Gecko) louaj-desktop/0.0.0 Chrome/124.0.6367.243 Electron/30.5.1 Safari/537.36" "
[GIN] 2025/10/16 - 19:52:30 | 200 |    2.147767ms |             ::1 | GET      "/api/v1/queue-summaries"
[GIN] 2025/10/16 - 19:52:37 | 204 |      13.223µs |             ::1 | OPTIONS  "/api/v1/queue-summaries"
::1 - [16/Oct/2025:19:52:37 +0100] "GET /api/v1/queue-summaries HTTP/1.1 200 863.754µs "Mozilla/5.0 (X11; Linux x86_64) AppleWebKit/537.36 (KHTML, like Gecko) louaj-desktop/0.0.0 Chrome/124.0.6367.243 Electron/30.5.1 Safari/537.36" "
[GIN] 2025/10/16 - 19:52:37 | 200 |     936.215µs |             ::1 | GET      "/api/v1/queue-summaries"
[GIN] 2025/10/16 - 19:52:55 | 204 |      17.477µs |             ::1 | OPTIONS  "/api/v1/queue-summaries"
[GIN] 2025/10/16 - 19:52:55 | 204 |      27.752µs |             ::1 | OPTIONS  "/api/v1/queue-summaries"
::1 - [16/Oct/2025:19:52:55 +0100] "GET /api/v1/queue-summaries HTTP/1.1 200 3.603337ms "Mozilla/5.0 (X11; Linux x86_64) AppleWebKit/537.36 (KHTML, like Gecko) louaj-desktop/0.0.0 Chrome/124.0.6367.243 Electron/30.5.1 Safari/537.36" "
[GIN] 2025/10/16 - 19:52:55 | 200 |    3.808371ms |             ::1 | GET      "/api/v1/queue-summaries"
::1 - [16/Oct/2025:19:52:55 +0100] "GET /api/v1/queue-summaries HTTP/1.1 200 1.269823ms "Mozilla/5.0 (X11; Linux x86_64) AppleWebKit/537.36 (KHTML, like Gecko) louaj-desktop/0.0.0 Chrome/124.0.6367.243 Electron/30.5.1 Safari/537.36" "
[GIN] 2025/10/16 - 19:52:55 | 200 |    1.421394ms |             ::1 | GET      "/api/v1/queue-summaries"
[GIN] 2025/10/16 - 19:53:12 | 204 |      28.686µs |             ::1 | OPTIONS  "/api/v1/queue-summaries"
::1 - [16/Oct/2025:19:53:12 +0100] "GET /api/v1/queue-summaries HTTP/1.1 401 141.461µs "Mozilla/5.0 (X11; Linux x86_64) AppleWebKit/537.36 (KHTML, like Gecko) louaj-desktop/0.0.0 Chrome/124.0.6367.243 Electron/30.5.1 Safari/537.36" "
[GIN] 2025/10/16 - 19:53:12 | 401 |     660.836µs |             ::1 | GET      "/api/v1/queue-summaries"
[GIN] 2025/10/16 - 19:53:14 | 204 |      15.474µs |             ::1 | OPTIONS  "/api/v1/queue/station-moknin"
::1 - [16/Oct/2025:19:53:14 +0100] "GET /api/v1/queue/station-moknin HTTP/1.1 200 2.38357ms "Mozilla/5.0 (X11; Linux x86_64) AppleWebKit/537.36 (KHTML, like Gecko) louaj-desktop/0.0.0 Chrome/124.0.6367.243 Electron/30.5.1 Safari/537.36" "
[GIN] 2025/10/16 - 19:53:14 | 200 |    2.635012ms |             ::1 | GET      "/api/v1/queue/station-moknin"
[GIN] 2025/10/16 - 19:53:15 | 204 |      13.357µs |             ::1 | OPTIONS  "/api/v1/queue/station-ksar-hlel"
::1 - [16/Oct/2025:19:53:15 +0100] "GET /api/v1/queue/station-ksar-hlel HTTP/1.1 200 1.900168ms "Mozilla/5.0 (X11; Linux x86_64) AppleWebKit/537.36 (KHTML, like Gecko) louaj-desktop/0.0.0 Chrome/124.0.6367.243 Electron/30.5.1 Safari/537.36" "
[GIN] 2025/10/16 - 19:53:15 | 200 |    1.972137ms |             ::1 | GET      "/api/v1/queue/station-ksar-hlel"
[GIN] 2025/10/16 - 19:53:45 | 204 |       5.501µs |             ::1 | OPTIONS  "/api/v1/vehicles/0815e14d-a7ae-404a-9c16-353626398e6f/authorized-routes"
::1 - [16/Oct/2025:19:53:45 +0100] "GET /api/v1/vehicles/0815e14d-a7ae-404a-9c16-353626398e6f/authorized-routes HTTP/1.1 200 1.955635ms "Mozilla/5.0 (X11; Linux x86_64) AppleWebKit/537.36 (KHTML, like Gecko) louaj-desktop/0.0.0 Chrome/124.0.6367.243 Electron/30.5.1 Safari/537.36" "
[GIN] 2025/10/16 - 19:53:45 | 200 |    2.056769ms |             ::1 | GET      "/api/v1/vehicles/0815e14d-a7ae-404a-9c16-353626398e6f/authorized-routes"
[GIN] 2025/10/16 - 19:53:59 | 204 |       16.65µs |             ::1 | OPTIONS  "/api/v1/queue-summaries"
[GIN] 2025/10/16 - 19:53:59 | 204 |      11.597µs |             ::1 | OPTIONS  "/api/v1/queue-summaries"
::1 - [16/Oct/2025:19:53:59 +0100] "GET /api/v1/queue-summaries HTTP/1.1 401 25.321µs "Mozilla/5.0 (X11; Linux x86_64) AppleWebKit/537.36 (KHTML, like Gecko) louaj-desktop/0.0.0 Chrome/124.0.6367.243 Electron/30.5.1 Safari/537.36" "
[GIN] 2025/10/16 - 19:53:59 | 401 |       237.8µs |             ::1 | GET      "/api/v1/queue-summaries"
::1 - [16/Oct/2025:19:53:59 +0100] "GET /api/v1/queue-summaries HTTP/1.1 401 30.704µs "Mozilla/5.0 (X11; Linux x86_64) AppleWebKit/537.36 (KHTML, like Gecko) louaj-desktop/0.0.0 Chrome/124.0.6367.243 Electron/30.5.1 Safari/537.36" "
[GIN] 2025/10/16 - 19:53:59 | 401 |     103.225µs |             ::1 | GET      "/api/v1/queue-summaries"
[GIN] 2025/10/16 - 19:55:47 | 204 |      49.258µs |             ::1 | OPTIONS  "/api/v1/queue-summaries"
[GIN] 2025/10/16 - 19:55:47 | 204 |       7.453µs |             ::1 | OPTIONS  "/api/v1/queue-summaries"
::1 - [16/Oct/2025:19:55:47 +0100] "GET /api/v1/queue-summaries HTTP/1.1 401 42.188µs "Mozilla/5.0 (X11; Linux x86_64) AppleWebKit/537.36 (KHTML, like Gecko) louaj-desktop/0.0.0 Chrome/124.0.6367.243 Electron/30.5.1 Safari/537.36" "
[GIN] 2025/10/16 - 19:55:47 | 401 |     179.409µs |             ::1 | GET      "/api/v1/queue-summaries"
::1 - [16/Oct/2025:19:55:47 +0100] "GET /api/v1/queue-summaries HTTP/1.1 401 64.192µs "Mozilla/5.0 (X11; Linux x86_64) AppleWebKit/537.36 (KHTML, like Gecko) louaj-desktop/0.0.0 Chrome/124.0.6367.243 Electron/30.5.1 Safari/537.36" "
[GIN] 2025/10/16 - 19:55:47 | 401 |     273.581µs |             ::1 | GET      "/api/v1/queue-summaries"
[GIN] 2025/10/16 - 19:55:53 | 204 |       5.901µs |             ::1 | OPTIONS  "/api/v1/queue-summaries"
::1 - [16/Oct/2025:19:55:53 +0100] "GET /api/v1/queue-summaries HTTP/1.1 401 18.022µs "Mozilla/5.0 (X11; Linux x86_64) AppleWebKit/537.36 (KHTML, like Gecko) louaj-desktop/0.0.0 Chrome/124.0.6367.243 Electron/30.5.1 Safari/537.36" "
[GIN] 2025/10/16 - 19:55:53 | 401 |       77.15µs |             ::1 | GET      "/api/v1/queue-summaries"
[GIN] 2025/10/16 - 19:59:03 | 204 |       17.44µs |             ::1 | OPTIONS  "/api/v1/queue-summaries"
::1 - [16/Oct/2025:19:59:03 +0100] "GET /api/v1/queue-summaries HTTP/1.1 401 50.697µs "Mozilla/5.0 (X11; Linux x86_64) AppleWebKit/537.36 (KHTML, like Gecko) louaj-desktop/0.0.0 Chrome/124.0.6367.243 Electron/30.5.1 Safari/537.36" "
[GIN] 2025/10/16 - 19:59:03 | 401 |     173.889µs |             ::1 | GET      "/api/v1/queue-summaries"
[GIN] 2025/10/16 - 19:59:18 | 204 |      15.909µs |             ::1 | OPTIONS  "/api/v1/queue-summaries"
::1 - [16/Oct/2025:19:59:18 +0100] "GET /api/v1/queue-summaries HTTP/1.1 401 152.774µs "Mozilla/5.0 (X11; Linux x86_64) AppleWebKit/537.36 (KHTML, like Gecko) louaj-desktop/0.0.0 Chrome/124.0.6367.243 Electron/30.5.1 Safari/537.36" "
[GIN] 2025/10/16 - 19:59:18 | 401 |     418.001µs |             ::1 | GET      "/api/v1/queue-summaries"
::1 - [16/Oct/2025:19:59:54 +0100] "GET /health HTTP/1.1 200 341.597µs "Mozilla/5.0 (X11; Linux x86_64) AppleWebKit/537.36 (KHTML, like Gecko) louaj-desktop/0.0.0 Chrome/124.0.6367.243 Electron/30.5.1 Safari/537.36" "
[GIN] 2025/10/16 - 19:59:54 | 200 |     453.568µs |             ::1 | GET      "/health"
::1 - [16/Oct/2025:19:59:54 +0100] "GET /health HTTP/1.1 200 137.716µs "Mozilla/5.0 (X11; Linux x86_64) AppleWebKit/537.36 (KHTML, like Gecko) louaj-desktop/0.0.0 Chrome/124.0.6367.243 Electron/30.5.1 Safari/537.36" "
[GIN] 2025/10/16 - 19:59:54 | 200 |     316.062µs |             ::1 | GET      "/health"
[GIN] 2025/10/16 - 19:59:54 | 204 |      25.658µs |             ::1 | OPTIONS  "/api/v1/queue-summaries"
[GIN] 2025/10/16 - 19:59:54 | 204 |      17.888µs |             ::1 | OPTIONS  "/api/v1/queue-summaries"
::1 - [16/Oct/2025:19:59:54 +0100] "GET /api/v1/queue-summaries HTTP/1.1 200 1.674552ms "Mozilla/5.0 (X11; Linux x86_64) AppleWebKit/537.36 (KHTML, like Gecko) louaj-desktop/0.0.0 Chrome/124.0.6367.243 Electron/30.5.1 Safari/537.36" "
[GIN] 2025/10/16 - 19:59:54 | 200 |    1.829564ms |             ::1 | GET      "/api/v1/queue-summaries"
::1 - [16/Oct/2025:19:59:54 +0100] "GET /api/v1/queue-summaries HTTP/1.1 200 1.141163ms "Mozilla/5.0 (X11; Linux x86_64) AppleWebKit/537.36 (KHTML, like Gecko) louaj-desktop/0.0.0 Chrome/124.0.6367.243 Electron/30.5.1 Safari/537.36" "
[GIN] 2025/10/16 - 19:59:54 | 200 |    1.323867ms |             ::1 | GET      "/api/v1/queue-summaries"
[GIN] 2025/10/16 - 20:01:30 | 204 |      31.271µs |             ::1 | OPTIONS  "/api/v1/queue-summaries"
::1 - [16/Oct/2025:20:01:30 +0100] "GET /api/v1/queue-summaries HTTP/1.1 200 3.482832ms "Mozilla/5.0 (X11; Linux x86_64) AppleWebKit/537.36 (KHTML, like Gecko) louaj-desktop/0.0.0 Chrome/124.0.6367.243 Electron/30.5.1 Safari/537.36" "
[GIN] 2025/10/16 - 20:01:30 | 200 |    3.998535ms |             ::1 | GET      "/api/v1/queue-summaries"
[GIN] 2025/10/16 - 20:01:41 | 204 |      66.034µs |             ::1 | OPTIONS  "/api/v1/queue-summaries"
::1 - [16/Oct/2025:20:01:41 +0100] "GET /api/v1/queue-summaries HTTP/1.1 200 1.634105ms "Mozilla/5.0 (X11; Linux x86_64) AppleWebKit/537.36 (KHTML, like Gecko) louaj-desktop/0.0.0 Chrome/124.0.6367.243 Electron/30.5.1 Safari/537.36" "
[GIN] 2025/10/16 - 20:01:41 | 200 |    1.767871ms |             ::1 | GET      "/api/v1/queue-summaries"
::1 - [16/Oct/2025:20:02:01 +0100] "GET /health HTTP/1.1 200 34.181µs "Mozilla/5.0 (X11; Linux x86_64) AppleWebKit/537.36 (KHTML, like Gecko) louaj-desktop/0.0.0 Chrome/124.0.6367.243 Electron/30.5.1 Safari/537.36" "
[GIN] 2025/10/16 - 20:02:01 | 200 |       77.52µs |             ::1 | GET      "/health"
::1 - [16/Oct/2025:20:02:01 +0100] "GET /health HTTP/1.1 200 35.106µs "Mozilla/5.0 (X11; Linux x86_64) AppleWebKit/537.36 (KHTML, like Gecko) louaj-desktop/0.0.0 Chrome/124.0.6367.243 Electron/30.5.1 Safari/537.36" "
[GIN] 2025/10/16 - 20:02:01 | 200 |     109.315µs |             ::1 | GET      "/health"
[GIN] 2025/10/16 - 20:02:01 | 204 |       9.799µs |             ::1 | OPTIONS  "/api/v1/queue-summaries"
[GIN] 2025/10/16 - 20:02:01 | 204 |      15.285µs |             ::1 | OPTIONS  "/api/v1/queue-summaries"
::1 - [16/Oct/2025:20:02:01 +0100] "GET /api/v1/queue-summaries HTTP/1.1 200 1.734898ms "Mozilla/5.0 (X11; Linux x86_64) AppleWebKit/537.36 (KHTML, like Gecko) louaj-desktop/0.0.0 Chrome/124.0.6367.243 Electron/30.5.1 Safari/537.36" "
[GIN] 2025/10/16 - 20:02:01 | 200 |     1.87432ms |             ::1 | GET      "/api/v1/queue-summaries"
::1 - [16/Oct/2025:20:02:01 +0100] "GET /api/v1/queue-summaries HTTP/1.1 200 696.517µs "Mozilla/5.0 (X11; Linux x86_64) AppleWebKit/537.36 (KHTML, like Gecko) louaj-desktop/0.0.0 Chrome/124.0.6367.243 Electron/30.5.1 Safari/537.36" "
[GIN] 2025/10/16 - 20:02:01 | 200 |      783.29µs |             ::1 | GET      "/api/v1/queue-summaries"
::1 - [16/Oct/2025:20:02:22 +0100] "GET /health HTTP/1.1 200 31.562µs "Mozilla/5.0 (X11; Linux x86_64) AppleWebKit/537.36 (KHTML, like Gecko) louaj-desktop/0.0.0 Chrome/124.0.6367.243 Electron/30.5.1 Safari/537.36" "
[GIN] 2025/10/16 - 20:02:22 | 200 |      130.67µs |             ::1 | GET      "/health"
::1 - [16/Oct/2025:20:02:22 +0100] "GET /health HTTP/1.1 200 83.829µs "Mozilla/5.0 (X11; Linux x86_64) AppleWebKit/537.36 (KHTML, like Gecko) louaj-desktop/0.0.0 Chrome/124.0.6367.243 Electron/30.5.1 Safari/537.36" "
[GIN] 2025/10/16 - 20:02:22 | 200 |     320.258µs |             ::1 | GET      "/health"
[GIN] 2025/10/16 - 20:02:25 | 204 |      17.478µs |             ::1 | OPTIONS  "/api/v1/queue-summaries"
[GIN] 2025/10/16 - 20:02:25 | 204 |        6.52µs |             ::1 | OPTIONS  "/api/v1/queue-summaries"
::1 - [16/Oct/2025:20:02:25 +0100] "GET /api/v1/queue-summaries HTTP/1.1 200 1.12731ms "Mozilla/5.0 (X11; Linux x86_64) AppleWebKit/537.36 (KHTML, like Gecko) louaj-desktop/0.0.0 Chrome/124.0.6367.243 Electron/30.5.1 Safari/537.36" "
[GIN] 2025/10/16 - 20:02:25 | 200 |    1.205224ms |             ::1 | GET      "/api/v1/queue-summaries"
::1 - [16/Oct/2025:20:02:25 +0100] "GET /api/v1/queue-summaries HTTP/1.1 200 443.311µs "Mozilla/5.0 (X11; Linux x86_64) AppleWebKit/537.36 (KHTML, like Gecko) louaj-desktop/0.0.0 Chrome/124.0.6367.243 Electron/30.5.1 Safari/537.36" "
[GIN] 2025/10/16 - 20:02:25 | 200 |     475.204µs |             ::1 | GET      "/api/v1/queue-summaries"
[GIN] 2025/10/16 - 20:02:39 | 204 |       5.432µs |             ::1 | OPTIONS  "/api/v1/queue/station-moknin"
::1 - [16/Oct/2025:20:02:39 +0100] "GET /api/v1/queue/station-moknin HTTP/1.1 200 1.964661ms "Mozilla/5.0 (X11; Linux x86_64) AppleWebKit/537.36 (KHTML, like Gecko) louaj-desktop/0.0.0 Chrome/124.0.6367.243 Electron/30.5.1 Safari/537.36" "
[GIN] 2025/10/16 - 20:02:39 | 200 |    2.030744ms |             ::1 | GET      "/api/v1/queue/station-moknin"
[GIN] 2025/10/16 - 20:02:40 | 204 |        8.94µs |             ::1 | OPTIONS  "/api/v1/queue/station-teboulba"
::1 - [16/Oct/2025:20:02:40 +0100] "GET /api/v1/queue/station-teboulba HTTP/1.1 200 4.668036ms "Mozilla/5.0 (X11; Linux x86_64) AppleWebKit/537.36 (KHTML, like Gecko) louaj-desktop/0.0.0 Chrome/124.0.6367.243 Electron/30.5.1 Safari/537.36" "
[GIN] 2025/10/16 - 20:02:40 | 200 |    4.826214ms |             ::1 | GET      "/api/v1/queue/station-teboulba"
[GIN] 2025/10/16 - 20:02:41 | 204 |      27.078µs |             ::1 | OPTIONS  "/api/v1/queue/station-ksar-hlel"
::1 - [16/Oct/2025:20:02:41 +0100] "GET /api/v1/queue/station-ksar-hlel HTTP/1.1 200 4.198803ms "Mozilla/5.0 (X11; Linux x86_64) AppleWebKit/537.36 (KHTML, like Gecko) louaj-desktop/0.0.0 Chrome/124.0.6367.243 Electron/30.5.1 Safari/537.36" "
[GIN] 2025/10/16 - 20:02:41 | 200 |    4.370917ms |             ::1 | GET      "/api/v1/queue/station-ksar-hlel"
[GIN] 2025/10/16 - 20:02:41 | 204 |      36.823µs |             ::1 | OPTIONS  "/api/v1/queue/station-jemmal"
::1 - [16/Oct/2025:20:02:41 +0100] "GET /api/v1/queue/station-jemmal HTTP/1.1 200 3.246309ms "Mozilla/5.0 (X11; Linux x86_64) AppleWebKit/537.36 (KHTML, like Gecko) louaj-desktop/0.0.0 Chrome/124.0.6367.243 Electron/30.5.1 Safari/537.36" "
[GIN] 2025/10/16 - 20:02:41 | 200 |    3.393763ms |             ::1 | GET      "/api/v1/queue/station-jemmal"
::1 - [16/Oct/2025:20:02:43 +0100] "GET /api/v1/queue/station-ksar-hlel HTTP/1.1 200 1.921318ms "Mozilla/5.0 (X11; Linux x86_64) AppleWebKit/537.36 (KHTML, like Gecko) louaj-desktop/0.0.0 Chrome/124.0.6367.243 Electron/30.5.1 Safari/537.36" "
[GIN] 2025/10/16 - 20:02:43 | 200 |    1.986399ms |             ::1 | GET      "/api/v1/queue/station-ksar-hlel"
[GIN] 2025/10/16 - 20:02:48 | 204 |       7.218µs |             ::1 | OPTIONS  "/api/v1/queue/station-jemmal"
::1 - [16/Oct/2025:20:02:48 +0100] "GET /api/v1/queue/station-jemmal HTTP/1.1 200 1.609504ms "Mozilla/5.0 (X11; Linux x86_64) AppleWebKit/537.36 (KHTML, like Gecko) louaj-desktop/0.0.0 Chrome/124.0.6367.243 Electron/30.5.1 Safari/537.36" "
[GIN] 2025/10/16 - 20:02:48 | 200 |     1.77392ms |             ::1 | GET      "/api/v1/queue/station-jemmal"
[GIN] 2025/10/16 - 20:02:58 | 204 |      16.648µs |             ::1 | OPTIONS  "/api/v1/queue-summaries"
[GIN] 2025/10/16 - 20:02:58 | 204 |      11.653µs |             ::1 | OPTIONS  "/api/v1/queue/station-jemmal"
::1 - [16/Oct/2025:20:02:58 +0100] "GET /api/v1/queue/station-jemmal HTTP/1.1 200 2.6596ms "Mozilla/5.0 (X11; Linux x86_64) AppleWebKit/537.36 (KHTML, like Gecko) louaj-desktop/0.0.0 Chrome/124.0.6367.243 Electron/30.5.1 Safari/537.36" "
[GIN] 2025/10/16 - 20:02:58 | 200 |    2.827763ms |             ::1 | GET      "/api/v1/queue/station-jemmal"
::1 - [16/Oct/2025:20:02:58 +0100] "GET /api/v1/queue-summaries HTTP/1.1 200 4.956726ms "Mozilla/5.0 (X11; Linux x86_64) AppleWebKit/537.36 (KHTML, like Gecko) louaj-desktop/0.0.0 Chrome/124.0.6367.243 Electron/30.5.1 Safari/537.36" "
[GIN] 2025/10/16 - 20:02:58 | 200 |    5.004913ms |             ::1 | GET      "/api/v1/queue-summaries"
