nohup: ignoring input
2025/10/19 21:55:53 WebSocket Hub starting on port 8004
::1 - [19/Oct/2025:21:57:16 +0100] "GET /health HTTP/1.1 200 39.28µs "Mozilla/5.0 (X11; Linux x86_64) AppleWebKit/537.36 (KHTML, like Gecko) louaj-desktop/0.1.0 Chrome/124.0.6367.243 Electron/30.5.1 Safari/537.36" "
[GIN] 2025/10/19 - 21:57:16 | 200 |      91.812µs |             ::1 | GET      "/health"
::1 - [19/Oct/2025:21:57:16 +0100] "GET /health HTTP/1.1 200 182.036µs "Mozilla/5.0 (X11; Linux x86_64) AppleWebKit/537.36 (KHTML, like Gecko) louaj-desktop/0.1.0 Chrome/124.0.6367.243 Electron/30.5.1 Safari/537.36" "
[GIN] 2025/10/19 - 21:57:16 | 200 |     406.185µs |             ::1 | GET      "/health"
127.0.0.1 - [19/Oct/2025:21:58:48 +0100] "GET /health HTTP/1.1 200 27.37µs "curl/7.81.0" "
[GIN] 2025/10/19 - 21:58:48 | 200 |      77.929µs |       127.0.0.1 | GET      "/health"
::1 - [19/Oct/2025:21:58:58 +0100] "GET /health HTTP/1.1 200 59.223µs "Mozilla/5.0 (X11; Linux x86_64) AppleWebKit/537.36 (KHTML, like Gecko) louaj-desktop/0.1.0 Chrome/124.0.6367.243 Electron/30.5.1 Safari/537.36" "
[GIN] 2025/10/19 - 21:58:58 | 200 |     190.167µs |             ::1 | GET      "/health"
::1 - [19/Oct/2025:21:58:58 +0100] "GET /health HTTP/1.1 200 13.296µs "Mozilla/5.0 (X11; Linux x86_64) AppleWebKit/537.36 (KHTML, like Gecko) louaj-desktop/0.1.0 Chrome/124.0.6367.243 Electron/30.5.1 Safari/537.36" "
[GIN] 2025/10/19 - 21:58:58 | 200 |      39.033µs |             ::1 | GET      "/health"
::1 - [19/Oct/2025:21:58:59 +0100] "GET /health HTTP/1.1 200 21.393µs "Mozilla/5.0 (X11; Linux x86_64) AppleWebKit/537.36 (KHTML, like Gecko) louaj-desktop/0.1.0 Chrome/124.0.6367.243 Electron/30.5.1 Safari/537.36" "
[GIN] 2025/10/19 - 21:58:59 | 200 |      60.141µs |             ::1 | GET      "/health"
::1 - [19/Oct/2025:21:58:59 +0100] "GET /health HTTP/1.1 200 37.504µs "Mozilla/5.0 (X11; Linux x86_64) AppleWebKit/537.36 (KHTML, like Gecko) louaj-desktop/0.1.0 Chrome/124.0.6367.243 Electron/30.5.1 Safari/537.36" "
[GIN] 2025/10/19 - 21:58:59 | 200 |     105.326µs |             ::1 | GET      "/health"
::1 - [19/Oct/2025:21:59:05 +0100] "GET /health HTTP/1.1 200 26.565µs "Mozilla/5.0 (X11; Linux x86_64) AppleWebKit/537.36 (KHTML, like Gecko) louaj-desktop/0.1.0 Chrome/124.0.6367.243 Electron/30.5.1 Safari/537.36" "
[GIN] 2025/10/19 - 21:59:05 | 200 |      79.526µs |             ::1 | GET      "/health"
::1 - [19/Oct/2025:21:59:05 +0100] "GET /health HTTP/1.1 200 52.623µs "Mozilla/5.0 (X11; Linux x86_64) AppleWebKit/537.36 (KHTML, like Gecko) louaj-desktop/0.1.0 Chrome/124.0.6367.243 Electron/30.5.1 Safari/537.36" "
[GIN] 2025/10/19 - 21:59:05 | 200 |     150.208µs |             ::1 | GET      "/health"
::1 - [19/Oct/2025:21:59:05 +0100] "GET /health HTTP/1.1 200 31.013µs "Mozilla/5.0 (X11; Linux x86_64) AppleWebKit/537.36 (KHTML, like Gecko) louaj-desktop/0.1.0 Chrome/124.0.6367.243 Electron/30.5.1 Safari/537.36" "
[GIN] 2025/10/19 - 21:59:05 | 200 |       77.34µs |             ::1 | GET      "/health"
::1 - [19/Oct/2025:21:59:05 +0100] "GET /health HTTP/1.1 200 36.458µs "Mozilla/5.0 (X11; Linux x86_64) AppleWebKit/537.36 (KHTML, like Gecko) louaj-desktop/0.1.0 Chrome/124.0.6367.243 Electron/30.5.1 Safari/537.36" "
[GIN] 2025/10/19 - 21:59:05 | 200 |      95.305µs |             ::1 | GET      "/health"
::1 - [19/Oct/2025:21:59:05 +0100] "GET /health HTTP/1.1 200 21.269µs "Mozilla/5.0 (X11; Linux x86_64) AppleWebKit/537.36 (KHTML, like Gecko) louaj-desktop/0.1.0 Chrome/124.0.6367.243 Electron/30.5.1 Safari/537.36" "
[GIN] 2025/10/19 - 21:59:05 | 200 |      66.966µs |             ::1 | GET      "/health"
::1 - [19/Oct/2025:21:59:05 +0100] "GET /health HTTP/1.1 200 127.983µs "Mozilla/5.0 (X11; Linux x86_64) AppleWebKit/537.36 (KHTML, like Gecko) louaj-desktop/0.1.0 Chrome/124.0.6367.243 Electron/30.5.1 Safari/537.36" "
[GIN] 2025/10/19 - 21:59:05 | 200 |     182.323µs |             ::1 | GET      "/health"
::1 - [19/Oct/2025:21:59:06 +0100] "GET /health HTTP/1.1 200 20.269µs "Mozilla/5.0 (X11; Linux x86_64) AppleWebKit/537.36 (KHTML, like Gecko) louaj-desktop/0.1.0 Chrome/124.0.6367.243 Electron/30.5.1 Safari/537.36" "
[GIN] 2025/10/19 - 21:59:06 | 200 |      71.977µs |             ::1 | GET      "/health"
::1 - [19/Oct/2025:21:59:06 +0100] "GET /health HTTP/1.1 200 21.599µs "Mozilla/5.0 (X11; Linux x86_64) AppleWebKit/537.36 (KHTML, like Gecko) louaj-desktop/0.1.0 Chrome/124.0.6367.243 Electron/30.5.1 Safari/537.36" "
[GIN] 2025/10/19 - 21:59:06 | 200 |      69.926µs |             ::1 | GET      "/health"
::1 - [19/Oct/2025:22:02:34 +0100] "GET /health HTTP/1.1 200 25.528µs "Mozilla/5.0 (X11; Linux x86_64) AppleWebKit/537.36 (KHTML, like Gecko) louaj-desktop/0.1.0 Chrome/124.0.6367.243 Electron/30.5.1 Safari/537.36" "
[GIN] 2025/10/19 - 22:02:34 | 200 |      68.478µs |             ::1 | GET      "/health"
::1 - [19/Oct/2025:22:02:34 +0100] "GET /health HTTP/1.1 200 30.288µs "Mozilla/5.0 (X11; Linux x86_64) AppleWebKit/537.36 (KHTML, like Gecko) louaj-desktop/0.1.0 Chrome/124.0.6367.243 Electron/30.5.1 Safari/537.36" "
[GIN] 2025/10/19 - 22:02:34 | 200 |      93.866µs |             ::1 | GET      "/health"
::1 - [19/Oct/2025:22:02:34 +0100] "GET /ws/queue/station-jemmal?token=eyJhbGciOiJIUzI1NiIsInR5cCI6IkpXVCJ9.eyJleHAiOjE3NjA5Mjg1NzcsImZpcnN0X25hbWUiOiJVc2VyIiwiaWF0IjoxNzYwODQyMTc3LCJsYXN0X25hbWUiOiJJdmFuIiwic3RhZmZfaWQiOiJzdGFmZl8xNzU4OTk1NDI4MzYzXzJuaGZlZ3N2ZSJ9.fTiMkqXehqBg6ybTFilSm8M7H_aeJsJgMC-uJQ0JcwU HTTP/1.1 200 336.325µs "Mozilla/5.0 (X11; Linux x86_64) AppleWebKit/537.36 (KHTML, like Gecko) louaj-desktop/0.1.0 Chrome/124.0.6367.243 Electron/30.5.1 Safari/537.36" "
2025/10/19 22:02:34 Client registered for station station-jemmal. Total clients: 1
[GIN] 2025/10/19 - 22:02:34 | 200 |     421.619µs |             ::1 | GET      "/ws/queue/station-jemmal?token=eyJhbGciOiJIUzI1NiIsInR5cCI6IkpXVCJ9.eyJleHAiOjE3NjA5Mjg1NzcsImZpcnN0X25hbWUiOiJVc2VyIiwiaWF0IjoxNzYwODQyMTc3LCJsYXN0X25hbWUiOiJJdmFuIiwic3RhZmZfaWQiOiJzdGFmZl8xNzU4OTk1NDI4MzYzXzJuaGZlZ3N2ZSJ9.fTiMkqXehqBg6ybTFilSm8M7H_aeJsJgMC-uJQ0JcwU"
2025/10/19 22:02:34 Client staff_1758995428363_2nhfegsve subscribed to events: [queue_updated queue_entry_added queue_entry_removed queue_entry_updated queue_reordered day_pass_created exit_pass_created]
2025/10/19 22:02:34 WebSocket error: websocket: close 1005 (no status)
2025/10/19 22:02:34 Client unregistered from station station-jemmal. Total clients: 0
2025/10/19 22:02:34 Client registered for station station-teboulba. Total clients: 1
::1 - [19/Oct/2025:22:02:34 +0100] "GET /ws/queue/station-teboulba?token=eyJhbGciOiJIUzI1NiIsInR5cCI6IkpXVCJ9.eyJleHAiOjE3NjA5Mjg1NzcsImZpcnN0X25hbWUiOiJVc2VyIiwiaWF0IjoxNzYwODQyMTc3LCJsYXN0X25hbWUiOiJJdmFuIiwic3RhZmZfaWQiOiJzdGFmZl8xNzU4OTk1NDI4MzYzXzJuaGZlZ3N2ZSJ9.fTiMkqXehqBg6ybTFilSm8M7H_aeJsJgMC-uJQ0JcwU HTTP/1.1 200 106.265µs "Mozilla/5.0 (X11; Linux x86_64) AppleWebKit/537.36 (KHTML, like Gecko) louaj-desktop/0.1.0 Chrome/124.0.6367.243 Electron/30.5.1 Safari/537.36" "
[GIN] 2025/10/19 - 22:02:34 | 200 |     162.498µs |             ::1 | GET      "/ws/queue/station-teboulba?token=eyJhbGciOiJIUzI1NiIsInR5cCI6IkpXVCJ9.eyJleHAiOjE3NjA5Mjg1NzcsImZpcnN0X25hbWUiOiJVc2VyIiwiaWF0IjoxNzYwODQyMTc3LCJsYXN0X25hbWUiOiJJdmFuIiwic3RhZmZfaWQiOiJzdGFmZl8xNzU4OTk1NDI4MzYzXzJuaGZlZ3N2ZSJ9.fTiMkqXehqBg6ybTFilSm8M7H_aeJsJgMC-uJQ0JcwU"
2025/10/19 22:02:35 Client staff_1758995428363_2nhfegsve subscribed to events: [queue_updated queue_entry_added queue_entry_removed queue_entry_updated queue_reordered day_pass_created exit_pass_created]
2025/10/19 22:03:00 WebSocket error: websocket: close 1005 (no status)
2025/10/19 22:03:00 Client unregistered from station station-teboulba. Total clients: 0
2025/10/19 22:03:00 Client registered for station station-jemmal. Total clients: 1
::1 - [19/Oct/2025:22:03:00 +0100] "GET /ws/queue/station-jemmal?token=eyJhbGciOiJIUzI1NiIsInR5cCI6IkpXVCJ9.eyJleHAiOjE3NjA5Mjg1NzcsImZpcnN0X25hbWUiOiJVc2VyIiwiaWF0IjoxNzYwODQyMTc3LCJsYXN0X25hbWUiOiJJdmFuIiwic3RhZmZfaWQiOiJzdGFmZl8xNzU4OTk1NDI4MzYzXzJuaGZlZ3N2ZSJ9.fTiMkqXehqBg6ybTFilSm8M7H_aeJsJgMC-uJQ0JcwU HTTP/1.1 200 118.767µs "Mozilla/5.0 (X11; Linux x86_64) AppleWebKit/537.36 (KHTML, like Gecko) louaj-desktop/0.1.0 Chrome/124.0.6367.243 Electron/30.5.1 Safari/537.36" "
[GIN] 2025/10/19 - 22:03:00 | 200 |     208.728µs |             ::1 | GET      "/ws/queue/station-jemmal?token=eyJhbGciOiJIUzI1NiIsInR5cCI6IkpXVCJ9.eyJleHAiOjE3NjA5Mjg1NzcsImZpcnN0X25hbWUiOiJVc2VyIiwiaWF0IjoxNzYwODQyMTc3LCJsYXN0X25hbWUiOiJJdmFuIiwic3RhZmZfaWQiOiJzdGFmZl8xNzU4OTk1NDI4MzYzXzJuaGZlZ3N2ZSJ9.fTiMkqXehqBg6ybTFilSm8M7H_aeJsJgMC-uJQ0JcwU"
2025/10/19 22:03:00 Client staff_1758995428363_2nhfegsve subscribed to events: [queue_updated queue_entry_added queue_entry_removed queue_entry_updated queue_reordered day_pass_created exit_pass_created]
2025/10/19 22:03:01 WebSocket error: websocket: close 1005 (no status)
2025/10/19 22:03:01 Client unregistered from station station-jemmal. Total clients: 0
::1 - [19/Oct/2025:22:03:01 +0100] "GET /ws/queue/station-ksar-hlel?token=eyJhbGciOiJIUzI1NiIsInR5cCI6IkpXVCJ9.eyJleHAiOjE3NjA5Mjg1NzcsImZpcnN0X25hbWUiOiJVc2VyIiwiaWF0IjoxNzYwODQyMTc3LCJsYXN0X25hbWUiOiJJdmFuIiwic3RhZmZfaWQiOiJzdGFmZl8xNzU4OTk1NDI4MzYzXzJuaGZlZ3N2ZSJ9.fTiMkqXehqBg6ybTFilSm8M7H_aeJsJgMC-uJQ0JcwU HTTP/1.1 200 179.229µs "Mozilla/5.0 (X11; Linux x86_64) AppleWebKit/537.36 (KHTML, like Gecko) louaj-desktop/0.1.0 Chrome/124.0.6367.243 Electron/30.5.1 Safari/537.36" "
[GIN] 2025/10/19 - 22:03:01 | 200 |     285.255µs |             ::1 | GET      "/ws/queue/station-ksar-hlel?token=eyJhbGciOiJIUzI1NiIsInR5cCI6IkpXVCJ9.eyJleHAiOjE3NjA5Mjg1NzcsImZpcnN0X25hbWUiOiJVc2VyIiwiaWF0IjoxNzYwODQyMTc3LCJsYXN0X25hbWUiOiJJdmFuIiwic3RhZmZfaWQiOiJzdGFmZl8xNzU4OTk1NDI4MzYzXzJuaGZlZ3N2ZSJ9.fTiMkqXehqBg6ybTFilSm8M7H_aeJsJgMC-uJQ0JcwU"
2025/10/19 22:03:01 Client registered for station station-ksar-hlel. Total clients: 1
2025/10/19 22:03:01 Client staff_1758995428363_2nhfegsve subscribed to events: [queue_updated queue_entry_added queue_entry_removed queue_entry_updated queue_reordered day_pass_created exit_pass_created]
2025/10/19 22:03:01 WebSocket error: websocket: close 1005 (no status)
2025/10/19 22:03:01 Client unregistered from station station-ksar-hlel. Total clients: 0
::1 - [19/Oct/2025:22:03:01 +0100] "GET /ws/queue/station-moknin?token=eyJhbGciOiJIUzI1NiIsInR5cCI6IkpXVCJ9.eyJleHAiOjE3NjA5Mjg1NzcsImZpcnN0X25hbWUiOiJVc2VyIiwiaWF0IjoxNzYwODQyMTc3LCJsYXN0X25hbWUiOiJJdmFuIiwic3RhZmZfaWQiOiJzdGFmZl8xNzU4OTk1NDI4MzYzXzJuaGZlZ3N2ZSJ9.fTiMkqXehqBg6ybTFilSm8M7H_aeJsJgMC-uJQ0JcwU HTTP/1.1 200 513.201µs "Mozilla/5.0 (X11; Linux x86_64) AppleWebKit/537.36 (KHTML, like Gecko) louaj-desktop/0.1.0 Chrome/124.0.6367.243 Electron/30.5.1 Safari/537.36" "
2025/10/19 22:03:01 Client registered for station station-moknin. Total clients: 1
[GIN] 2025/10/19 - 22:03:01 | 200 |     655.095µs |             ::1 | GET      "/ws/queue/station-moknin?token=eyJhbGciOiJIUzI1NiIsInR5cCI6IkpXVCJ9.eyJleHAiOjE3NjA5Mjg1NzcsImZpcnN0X25hbWUiOiJVc2VyIiwiaWF0IjoxNzYwODQyMTc3LCJsYXN0X25hbWUiOiJJdmFuIiwic3RhZmZfaWQiOiJzdGFmZl8xNzU4OTk1NDI4MzYzXzJuaGZlZ3N2ZSJ9.fTiMkqXehqBg6ybTFilSm8M7H_aeJsJgMC-uJQ0JcwU"
2025/10/19 22:03:01 Client staff_1758995428363_2nhfegsve subscribed to events: [queue_updated queue_entry_added queue_entry_removed queue_entry_updated queue_reordered day_pass_created exit_pass_created]
2025/10/19 22:03:02 WebSocket error: websocket: close 1005 (no status)
2025/10/19 22:03:02 Client unregistered from station station-moknin. Total clients: 0
2025/10/19 22:03:02 Client registered for station station-teboulba. Total clients: 1
::1 - [19/Oct/2025:22:03:02 +0100] "GET /ws/queue/station-teboulba?token=eyJhbGciOiJIUzI1NiIsInR5cCI6IkpXVCJ9.eyJleHAiOjE3NjA5Mjg1NzcsImZpcnN0X25hbWUiOiJVc2VyIiwiaWF0IjoxNzYwODQyMTc3LCJsYXN0X25hbWUiOiJJdmFuIiwic3RhZmZfaWQiOiJzdGFmZl8xNzU4OTk1NDI4MzYzXzJuaGZlZ3N2ZSJ9.fTiMkqXehqBg6ybTFilSm8M7H_aeJsJgMC-uJQ0JcwU HTTP/1.1 200 213.831µs "Mozilla/5.0 (X11; Linux x86_64) AppleWebKit/537.36 (KHTML, like Gecko) louaj-desktop/0.1.0 Chrome/124.0.6367.243 Electron/30.5.1 Safari/537.36" "
[GIN] 2025/10/19 - 22:03:02 | 200 |     296.473µs |             ::1 | GET      "/ws/queue/station-teboulba?token=eyJhbGciOiJIUzI1NiIsInR5cCI6IkpXVCJ9.eyJleHAiOjE3NjA5Mjg1NzcsImZpcnN0X25hbWUiOiJVc2VyIiwiaWF0IjoxNzYwODQyMTc3LCJsYXN0X25hbWUiOiJJdmFuIiwic3RhZmZfaWQiOiJzdGFmZl8xNzU4OTk1NDI4MzYzXzJuaGZlZ3N2ZSJ9.fTiMkqXehqBg6ybTFilSm8M7H_aeJsJgMC-uJQ0JcwU"
2025/10/19 22:03:02 Client staff_1758995428363_2nhfegsve subscribed to events: [queue_updated queue_entry_added queue_entry_removed queue_entry_updated queue_reordered day_pass_created exit_pass_created]
2025/10/19 22:03:05 WebSocket error: websocket: close 1005 (no status)
2025/10/19 22:03:05 Client unregistered from station station-teboulba. Total clients: 0
2025/10/19 22:03:05 Client registered for station station-ksar-hlel. Total clients: 1
::1 - [19/Oct/2025:22:03:05 +0100] "GET /ws/queue/station-ksar-hlel?token=eyJhbGciOiJIUzI1NiIsInR5cCI6IkpXVCJ9.eyJleHAiOjE3NjA5Mjg1NzcsImZpcnN0X25hbWUiOiJVc2VyIiwiaWF0IjoxNzYwODQyMTc3LCJsYXN0X25hbWUiOiJJdmFuIiwic3RhZmZfaWQiOiJzdGFmZl8xNzU4OTk1NDI4MzYzXzJuaGZlZ3N2ZSJ9.fTiMkqXehqBg6ybTFilSm8M7H_aeJsJgMC-uJQ0JcwU HTTP/1.1 200 192.125µs "Mozilla/5.0 (X11; Linux x86_64) AppleWebKit/537.36 (KHTML, like Gecko) louaj-desktop/0.1.0 Chrome/124.0.6367.243 Electron/30.5.1 Safari/537.36" "
[GIN] 2025/10/19 - 22:03:05 | 200 |      277.74µs |             ::1 | GET      "/ws/queue/station-ksar-hlel?token=eyJhbGciOiJIUzI1NiIsInR5cCI6IkpXVCJ9.eyJleHAiOjE3NjA5Mjg1NzcsImZpcnN0X25hbWUiOiJVc2VyIiwiaWF0IjoxNzYwODQyMTc3LCJsYXN0X25hbWUiOiJJdmFuIiwic3RhZmZfaWQiOiJzdGFmZl8xNzU4OTk1NDI4MzYzXzJuaGZlZ3N2ZSJ9.fTiMkqXehqBg6ybTFilSm8M7H_aeJsJgMC-uJQ0JcwU"
2025/10/19 22:03:05 Client staff_1758995428363_2nhfegsve subscribed to events: [queue_updated queue_entry_added queue_entry_removed queue_entry_updated queue_reordered day_pass_created exit_pass_created]
2025/10/19 22:03:08 WebSocket error: websocket: close 1005 (no status)
2025/10/19 22:03:08 Client unregistered from station station-ksar-hlel. Total clients: 0
2025/10/19 22:03:08 Client registered for station station-jemmal. Total clients: 1
::1 - [19/Oct/2025:22:03:08 +0100] "GET /ws/queue/station-jemmal?token=eyJhbGciOiJIUzI1NiIsInR5cCI6IkpXVCJ9.eyJleHAiOjE3NjA5Mjg1NzcsImZpcnN0X25hbWUiOiJVc2VyIiwiaWF0IjoxNzYwODQyMTc3LCJsYXN0X25hbWUiOiJJdmFuIiwic3RhZmZfaWQiOiJzdGFmZl8xNzU4OTk1NDI4MzYzXzJuaGZlZ3N2ZSJ9.fTiMkqXehqBg6ybTFilSm8M7H_aeJsJgMC-uJQ0JcwU HTTP/1.1 200 139.493µs "Mozilla/5.0 (X11; Linux x86_64) AppleWebKit/537.36 (KHTML, like Gecko) louaj-desktop/0.1.0 Chrome/124.0.6367.243 Electron/30.5.1 Safari/537.36" "
[GIN] 2025/10/19 - 22:03:08 | 200 |     179.241µs |             ::1 | GET      "/ws/queue/station-jemmal?token=eyJhbGciOiJIUzI1NiIsInR5cCI6IkpXVCJ9.eyJleHAiOjE3NjA5Mjg1NzcsImZpcnN0X25hbWUiOiJVc2VyIiwiaWF0IjoxNzYwODQyMTc3LCJsYXN0X25hbWUiOiJJdmFuIiwic3RhZmZfaWQiOiJzdGFmZl8xNzU4OTk1NDI4MzYzXzJuaGZlZ3N2ZSJ9.fTiMkqXehqBg6ybTFilSm8M7H_aeJsJgMC-uJQ0JcwU"
2025/10/19 22:03:08 Client staff_1758995428363_2nhfegsve subscribed to events: [queue_updated queue_entry_added queue_entry_removed queue_entry_updated queue_reordered day_pass_created exit_pass_created]
::1 - [19/Oct/2025:22:07:23 +0100] "GET /health HTTP/1.1 200 38.119µs "Mozilla/5.0 (X11; Linux x86_64) AppleWebKit/537.36 (KHTML, like Gecko) supervisor-desktop/0.1.0 Chrome/124.0.6367.243 Electron/30.5.1 Safari/537.36" "
[GIN] 2025/10/19 - 22:07:23 | 200 |      78.999µs |             ::1 | GET      "/health"
::1 - [19/Oct/2025:22:07:23 +0100] "GET /health HTTP/1.1 200 28.583µs "Mozilla/5.0 (X11; Linux x86_64) AppleWebKit/537.36 (KHTML, like Gecko) supervisor-desktop/0.1.0 Chrome/124.0.6367.243 Electron/30.5.1 Safari/537.36" "
[GIN] 2025/10/19 - 22:07:23 | 200 |      65.361µs |             ::1 | GET      "/health"
2025/10/19 22:23:09 Client unregistered from station station-jemmal. Total clients: 0
::1 - [19/Oct/2025:22:23:09 +0100] "GET /health HTTP/1.1 200 37.093µs "Mozilla/5.0 (X11; Linux x86_64) AppleWebKit/537.36 (KHTML, like Gecko) louaj-desktop/0.1.0 Chrome/124.0.6367.243 Electron/30.5.1 Safari/537.36" "
[GIN] 2025/10/19 - 22:23:09 | 200 |       144.7µs |             ::1 | GET      "/health"
::1 - [19/Oct/2025:22:23:09 +0100] "GET /health HTTP/1.1 200 28.457µs "Mozilla/5.0 (X11; Linux x86_64) AppleWebKit/537.36 (KHTML, like Gecko) louaj-desktop/0.1.0 Chrome/124.0.6367.243 Electron/30.5.1 Safari/537.36" "
[GIN] 2025/10/19 - 22:23:09 | 200 |     132.565µs |             ::1 | GET      "/health"
2025/10/19 22:23:17 Client registered for station station-jemmal. Total clients: 1
::1 - [19/Oct/2025:22:23:17 +0100] "GET /ws/queue/station-jemmal?token=eyJhbGciOiJIUzI1NiIsInR5cCI6IkpXVCJ9.eyJleHAiOjE3NjA5OTUzOTcsImZpcnN0X25hbWUiOiJmYWRoZWwiLCJpYXQiOjE3NjA5MDg5OTcsImxhc3RfbmFtZSI6Im1laHJpIiwic3RhZmZfaWQiOiJzdGFmZl8xNzU5MTc1NDE5NzEzX2liNWMycG5jeiJ9.uQwblLuwyZ_muiFXmaT67DedMmX3F3oKRbNcLdt33Ys HTTP/1.1 200 654.68µs "Mozilla/5.0 (X11; Linux x86_64) AppleWebKit/537.36 (KHTML, like Gecko) louaj-desktop/0.1.0 Chrome/124.0.6367.243 Electron/30.5.1 Safari/537.36" "
[GIN] 2025/10/19 - 22:23:17 | 200 |     888.528µs |             ::1 | GET      "/ws/queue/station-jemmal?token=eyJhbGciOiJIUzI1NiIsInR5cCI6IkpXVCJ9.eyJleHAiOjE3NjA5OTUzOTcsImZpcnN0X25hbWUiOiJmYWRoZWwiLCJpYXQiOjE3NjA5MDg5OTcsImxhc3RfbmFtZSI6Im1laHJpIiwic3RhZmZfaWQiOiJzdGFmZl8xNzU5MTc1NDE5NzEzX2liNWMycG5jeiJ9.uQwblLuwyZ_muiFXmaT67DedMmX3F3oKRbNcLdt33Ys"
2025/10/19 22:23:17 Client staff_1759175419713_ib5c2pncz subscribed to events: [queue_updated queue_entry_added queue_entry_removed queue_entry_updated queue_reordered day_pass_created exit_pass_created]
2025/10/19 22:52:46 Client unregistered from station station-jemmal. Total clients: 0
::1 - [19/Oct/2025:22:52:46 +0100] "GET /health HTTP/1.1 200 76.759µs "Mozilla/5.0 (X11; Linux x86_64) AppleWebKit/537.36 (KHTML, like Gecko) supervisor-desktop/0.1.0 Chrome/124.0.6367.243 Electron/30.5.1 Safari/537.36" "
[GIN] 2025/10/19 - 22:52:46 | 200 |     153.614µs |             ::1 | GET      "/health"
::1 - [19/Oct/2025:22:52:46 +0100] "GET /health HTTP/1.1 200 24.004µs "Mozilla/5.0 (X11; Linux x86_64) AppleWebKit/537.36 (KHTML, like Gecko) supervisor-desktop/0.1.0 Chrome/124.0.6367.243 Electron/30.5.1 Safari/537.36" "
[GIN] 2025/10/19 - 22:52:46 | 200 |      80.145µs |             ::1 | GET      "/health"
::1 - [19/Oct/2025:22:52:46 +0100] "GET /health HTTP/1.1 200 65.612µs "Mozilla/5.0 (X11; Linux x86_64) AppleWebKit/537.36 (KHTML, like Gecko) louaj-desktop/0.1.0 Chrome/124.0.6367.243 Electron/30.5.1 Safari/537.36" "
[GIN] 2025/10/19 - 22:52:46 | 200 |     121.158µs |             ::1 | GET      "/health"
::1 - [19/Oct/2025:22:52:46 +0100] "GET /health HTTP/1.1 200 42.394µs "Mozilla/5.0 (X11; Linux x86_64) AppleWebKit/537.36 (KHTML, like Gecko) louaj-desktop/0.1.0 Chrome/124.0.6367.243 Electron/30.5.1 Safari/537.36" "
[GIN] 2025/10/19 - 22:52:46 | 200 |     115.377µs |             ::1 | GET      "/health"
::1 - [19/Oct/2025:22:52:46 +0100] "GET /ws/queue/station-jemmal?token=eyJhbGciOiJIUzI1NiIsInR5cCI6IkpXVCJ9.eyJleHAiOjE3NjA5OTUzOTcsImZpcnN0X25hbWUiOiJmYWRoZWwiLCJpYXQiOjE3NjA5MDg5OTcsImxhc3RfbmFtZSI6Im1laHJpIiwic3RhZmZfaWQiOiJzdGFmZl8xNzU5MTc1NDE5NzEzX2liNWMycG5jeiJ9.uQwblLuwyZ_muiFXmaT67DedMmX3F3oKRbNcLdt33Ys HTTP/1.1 200 223.364µs "Mozilla/5.0 (X11; Linux x86_64) AppleWebKit/537.36 (KHTML, like Gecko) louaj-desktop/0.1.0 Chrome/124.0.6367.243 Electron/30.5.1 Safari/537.36" "
2025/10/19 22:52:46 Client registered for station station-jemmal. Total clients: 1
[GIN] 2025/10/19 - 22:52:46 | 200 |     286.979µs |             ::1 | GET      "/ws/queue/station-jemmal?token=eyJhbGciOiJIUzI1NiIsInR5cCI6IkpXVCJ9.eyJleHAiOjE3NjA5OTUzOTcsImZpcnN0X25hbWUiOiJmYWRoZWwiLCJpYXQiOjE3NjA5MDg5OTcsImxhc3RfbmFtZSI6Im1laHJpIiwic3RhZmZfaWQiOiJzdGFmZl8xNzU5MTc1NDE5NzEzX2liNWMycG5jeiJ9.uQwblLuwyZ_muiFXmaT67DedMmX3F3oKRbNcLdt33Ys"
2025/10/19 22:52:46 Client staff_1759175419713_ib5c2pncz subscribed to events: [queue_updated queue_entry_added queue_entry_removed queue_entry_updated queue_reordered day_pass_created exit_pass_created]
2025/10/19 23:02:34 Client unregistered from station station-jemmal. Total clients: 0
