nohup: ignoring input
[GIN-debug] [WARNING] Creating an Engine instance with the Logger and Recovery middleware already attached.

[GIN-debug] [WARNING] Running in "debug" mode. Switch to "release" mode in production.
 - using env:	export GIN_MODE=release
 - using code:	gin.SetMode(gin.ReleaseMode)

2025/10/20 11:23:10 Booking service starting on port 8003
127.0.0.1 - [20/Oct/2025:11:23:11 +0100] "GET /health HTTP/1.1 200 52.973µs "curl/7.81.0" "
[GIN] 2025/10/20 - 11:23:11 | 200 |     171.956µs |       127.0.0.1 | GET      "/health"
127.0.0.1 - [20/Oct/2025:11:23:24 +0100] "GET /api/v1/trips/today HTTP/1.1 200 2.304079ms "curl/7.81.0" "
[GIN] 2025/10/20 - 11:23:24 | 200 |    2.475313ms |       127.0.0.1 | GET      "/api/v1/trips/today"
::1 - [20/Oct/2025:11:23:48 +0100] "GET /health HTTP/1.1 200 56.191µs "Mozilla/5.0 (X11; Linux x86_64) AppleWebKit/537.36 (KHTML, like Gecko) louaj-desktop/0.1.0 Chrome/124.0.6367.243 Electron/30.5.1 Safari/537.36" "
[GIN] 2025/10/20 - 11:23:48 | 200 |     128.606µs |             ::1 | GET      "/health"
::1 - [20/Oct/2025:11:23:48 +0100] "GET /health HTTP/1.1 200 11.173µs "Mozilla/5.0 (X11; Linux x86_64) AppleWebKit/537.36 (KHTML, like Gecko) louaj-desktop/0.1.0 Chrome/124.0.6367.243 Electron/30.5.1 Safari/537.36" "
[GIN] 2025/10/20 - 11:23:48 | 200 |      82.218µs |             ::1 | GET      "/health"
::1 - [20/Oct/2025:11:23:48 +0100] "GET /health HTTP/1.1 200 10.632µs "Mozilla/5.0 (X11; Linux x86_64) AppleWebKit/537.36 (KHTML, like Gecko) louaj-desktop/0.1.0 Chrome/124.0.6367.243 Electron/30.5.1 Safari/537.36" "
[GIN] 2025/10/20 - 11:23:48 | 200 |      82.953µs |             ::1 | GET      "/health"
::1 - [20/Oct/2025:11:23:48 +0100] "GET /health HTTP/1.1 200 10.766µs "Mozilla/5.0 (X11; Linux x86_64) AppleWebKit/537.36 (KHTML, like Gecko) louaj-desktop/0.1.0 Chrome/124.0.6367.243 Electron/30.5.1 Safari/537.36" "
[GIN] 2025/10/20 - 11:23:48 | 200 |     132.014µs |             ::1 | GET      "/health"
[GIN] 2025/10/20 - 11:23:50 | 204 |       6.783µs |             ::1 | OPTIONS  "/api/v1/bookings/by-queue-entry"
DEBUG: Checking if vehicle becomes fully booked - newAvailableSeats: 7
DEBUG: Vehicle not fully booked yet - available seats: 7
2025/10/20 11:23:50 Failed to log seat booking transaction: ERROR: function log_staff_transaction(unknown, unknown, unknown, unknown, unknown, unknown) does not exist (SQLSTATE 42883)
2025/10/20 11:23:50 Async seat booking transaction logging failed: failed to log seat booking transaction: ERROR: function log_staff_transaction(unknown, unknown, unknown, unknown, unknown, unknown) does not exist (SQLSTATE 42883)
::1 - [20/Oct/2025:11:23:50 +0100] "POST /api/v1/bookings/by-queue-entry HTTP/1.1 201 11.997205ms "Mozilla/5.0 (X11; Linux x86_64) AppleWebKit/537.36 (KHTML, like Gecko) louaj-desktop/0.1.0 Chrome/124.0.6367.243 Electron/30.5.1 Safari/537.36" "
[GIN] 2025/10/20 - 11:23:50 | 201 |   12.041994ms |             ::1 | POST     "/api/v1/bookings/by-queue-entry"
::1 - [20/Oct/2025:11:23:57 +0100] "GET /health HTTP/1.1 200 15.356µs "Mozilla/5.0 (X11; Linux x86_64) AppleWebKit/537.36 (KHTML, like Gecko) louaj-desktop/0.1.0 Chrome/124.0.6367.243 Electron/30.5.1 Safari/537.36" "
[GIN] 2025/10/20 - 11:23:57 | 200 |      84.311µs |             ::1 | GET      "/health"
::1 - [20/Oct/2025:11:23:57 +0100] "GET /health HTTP/1.1 200 11.732µs "Mozilla/5.0 (X11; Linux x86_64) AppleWebKit/537.36 (KHTML, like Gecko) louaj-desktop/0.1.0 Chrome/124.0.6367.243 Electron/30.5.1 Safari/537.36" "
[GIN] 2025/10/20 - 11:23:57 | 200 |      64.908µs |             ::1 | GET      "/health"
[GIN] 2025/10/20 - 11:23:59 | 204 |       6.781µs |             ::1 | OPTIONS  "/api/v1/trips/today"
::1 - [20/Oct/2025:11:23:59 +0100] "GET /api/v1/trips/today HTTP/1.1 200 836.791µs "Mozilla/5.0 (X11; Linux x86_64) AppleWebKit/537.36 (KHTML, like Gecko) louaj-desktop/0.1.0 Chrome/124.0.6367.243 Electron/30.5.1 Safari/537.36" "
[GIN] 2025/10/20 - 11:23:59 | 200 |     883.161µs |             ::1 | GET      "/api/v1/trips/today"
