nohup: ignoring input
2025/10/20 11:52:57 Printer service starting on port 8005
::1 - [20/Oct/2025:11:53:04 +0100] "POST /api/printer/test/printer1 HTTP/1.1 200 702.122µs "Mozilla/5.0 (X11; Linux x86_64) AppleWebKit/537.36 (KHTML, like Gecko) louaj-desktop/0.1.0 Chrome/124.0.6367.243 Electron/30.5.1 Safari/537.36" "
[GIN] 2025/10/20 - 11:53:04 | 200 |     781.591µs |             ::1 | POST     "/api/printer/test/printer1"
::1 - [20/Oct/2025:11:53:14 +0100] "POST /api/printer/test/printer1 HTTP/1.1 200 201.764µs "Mozilla/5.0 (X11; Linux x86_64) AppleWebKit/537.36 (KHTML, like Gecko) louaj-desktop/0.1.0 Chrome/124.0.6367.243 Electron/30.5.1 Safari/537.36" "
[GIN] 2025/10/20 - 11:53:14 | 200 |     268.598µs |             ::1 | POST     "/api/printer/test/printer1"
::1 - [20/Oct/2025:11:53:24 +0100] "POST /api/printer/test/printer1 HTTP/1.1 200 224.82µs "Mozilla/5.0 (X11; Linux x86_64) AppleWebKit/537.36 (KHTML, like Gecko) louaj-desktop/0.1.0 Chrome/124.0.6367.243 Electron/30.5.1 Safari/537.36" "
[GIN] 2025/10/20 - 11:53:24 | 200 |     293.036µs |             ::1 | POST     "/api/printer/test/printer1"
::1 - [20/Oct/2025:11:53:34 +0100] "POST /api/printer/test/printer1 HTTP/1.1 200 485.694µs "Mozilla/5.0 (X11; Linux x86_64) AppleWebKit/537.36 (KHTML, like Gecko) louaj-desktop/0.1.0 Chrome/124.0.6367.243 Electron/30.5.1 Safari/537.36" "
[GIN] 2025/10/20 - 11:53:34 | 200 |     637.645µs |             ::1 | POST     "/api/printer/test/printer1"
::1 - [20/Oct/2025:11:53:44 +0100] "POST /api/printer/test/printer1 HTTP/1.1 200 1.023509ms "Mozilla/5.0 (X11; Linux x86_64) AppleWebKit/537.36 (KHTML, like Gecko) louaj-desktop/0.1.0 Chrome/124.0.6367.243 Electron/30.5.1 Safari/537.36" "
[GIN] 2025/10/20 - 11:53:44 | 200 |    1.258674ms |             ::1 | POST     "/api/printer/test/printer1"
::1 - [20/Oct/2025:11:53:54 +0100] "POST /api/printer/test/printer1 HTTP/1.1 200 1.120704ms "Mozilla/5.0 (X11; Linux x86_64) AppleWebKit/537.36 (KHTML, like Gecko) louaj-desktop/0.1.0 Chrome/124.0.6367.243 Electron/30.5.1 Safari/537.36" "
[GIN] 2025/10/20 - 11:53:54 | 200 |    1.406915ms |             ::1 | POST     "/api/printer/test/printer1"
::1 - [20/Oct/2025:11:54:04 +0100] "POST /api/printer/test/printer1 HTTP/1.1 200 618.669µs "Mozilla/5.0 (X11; Linux x86_64) AppleWebKit/537.36 (KHTML, like Gecko) louaj-desktop/0.1.0 Chrome/124.0.6367.243 Electron/30.5.1 Safari/537.36" "
[GIN] 2025/10/20 - 11:54:04 | 200 |     817.932µs |             ::1 | POST     "/api/printer/test/printer1"
::1 - [20/Oct/2025:11:54:14 +0100] "POST /api/printer/test/printer1 HTTP/1.1 200 514.739µs "Mozilla/5.0 (X11; Linux x86_64) AppleWebKit/537.36 (KHTML, like Gecko) louaj-desktop/0.1.0 Chrome/124.0.6367.243 Electron/30.5.1 Safari/537.36" "
[GIN] 2025/10/20 - 11:54:14 | 200 |     614.132µs |             ::1 | POST     "/api/printer/test/printer1"
::1 - [20/Oct/2025:11:54:24 +0100] "POST /api/printer/test/printer1 HTTP/1.1 200 786.207µs "Mozilla/5.0 (X11; Linux x86_64) AppleWebKit/537.36 (KHTML, like Gecko) louaj-desktop/0.1.0 Chrome/124.0.6367.243 Electron/30.5.1 Safari/537.36" "
[GIN] 2025/10/20 - 11:54:24 | 200 |     945.893µs |             ::1 | POST     "/api/printer/test/printer1"
::1 - [20/Oct/2025:11:54:29 +0100] "GET /api/printer/config/printer1 HTTP/1.1 200 537.165µs "Mozilla/5.0 (X11; Linux x86_64) AppleWebKit/537.36 (KHTML, like Gecko) louaj-desktop/0.1.0 Chrome/124.0.6367.243 Electron/30.5.1 Safari/537.36" "
[GIN] 2025/10/20 - 11:54:29 | 200 |     647.528µs |             ::1 | GET      "/api/printer/config/printer1"
::1 - [20/Oct/2025:11:54:29 +0100] "POST /api/printer/test/printer1 HTTP/1.1 200 174.545µs "Mozilla/5.0 (X11; Linux x86_64) AppleWebKit/537.36 (KHTML, like Gecko) louaj-desktop/0.1.0 Chrome/124.0.6367.243 Electron/30.5.1 Safari/537.36" "
[GIN] 2025/10/20 - 11:54:29 | 200 |     193.886µs |             ::1 | POST     "/api/printer/test/printer1"
::1 - [20/Oct/2025:11:54:29 +0100] "POST /api/printer/test/printer1 HTTP/1.1 200 737.263µs "Mozilla/5.0 (X11; Linux x86_64) AppleWebKit/537.36 (KHTML, like Gecko) louaj-desktop/0.1.0 Chrome/124.0.6367.243 Electron/30.5.1 Safari/537.36" "
[GIN] 2025/10/20 - 11:54:29 | 200 |     809.166µs |             ::1 | POST     "/api/printer/test/printer1"
::1 - [20/Oct/2025:11:54:29 +0100] "GET /api/printer/config/printer1 HTTP/1.1 200 688.414µs "Mozilla/5.0 (X11; Linux x86_64) AppleWebKit/537.36 (KHTML, like Gecko) louaj-desktop/0.1.0 Chrome/124.0.6367.243 Electron/30.5.1 Safari/537.36" "
[GIN] 2025/10/20 - 11:54:29 | 200 |     860.692µs |             ::1 | GET      "/api/printer/config/printer1"
::1 - [20/Oct/2025:11:54:39 +0100] "POST /api/printer/test/printer1 HTTP/1.1 200 289.989µs "Mozilla/5.0 (X11; Linux x86_64) AppleWebKit/537.36 (KHTML, like Gecko) louaj-desktop/0.1.0 Chrome/124.0.6367.243 Electron/30.5.1 Safari/537.36" "
[GIN] 2025/10/20 - 11:54:39 | 200 |      398.36µs |             ::1 | POST     "/api/printer/test/printer1"
::1 - [20/Oct/2025:11:54:49 +0100] "POST /api/printer/test/printer1 HTTP/1.1 200 279.96µs "Mozilla/5.0 (X11; Linux x86_64) AppleWebKit/537.36 (KHTML, like Gecko) louaj-desktop/0.1.0 Chrome/124.0.6367.243 Electron/30.5.1 Safari/537.36" "
[GIN] 2025/10/20 - 11:54:49 | 200 |     378.188µs |             ::1 | POST     "/api/printer/test/printer1"
::1 - [20/Oct/2025:11:54:59 +0100] "POST /api/printer/test/printer1 HTTP/1.1 200 905.06µs "Mozilla/5.0 (X11; Linux x86_64) AppleWebKit/537.36 (KHTML, like Gecko) louaj-desktop/0.1.0 Chrome/124.0.6367.243 Electron/30.5.1 Safari/537.36" "
[GIN] 2025/10/20 - 11:54:59 | 200 |     1.13031ms |             ::1 | POST     "/api/printer/test/printer1"
[GIN] 2025/10/20 - 11:55:09 | 204 |       5.903µs |             ::1 | OPTIONS  "/api/printer/print/test/exitpass-direct"
::1 - [20/Oct/2025:11:55:09 +0100] "POST /api/printer/print/test/exitpass-direct HTTP/1.1 400 150.023µs "Mozilla/5.0 (X11; Linux x86_64) AppleWebKit/537.36 (KHTML, like Gecko) louaj-desktop/0.1.0 Chrome/124.0.6367.243 Electron/30.5.1 Safari/537.36" "
[GIN] 2025/10/20 - 11:55:09 | 400 |     184.143µs |             ::1 | POST     "/api/printer/print/test/exitpass-direct"
::1 - [20/Oct/2025:11:55:09 +0100] "POST /api/printer/test/printer1 HTTP/1.1 200 301.285µs "Mozilla/5.0 (X11; Linux x86_64) AppleWebKit/537.36 (KHTML, like Gecko) louaj-desktop/0.1.0 Chrome/124.0.6367.243 Electron/30.5.1 Safari/537.36" "
[GIN] 2025/10/20 - 11:55:09 | 200 |     340.507µs |             ::1 | POST     "/api/printer/test/printer1"
::1 - [20/Oct/2025:11:55:11 +0100] "POST /api/printer/print/test/exitpass-direct HTTP/1.1 400 426.702µs "Mozilla/5.0 (X11; Linux x86_64) AppleWebKit/537.36 (KHTML, like Gecko) louaj-desktop/0.1.0 Chrome/124.0.6367.243 Electron/30.5.1 Safari/537.36" "
[GIN] 2025/10/20 - 11:55:11 | 400 |     823.097µs |             ::1 | POST     "/api/printer/print/test/exitpass-direct"
::1 - [20/Oct/2025:11:55:12 +0100] "POST /api/printer/print/test/exitpass-direct HTTP/1.1 400 210.043µs "Mozilla/5.0 (X11; Linux x86_64) AppleWebKit/537.36 (KHTML, like Gecko) louaj-desktop/0.1.0 Chrome/124.0.6367.243 Electron/30.5.1 Safari/537.36" "
[GIN] 2025/10/20 - 11:55:12 | 400 |      647.97µs |             ::1 | POST     "/api/printer/print/test/exitpass-direct"
::1 - [20/Oct/2025:11:55:19 +0100] "POST /api/printer/test/printer1 HTTP/1.1 200 1.375098ms "Mozilla/5.0 (X11; Linux x86_64) AppleWebKit/537.36 (KHTML, like Gecko) louaj-desktop/0.1.0 Chrome/124.0.6367.243 Electron/30.5.1 Safari/537.36" "
[GIN] 2025/10/20 - 11:55:19 | 200 |    1.930837ms |             ::1 | POST     "/api/printer/test/printer1"
::1 - [20/Oct/2025:11:55:29 +0100] "POST /api/printer/test/printer1 HTTP/1.1 200 393.058µs "Mozilla/5.0 (X11; Linux x86_64) AppleWebKit/537.36 (KHTML, like Gecko) louaj-desktop/0.1.0 Chrome/124.0.6367.243 Electron/30.5.1 Safari/537.36" "
[GIN] 2025/10/20 - 11:55:29 | 200 |     494.444µs |             ::1 | POST     "/api/printer/test/printer1"
::1 - [20/Oct/2025:11:55:39 +0100] "POST /api/printer/test/printer1 HTTP/1.1 200 906.997µs "Mozilla/5.0 (X11; Linux x86_64) AppleWebKit/537.36 (KHTML, like Gecko) louaj-desktop/0.1.0 Chrome/124.0.6367.243 Electron/30.5.1 Safari/537.36" "
[GIN] 2025/10/20 - 11:55:39 | 200 |    1.272555ms |             ::1 | POST     "/api/printer/test/printer1"
::1 - [20/Oct/2025:11:55:49 +0100] "POST /api/printer/test/printer1 HTTP/1.1 200 1.055806ms "Mozilla/5.0 (X11; Linux x86_64) AppleWebKit/537.36 (KHTML, like Gecko) louaj-desktop/0.1.0 Chrome/124.0.6367.243 Electron/30.5.1 Safari/537.36" "
[GIN] 2025/10/20 - 11:55:49 | 200 |    1.381724ms |             ::1 | POST     "/api/printer/test/printer1"
::1 - [20/Oct/2025:11:55:59 +0100] "POST /api/printer/test/printer1 HTTP/1.1 200 1.559176ms "Mozilla/5.0 (X11; Linux x86_64) AppleWebKit/537.36 (KHTML, like Gecko) louaj-desktop/0.1.0 Chrome/124.0.6367.243 Electron/30.5.1 Safari/537.36" "
[GIN] 2025/10/20 - 11:55:59 | 200 |    2.122563ms |             ::1 | POST     "/api/printer/test/printer1"
::1 - [20/Oct/2025:11:56:09 +0100] "POST /api/printer/test/printer1 HTTP/1.1 200 1.309995ms "Mozilla/5.0 (X11; Linux x86_64) AppleWebKit/537.36 (KHTML, like Gecko) louaj-desktop/0.1.0 Chrome/124.0.6367.243 Electron/30.5.1 Safari/537.36" "
[GIN] 2025/10/20 - 11:56:09 | 200 |     1.56831ms |             ::1 | POST     "/api/printer/test/printer1"
::1 - [20/Oct/2025:11:56:19 +0100] "POST /api/printer/test/printer1 HTTP/1.1 200 474.245µs "Mozilla/5.0 (X11; Linux x86_64) AppleWebKit/537.36 (KHTML, like Gecko) louaj-desktop/0.1.0 Chrome/124.0.6367.243 Electron/30.5.1 Safari/537.36" "
[GIN] 2025/10/20 - 11:56:19 | 200 |     589.063µs |             ::1 | POST     "/api/printer/test/printer1"
::1 - [20/Oct/2025:11:56:29 +0100] "POST /api/printer/test/printer1 HTTP/1.1 200 418.745µs "Mozilla/5.0 (X11; Linux x86_64) AppleWebKit/537.36 (KHTML, like Gecko) louaj-desktop/0.1.0 Chrome/124.0.6367.243 Electron/30.5.1 Safari/537.36" "
[GIN] 2025/10/20 - 11:56:29 | 200 |     549.118µs |             ::1 | POST     "/api/printer/test/printer1"
::1 - [20/Oct/2025:11:56:36 +0100] "GET /api/printer/config/printer1 HTTP/1.1 200 1.207526ms "Mozilla/5.0 (X11; Linux x86_64) AppleWebKit/537.36 (KHTML, like Gecko) louaj-desktop/0.1.0 Chrome/124.0.6367.243 Electron/30.5.1 Safari/537.36" "
[GIN] 2025/10/20 - 11:56:36 | 200 |    1.394382ms |             ::1 | GET      "/api/printer/config/printer1"
::1 - [20/Oct/2025:11:56:36 +0100] "POST /api/printer/test/printer1 HTTP/1.1 200 265.579µs "Mozilla/5.0 (X11; Linux x86_64) AppleWebKit/537.36 (KHTML, like Gecko) louaj-desktop/0.1.0 Chrome/124.0.6367.243 Electron/30.5.1 Safari/537.36" "
[GIN] 2025/10/20 - 11:56:36 | 200 |     552.066µs |             ::1 | POST     "/api/printer/test/printer1"
::1 - [20/Oct/2025:11:56:36 +0100] "POST /api/printer/test/printer1 HTTP/1.1 200 704.921µs "Mozilla/5.0 (X11; Linux x86_64) AppleWebKit/537.36 (KHTML, like Gecko) louaj-desktop/0.1.0 Chrome/124.0.6367.243 Electron/30.5.1 Safari/537.36" "
[GIN] 2025/10/20 - 11:56:36 | 200 |     887.724µs |             ::1 | POST     "/api/printer/test/printer1"
::1 - [20/Oct/2025:11:56:36 +0100] "GET /api/printer/config/printer1 HTTP/1.1 200 1.659177ms "Mozilla/5.0 (X11; Linux x86_64) AppleWebKit/537.36 (KHTML, like Gecko) louaj-desktop/0.1.0 Chrome/124.0.6367.243 Electron/30.5.1 Safari/537.36" "
[GIN] 2025/10/20 - 11:56:36 | 200 |    2.416511ms |             ::1 | GET      "/api/printer/config/printer1"
::1 - [20/Oct/2025:11:56:46 +0100] "POST /api/printer/test/printer1 HTTP/1.1 200 293.615µs "Mozilla/5.0 (X11; Linux x86_64) AppleWebKit/537.36 (KHTML, like Gecko) louaj-desktop/0.1.0 Chrome/124.0.6367.243 Electron/30.5.1 Safari/537.36" "
[GIN] 2025/10/20 - 11:56:46 | 200 |     375.481µs |             ::1 | POST     "/api/printer/test/printer1"
::1 - [20/Oct/2025:11:56:50 +0100] "GET /api/printer/config/printer1 HTTP/1.1 200 440.084µs "Mozilla/5.0 (X11; Linux x86_64) AppleWebKit/537.36 (KHTML, like Gecko) louaj-desktop/0.1.0 Chrome/124.0.6367.243 Electron/30.5.1 Safari/537.36" "
[GIN] 2025/10/20 - 11:56:50 | 200 |     550.717µs |             ::1 | GET      "/api/printer/config/printer1"
::1 - [20/Oct/2025:11:56:50 +0100] "POST /api/printer/test/printer1 HTTP/1.1 200 657.482µs "Mozilla/5.0 (X11; Linux x86_64) AppleWebKit/537.36 (KHTML, like Gecko) louaj-desktop/0.1.0 Chrome/124.0.6367.243 Electron/30.5.1 Safari/537.36" "
[GIN] 2025/10/20 - 11:56:50 | 200 |     726.209µs |             ::1 | POST     "/api/printer/test/printer1"
::1 - [20/Oct/2025:11:56:50 +0100] "POST /api/printer/test/printer1 HTTP/1.1 200 131.097µs "Mozilla/5.0 (X11; Linux x86_64) AppleWebKit/537.36 (KHTML, like Gecko) louaj-desktop/0.1.0 Chrome/124.0.6367.243 Electron/30.5.1 Safari/537.36" "
[GIN] 2025/10/20 - 11:56:50 | 200 |      157.66µs |             ::1 | POST     "/api/printer/test/printer1"
::1 - [20/Oct/2025:11:56:50 +0100] "GET /api/printer/config/printer1 HTTP/1.1 200 4.18176ms "Mozilla/5.0 (X11; Linux x86_64) AppleWebKit/537.36 (KHTML, like Gecko) louaj-desktop/0.1.0 Chrome/124.0.6367.243 Electron/30.5.1 Safari/537.36" "
[GIN] 2025/10/20 - 11:56:50 | 200 |    4.744081ms |             ::1 | GET      "/api/printer/config/printer1"
::1 - [20/Oct/2025:11:56:56 +0100] "GET /api/printer/config/printer1 HTTP/1.1 200 1.127641ms "Mozilla/5.0 (X11; Linux x86_64) AppleWebKit/537.36 (KHTML, like Gecko) louaj-desktop/0.1.0 Chrome/124.0.6367.243 Electron/30.5.1 Safari/537.36" "
[GIN] 2025/10/20 - 11:56:56 | 200 |    1.393905ms |             ::1 | GET      "/api/printer/config/printer1"
::1 - [20/Oct/2025:11:56:56 +0100] "POST /api/printer/test/printer1 HTTP/1.1 200 618.804µs "Mozilla/5.0 (X11; Linux x86_64) AppleWebKit/537.36 (KHTML, like Gecko) louaj-desktop/0.1.0 Chrome/124.0.6367.243 Electron/30.5.1 Safari/537.36" "
[GIN] 2025/10/20 - 11:56:56 | 200 |     733.336µs |             ::1 | POST     "/api/printer/test/printer1"
::1 - [20/Oct/2025:11:56:56 +0100] "POST /api/printer/test/printer1 HTTP/1.1 200 1.042093ms "Mozilla/5.0 (X11; Linux x86_64) AppleWebKit/537.36 (KHTML, like Gecko) louaj-desktop/0.1.0 Chrome/124.0.6367.243 Electron/30.5.1 Safari/537.36" "
[GIN] 2025/10/20 - 11:56:56 | 200 |    1.288216ms |             ::1 | POST     "/api/printer/test/printer1"
::1 - [20/Oct/2025:11:56:56 +0100] "GET /api/printer/config/printer1 HTTP/1.1 200 1.641924ms "Mozilla/5.0 (X11; Linux x86_64) AppleWebKit/537.36 (KHTML, like Gecko) louaj-desktop/0.1.0 Chrome/124.0.6367.243 Electron/30.5.1 Safari/537.36" "
[GIN] 2025/10/20 - 11:56:56 | 200 |    1.890694ms |             ::1 | GET      "/api/printer/config/printer1"
::1 - [20/Oct/2025:11:57:06 +0100] "POST /api/printer/test/printer1 HTTP/1.1 200 467.973µs "Mozilla/5.0 (X11; Linux x86_64) AppleWebKit/537.36 (KHTML, like Gecko) louaj-desktop/0.1.0 Chrome/124.0.6367.243 Electron/30.5.1 Safari/537.36" "
[GIN] 2025/10/20 - 11:57:06 | 200 |     575.493µs |             ::1 | POST     "/api/printer/test/printer1"
