nohup: ignoring input
[GIN-debug] [WARNING] Creating an Engine instance with the Logger and Recovery middleware already attached.

[GIN-debug] [WARNING] Running in "debug" mode. Switch to "release" mode in production.
 - using env:	export GIN_MODE=release
 - using code:	gin.SetMode(gin.ReleaseMode)

2025/10/20 09:59:18 Queue service starting on port 8002
127.0.0.1 - [20/Oct/2025:09:59:24 +0100] "GET /health HTTP/1.1 200 173.274µs "curl/7.81.0" "
[GIN] 2025/10/20 - 09:59:24 | 200 |     473.229µs |       127.0.0.1 | GET      "/health"
127.0.0.1 - [20/Oct/2025:09:59:36 +0100] "GET /api/v1/queue/station-jemmal HTTP/1.1 200 9.018544ms "curl/7.81.0" "
[GIN] 2025/10/20 - 09:59:36 | 200 |    9.152071ms |       127.0.0.1 | GET      "/api/v1/queue/station-jemmal"
TransferSeats request: destinationID=station-jemmal, fromEntryID=9c960c15-dfa6-4ed7-8cb7-ec93029290bc, toEntryID=7ae21718-2e32-43b2-b65c-180ea9577bde, seats=2
127.0.0.1 - [20/Oct/2025:09:59:44 +0100] "POST /api/v1/queue/station-jemmal/transfer-seats HTTP/1.1 200 16.548137ms "curl/7.81.0" "
[GIN] 2025/10/20 - 09:59:44 | 200 |   16.899036ms |       127.0.0.1 | POST     "/api/v1/queue/station-jemmal/transfer-seats"
127.0.0.1 - [20/Oct/2025:10:00:12 +0100] "GET /api/v1/queue/station-jemmal HTTP/1.1 200 7.006207ms "curl/7.81.0" "
[GIN] 2025/10/20 - 10:00:12 | 200 |    7.194288ms |       127.0.0.1 | GET      "/api/v1/queue/station-jemmal"
127.0.0.1 - [20/Oct/2025:10:00:59 +0100] "GET /api/v1/queue/station-jemmal HTTP/1.1 200 5.298971ms "curl/7.81.0" "
[GIN] 2025/10/20 - 10:00:59 | 200 |    5.441372ms |       127.0.0.1 | GET      "/api/v1/queue/station-jemmal"
[GIN] 2025/10/20 - 10:02:57 | 204 |      52.362µs |             ::1 | OPTIONS  "/api/v1/queue/station-teboulba"
::1 - [20/Oct/2025:10:02:57 +0100] "GET /api/v1/queue/station-teboulba HTTP/1.1 200 5.992946ms "Mozilla/5.0 (X11; Linux x86_64) AppleWebKit/537.36 (KHTML, like Gecko) louaj-desktop/0.1.0 Chrome/124.0.6367.243 Electron/30.5.1 Safari/537.36" "
[GIN] 2025/10/20 - 10:02:57 | 200 |    6.245249ms |             ::1 | GET      "/api/v1/queue/station-teboulba"
[GIN] 2025/10/20 - 10:02:58 | 204 |       8.849µs |             ::1 | OPTIONS  "/api/v1/queue/station-jemmal"
::1 - [20/Oct/2025:10:02:58 +0100] "GET /api/v1/queue/station-jemmal HTTP/1.1 200 5.408923ms "Mozilla/5.0 (X11; Linux x86_64) AppleWebKit/537.36 (KHTML, like Gecko) louaj-desktop/0.1.0 Chrome/124.0.6367.243 Electron/30.5.1 Safari/537.36" "
[GIN] 2025/10/20 - 10:02:58 | 200 |     5.61666ms |             ::1 | GET      "/api/v1/queue/station-jemmal"
[GIN] 2025/10/20 - 10:03:12 | 204 |       4.992µs |             ::1 | OPTIONS  "/api/v1/queue/station-jemmal/transfer-seats"
TransferSeats request: destinationID=station-jemmal, fromEntryID=9c960c15-dfa6-4ed7-8cb7-ec93029290bc, toEntryID=7ae21718-2e32-43b2-b65c-180ea9577bde, seats=3
::1 - [20/Oct/2025:10:03:12 +0100] "POST /api/v1/queue/station-jemmal/transfer-seats HTTP/1.1 200 5.670921ms "Mozilla/5.0 (X11; Linux x86_64) AppleWebKit/537.36 (KHTML, like Gecko) louaj-desktop/0.1.0 Chrome/124.0.6367.243 Electron/30.5.1 Safari/537.36" "
[GIN] 2025/10/20 - 10:03:12 | 200 |    5.712617ms |             ::1 | POST     "/api/v1/queue/station-jemmal/transfer-seats"
[GIN] 2025/10/20 - 10:03:12 | 204 |       4.564µs |             ::1 | OPTIONS  "/api/v1/queue/station-jemmal"
::1 - [20/Oct/2025:10:03:12 +0100] "GET /api/v1/queue/station-jemmal HTTP/1.1 200 1.277306ms "Mozilla/5.0 (X11; Linux x86_64) AppleWebKit/537.36 (KHTML, like Gecko) louaj-desktop/0.1.0 Chrome/124.0.6367.243 Electron/30.5.1 Safari/537.36" "
[GIN] 2025/10/20 - 10:03:12 | 200 |    1.318454ms |             ::1 | GET      "/api/v1/queue/station-jemmal"
[GIN] 2025/10/20 - 10:03:12 | 204 |      19.255µs |             ::1 | OPTIONS  "/api/v1/queue-summaries"
::1 - [20/Oct/2025:10:03:12 +0100] "GET /api/v1/queue-summaries HTTP/1.1 200 1.452407ms "Mozilla/5.0 (X11; Linux x86_64) AppleWebKit/537.36 (KHTML, like Gecko) louaj-desktop/0.1.0 Chrome/124.0.6367.243 Electron/30.5.1 Safari/537.36" "
[GIN] 2025/10/20 - 10:03:12 | 200 |    1.499726ms |             ::1 | GET      "/api/v1/queue-summaries"
[GIN] 2025/10/20 - 10:04:41 | 204 |       7.229µs |             ::1 | OPTIONS  "/api/v1/vehicles/015afe3a-3526-42fc-a9ae-4d963be711c0/authorized-routes"
::1 - [20/Oct/2025:10:04:41 +0100] "GET /api/v1/vehicles/015afe3a-3526-42fc-a9ae-4d963be711c0/authorized-routes HTTP/1.1 200 5.260232ms "Mozilla/5.0 (X11; Linux x86_64) AppleWebKit/537.36 (KHTML, like Gecko) louaj-desktop/0.1.0 Chrome/124.0.6367.243 Electron/30.5.1 Safari/537.36" "
[GIN] 2025/10/20 - 10:04:41 | 200 |    5.332873ms |             ::1 | GET      "/api/v1/vehicles/015afe3a-3526-42fc-a9ae-4d963be711c0/authorized-routes"
[GIN] 2025/10/20 - 10:04:47 | 204 |       5.862µs |             ::1 | OPTIONS  "/api/v1/vehicles/c9f89c23-1c65-4bfc-8485-bb52cd57f4b8/authorized-routes"
::1 - [20/Oct/2025:10:04:47 +0100] "GET /api/v1/vehicles/c9f89c23-1c65-4bfc-8485-bb52cd57f4b8/authorized-routes HTTP/1.1 200 2.449863ms "Mozilla/5.0 (X11; Linux x86_64) AppleWebKit/537.36 (KHTML, like Gecko) louaj-desktop/0.1.0 Chrome/124.0.6367.243 Electron/30.5.1 Safari/537.36" "
[GIN] 2025/10/20 - 10:04:47 | 200 |    2.753999ms |             ::1 | GET      "/api/v1/vehicles/c9f89c23-1c65-4bfc-8485-bb52cd57f4b8/authorized-routes"
[GIN] 2025/10/20 - 10:04:50 | 204 |        8.41µs |             ::1 | OPTIONS  "/api/v1/queue/station-jemmal/entry/7ae21718-2e32-43b2-b65c-180ea9577bde/change-destination"
::1 - [20/Oct/2025:10:04:50 +0100] "PUT /api/v1/queue/station-jemmal/entry/7ae21718-2e32-43b2-b65c-180ea9577bde/change-destination HTTP/1.1 200 12.16784ms "Mozilla/5.0 (X11; Linux x86_64) AppleWebKit/537.36 (KHTML, like Gecko) louaj-desktop/0.1.0 Chrome/124.0.6367.243 Electron/30.5.1 Safari/537.36" "
[GIN] 2025/10/20 - 10:04:50 | 200 |   12.227508ms |             ::1 | PUT      "/api/v1/queue/station-jemmal/entry/7ae21718-2e32-43b2-b65c-180ea9577bde/change-destination"
[GIN] 2025/10/20 - 10:04:50 | 204 |       6.395µs |             ::1 | OPTIONS  "/api/v1/queue/station-jemmal"
::1 - [20/Oct/2025:10:04:50 +0100] "GET /api/v1/queue/station-jemmal HTTP/1.1 200 507.804µs "Mozilla/5.0 (X11; Linux x86_64) AppleWebKit/537.36 (KHTML, like Gecko) louaj-desktop/0.1.0 Chrome/124.0.6367.243 Electron/30.5.1 Safari/537.36" "
[GIN] 2025/10/20 - 10:04:50 | 200 |     556.472µs |             ::1 | GET      "/api/v1/queue/station-jemmal"
[GIN] 2025/10/20 - 10:04:50 | 204 |        6.65µs |             ::1 | OPTIONS  "/api/v1/queue-summaries"
::1 - [20/Oct/2025:10:04:50 +0100] "GET /api/v1/queue-summaries HTTP/1.1 200 427.977µs "Mozilla/5.0 (X11; Linux x86_64) AppleWebKit/537.36 (KHTML, like Gecko) louaj-desktop/0.1.0 Chrome/124.0.6367.243 Electron/30.5.1 Safari/537.36" "
[GIN] 2025/10/20 - 10:04:50 | 200 |     490.675µs |             ::1 | GET      "/api/v1/queue-summaries"
[GIN] 2025/10/20 - 10:04:53 | 204 |       7.906µs |             ::1 | OPTIONS  "/api/v1/queue/station-ksar-hlel"
::1 - [20/Oct/2025:10:04:53 +0100] "GET /api/v1/queue/station-ksar-hlel HTTP/1.1 200 665.978µs "Mozilla/5.0 (X11; Linux x86_64) AppleWebKit/537.36 (KHTML, like Gecko) louaj-desktop/0.1.0 Chrome/124.0.6367.243 Electron/30.5.1 Safari/537.36" "
[GIN] 2025/10/20 - 10:04:53 | 200 |     705.812µs |             ::1 | GET      "/api/v1/queue/station-ksar-hlel"
[GIN] 2025/10/20 - 10:07:02 | 204 |      12.892µs |             ::1 | OPTIONS  "/api/v1/queue-summaries"
[GIN] 2025/10/20 - 10:07:02 | 204 |      13.516µs |             ::1 | OPTIONS  "/api/v1/queue/station-ksar-hlel"
::1 - [20/Oct/2025:10:07:02 +0100] "GET /api/v1/queue-summaries HTTP/1.1 200 2.22517ms "Mozilla/5.0 (X11; Linux x86_64) AppleWebKit/537.36 (KHTML, like Gecko) louaj-desktop/0.1.0 Chrome/124.0.6367.243 Electron/30.5.1 Safari/537.36" "
[GIN] 2025/10/20 - 10:07:02 | 200 |    2.449733ms |             ::1 | GET      "/api/v1/queue-summaries"
::1 - [20/Oct/2025:10:07:03 +0100] "GET /api/v1/queue/station-ksar-hlel HTTP/1.1 200 3.229387ms "Mozilla/5.0 (X11; Linux x86_64) AppleWebKit/537.36 (KHTML, like Gecko) louaj-desktop/0.1.0 Chrome/124.0.6367.243 Electron/30.5.1 Safari/537.36" "
[GIN] 2025/10/20 - 10:07:03 | 200 |    3.643894ms |             ::1 | GET      "/api/v1/queue/station-ksar-hlel"
[GIN] 2025/10/20 - 10:07:13 | 204 |       26.52µs |             ::1 | OPTIONS  "/api/v1/queue-summaries"
[GIN] 2025/10/20 - 10:07:13 | 204 |      14.229µs |             ::1 | OPTIONS  "/api/v1/queue/station-ksar-hlel"
::1 - [20/Oct/2025:10:07:13 +0100] "GET /api/v1/queue-summaries HTTP/1.1 200 3.617811ms "Mozilla/5.0 (X11; Linux x86_64) AppleWebKit/537.36 (KHTML, like Gecko) louaj-desktop/0.1.0 Chrome/124.0.6367.243 Electron/30.5.1 Safari/537.36" "
[GIN] 2025/10/20 - 10:07:13 | 200 |     3.88898ms |             ::1 | GET      "/api/v1/queue-summaries"
::1 - [20/Oct/2025:10:07:13 +0100] "GET /api/v1/queue/station-ksar-hlel HTTP/1.1 200 1.411478ms "Mozilla/5.0 (X11; Linux x86_64) AppleWebKit/537.36 (KHTML, like Gecko) louaj-desktop/0.1.0 Chrome/124.0.6367.243 Electron/30.5.1 Safari/537.36" "
[GIN] 2025/10/20 - 10:07:13 | 200 |    1.515137ms |             ::1 | GET      "/api/v1/queue/station-ksar-hlel"
[GIN] 2025/10/20 - 10:07:31 | 204 |        20.8µs |             ::1 | OPTIONS  "/api/v1/queue-summaries"
[GIN] 2025/10/20 - 10:07:31 | 204 |      16.921µs |             ::1 | OPTIONS  "/api/v1/queue/station-ksar-hlel"
::1 - [20/Oct/2025:10:07:31 +0100] "GET /api/v1/queue-summaries HTTP/1.1 200 3.452364ms "Mozilla/5.0 (X11; Linux x86_64) AppleWebKit/537.36 (KHTML, like Gecko) louaj-desktop/0.1.0 Chrome/124.0.6367.243 Electron/30.5.1 Safari/537.36" "
[GIN] 2025/10/20 - 10:07:31 | 200 |    3.633988ms |             ::1 | GET      "/api/v1/queue-summaries"
::1 - [20/Oct/2025:10:07:31 +0100] "GET /api/v1/queue/station-ksar-hlel HTTP/1.1 200 10.601706ms "Mozilla/5.0 (X11; Linux x86_64) AppleWebKit/537.36 (KHTML, like Gecko) louaj-desktop/0.1.0 Chrome/124.0.6367.243 Electron/30.5.1 Safari/537.36" "
[GIN] 2025/10/20 - 10:07:31 | 200 |   10.775676ms |             ::1 | GET      "/api/v1/queue/station-ksar-hlel"
[GIN] 2025/10/20 - 10:07:51 | 204 |       12.98µs |             ::1 | OPTIONS  "/api/v1/queue-summaries"
[GIN] 2025/10/20 - 10:07:51 | 204 |      10.929µs |             ::1 | OPTIONS  "/api/v1/queue/station-ksar-hlel"
::1 - [20/Oct/2025:10:07:51 +0100] "GET /api/v1/queue/station-ksar-hlel HTTP/1.1 200 2.150412ms "Mozilla/5.0 (X11; Linux x86_64) AppleWebKit/537.36 (KHTML, like Gecko) louaj-desktop/0.1.0 Chrome/124.0.6367.243 Electron/30.5.1 Safari/537.36" "
[GIN] 2025/10/20 - 10:07:51 | 200 |    2.243152ms |             ::1 | GET      "/api/v1/queue/station-ksar-hlel"
::1 - [20/Oct/2025:10:07:51 +0100] "GET /api/v1/queue-summaries HTTP/1.1 200 4.05136ms "Mozilla/5.0 (X11; Linux x86_64) AppleWebKit/537.36 (KHTML, like Gecko) louaj-desktop/0.1.0 Chrome/124.0.6367.243 Electron/30.5.1 Safari/537.36" "
[GIN] 2025/10/20 - 10:07:51 | 200 |     4.11082ms |             ::1 | GET      "/api/v1/queue-summaries"
127.0.0.1 - [20/Oct/2025:10:17:07 +0100] "GET /api/v1/queue/station-jemmal HTTP/1.1 200 1.056839ms "curl/7.81.0" "
[GIN] 2025/10/20 - 10:17:07 | 200 |    1.342849ms |       127.0.0.1 | GET      "/api/v1/queue/station-jemmal"
127.0.0.1 - [20/Oct/2025:10:17:14 +0100] "GET /api/v1/routes HTTP/1.1 200 1.197507ms "curl/7.81.0" "
[GIN] 2025/10/20 - 10:17:14 | 200 |    1.300024ms |       127.0.0.1 | GET      "/api/v1/routes"
127.0.0.1 - [20/Oct/2025:10:18:16 +0100] "GET /api/v1/queue/station-jemmal HTTP/1.1 200 3.141599ms "curl/7.81.0" "
[GIN] 2025/10/20 - 10:18:16 | 200 |    3.421085ms |       127.0.0.1 | GET      "/api/v1/queue/station-jemmal"
127.0.0.1 - [20/Oct/2025:10:43:53 +0100] "GET /api/v1/queue/station-jemmal HTTP/1.1 200 743.892µs "curl/7.81.0" "
[GIN] 2025/10/20 - 10:43:53 | 200 |     820.566µs |       127.0.0.1 | GET      "/api/v1/queue/station-jemmal"
[GIN] 2025/10/20 - 10:47:31 | 204 |     149.762µs |             ::1 | OPTIONS  "/api/v1/queue-summaries"
[GIN] 2025/10/20 - 10:47:31 | 204 |     119.411µs |             ::1 | OPTIONS  "/api/v1/queue/station-ksar-hlel"
::1 - [20/Oct/2025:10:47:31 +0100] "GET /api/v1/queue-summaries HTTP/1.1 200 2.22195ms "Mozilla/5.0 (X11; Linux x86_64) AppleWebKit/537.36 (KHTML, like Gecko) louaj-desktop/0.1.0 Chrome/124.0.6367.243 Electron/30.5.1 Safari/537.36" "
[GIN] 2025/10/20 - 10:47:31 | 200 |    2.402328ms |             ::1 | GET      "/api/v1/queue-summaries"
::1 - [20/Oct/2025:10:47:31 +0100] "GET /api/v1/queue/station-ksar-hlel HTTP/1.1 200 3.523012ms "Mozilla/5.0 (X11; Linux x86_64) AppleWebKit/537.36 (KHTML, like Gecko) louaj-desktop/0.1.0 Chrome/124.0.6367.243 Electron/30.5.1 Safari/537.36" "
[GIN] 2025/10/20 - 10:47:31 | 200 |    3.754871ms |             ::1 | GET      "/api/v1/queue/station-ksar-hlel"
[GIN] 2025/10/20 - 10:48:01 | 204 |      26.969µs |             ::1 | OPTIONS  "/api/v1/queue-summaries"
[GIN] 2025/10/20 - 10:48:01 | 204 |      16.251µs |             ::1 | OPTIONS  "/api/v1/queue/station-ksar-hlel"
::1 - [20/Oct/2025:10:48:01 +0100] "GET /api/v1/queue-summaries HTTP/1.1 200 5.04912ms "Mozilla/5.0 (X11; Linux x86_64) AppleWebKit/537.36 (KHTML, like Gecko) louaj-desktop/0.1.0 Chrome/124.0.6367.243 Electron/30.5.1 Safari/537.36" "
[GIN] 2025/10/20 - 10:48:01 | 200 |    5.223565ms |             ::1 | GET      "/api/v1/queue-summaries"
::1 - [20/Oct/2025:10:48:01 +0100] "GET /api/v1/queue/station-ksar-hlel HTTP/1.1 200 4.359082ms "Mozilla/5.0 (X11; Linux x86_64) AppleWebKit/537.36 (KHTML, like Gecko) louaj-desktop/0.1.0 Chrome/124.0.6367.243 Electron/30.5.1 Safari/537.36" "
[GIN] 2025/10/20 - 10:48:01 | 200 |    4.511033ms |             ::1 | GET      "/api/v1/queue/station-ksar-hlel"
[GIN] 2025/10/20 - 10:49:40 | 204 |      28.258µs |             ::1 | OPTIONS  "/api/v1/queue-summaries"
::1 - [20/Oct/2025:10:49:40 +0100] "GET /api/v1/queue-summaries HTTP/1.1 200 1.885302ms "Mozilla/5.0 (X11; Linux x86_64) AppleWebKit/537.36 (KHTML, like Gecko) louaj-desktop/0.1.0 Chrome/124.0.6367.243 Electron/30.5.1 Safari/537.36" "
[GIN] 2025/10/20 - 10:49:40 | 200 |    2.182295ms |             ::1 | GET      "/api/v1/queue-summaries"
[GIN] 2025/10/20 - 10:49:40 | 204 |      69.675µs |             ::1 | OPTIONS  "/api/v1/queue/station-ksar-hlel"
::1 - [20/Oct/2025:10:49:40 +0100] "GET /api/v1/queue/station-ksar-hlel HTTP/1.1 200 3.515152ms "Mozilla/5.0 (X11; Linux x86_64) AppleWebKit/537.36 (KHTML, like Gecko) louaj-desktop/0.1.0 Chrome/124.0.6367.243 Electron/30.5.1 Safari/537.36" "
[GIN] 2025/10/20 - 10:49:40 | 200 |    3.712568ms |             ::1 | GET      "/api/v1/queue/station-ksar-hlel"
[GIN] 2025/10/20 - 10:50:19 | 204 |      19.447µs |             ::1 | OPTIONS  "/api/v1/queue-summaries"
[GIN] 2025/10/20 - 10:50:19 | 204 |      20.725µs |             ::1 | OPTIONS  "/api/v1/queue/station-ksar-hlel"
::1 - [20/Oct/2025:10:50:19 +0100] "GET /api/v1/queue-summaries HTTP/1.1 200 1.523335ms "Mozilla/5.0 (X11; Linux x86_64) AppleWebKit/537.36 (KHTML, like Gecko) louaj-desktop/0.1.0 Chrome/124.0.6367.243 Electron/30.5.1 Safari/537.36" "
[GIN] 2025/10/20 - 10:50:19 | 200 |    1.671887ms |             ::1 | GET      "/api/v1/queue-summaries"
::1 - [20/Oct/2025:10:50:19 +0100] "GET /api/v1/queue/station-ksar-hlel HTTP/1.1 200 5.025822ms "Mozilla/5.0 (X11; Linux x86_64) AppleWebKit/537.36 (KHTML, like Gecko) louaj-desktop/0.1.0 Chrome/124.0.6367.243 Electron/30.5.1 Safari/537.36" "
[GIN] 2025/10/20 - 10:50:19 | 200 |    5.191383ms |             ::1 | GET      "/api/v1/queue/station-ksar-hlel"
[GIN] 2025/10/20 - 10:50:28 | 204 |      16.423µs |             ::1 | OPTIONS  "/api/v1/queue-summaries"
[GIN] 2025/10/20 - 10:50:28 | 204 |      22.457µs |             ::1 | OPTIONS  "/api/v1/queue/station-ksar-hlel"
::1 - [20/Oct/2025:10:50:28 +0100] "GET /api/v1/queue-summaries HTTP/1.1 200 2.019993ms "Mozilla/5.0 (X11; Linux x86_64) AppleWebKit/537.36 (KHTML, like Gecko) louaj-desktop/0.1.0 Chrome/124.0.6367.243 Electron/30.5.1 Safari/537.36" "
[GIN] 2025/10/20 - 10:50:28 | 200 |    2.235439ms |             ::1 | GET      "/api/v1/queue-summaries"
::1 - [20/Oct/2025:10:50:29 +0100] "GET /api/v1/queue/station-ksar-hlel HTTP/1.1 200 5.051665ms "Mozilla/5.0 (X11; Linux x86_64) AppleWebKit/537.36 (KHTML, like Gecko) louaj-desktop/0.1.0 Chrome/124.0.6367.243 Electron/30.5.1 Safari/537.36" "
[GIN] 2025/10/20 - 10:50:29 | 200 |    5.289135ms |             ::1 | GET      "/api/v1/queue/station-ksar-hlel"
[GIN] 2025/10/20 - 10:50:49 | 204 |      18.943µs |             ::1 | OPTIONS  "/api/v1/queue-summaries"
[GIN] 2025/10/20 - 10:50:49 | 204 |      13.749µs |             ::1 | OPTIONS  "/api/v1/queue/station-ksar-hlel"
::1 - [20/Oct/2025:10:50:49 +0100] "GET /api/v1/queue-summaries HTTP/1.1 200 3.102813ms "Mozilla/5.0 (X11; Linux x86_64) AppleWebKit/537.36 (KHTML, like Gecko) louaj-desktop/0.1.0 Chrome/124.0.6367.243 Electron/30.5.1 Safari/537.36" "
[GIN] 2025/10/20 - 10:50:49 | 200 |    3.465425ms |             ::1 | GET      "/api/v1/queue-summaries"
::1 - [20/Oct/2025:10:50:49 +0100] "GET /api/v1/queue/station-ksar-hlel HTTP/1.1 200 3.512422ms "Mozilla/5.0 (X11; Linux x86_64) AppleWebKit/537.36 (KHTML, like Gecko) louaj-desktop/0.1.0 Chrome/124.0.6367.243 Electron/30.5.1 Safari/537.36" "
[GIN] 2025/10/20 - 10:50:49 | 200 |    3.648494ms |             ::1 | GET      "/api/v1/queue/station-ksar-hlel"
[GIN] 2025/10/20 - 10:51:20 | 204 |      13.416µs |             ::1 | OPTIONS  "/api/v1/queue-summaries"
::1 - [20/Oct/2025:10:51:20 +0100] "GET /api/v1/queue-summaries HTTP/1.1 200 1.275398ms "Mozilla/5.0 (X11; Linux x86_64) AppleWebKit/537.36 (KHTML, like Gecko) louaj-desktop/0.1.0 Chrome/124.0.6367.243 Electron/30.5.1 Safari/537.36" "
[GIN] 2025/10/20 - 10:51:20 | 200 |    1.375594ms |             ::1 | GET      "/api/v1/queue-summaries"
[GIN] 2025/10/20 - 10:51:20 | 204 |      70.533µs |             ::1 | OPTIONS  "/api/v1/queue/station-ksar-hlel"
::1 - [20/Oct/2025:10:51:20 +0100] "GET /api/v1/queue/station-ksar-hlel HTTP/1.1 200 1.815331ms "Mozilla/5.0 (X11; Linux x86_64) AppleWebKit/537.36 (KHTML, like Gecko) louaj-desktop/0.1.0 Chrome/124.0.6367.243 Electron/30.5.1 Safari/537.36" "
[GIN] 2025/10/20 - 10:51:20 | 200 |    1.921477ms |             ::1 | GET      "/api/v1/queue/station-ksar-hlel"
[GIN] 2025/10/20 - 10:51:32 | 204 |       63.74µs |             ::1 | OPTIONS  "/api/v1/queue-summaries"
[GIN] 2025/10/20 - 10:51:32 | 204 |      25.728µs |             ::1 | OPTIONS  "/api/v1/queue/station-ksar-hlel"
::1 - [20/Oct/2025:10:51:32 +0100] "GET /api/v1/queue-summaries HTTP/1.1 200 3.398457ms "Mozilla/5.0 (X11; Linux x86_64) AppleWebKit/537.36 (KHTML, like Gecko) louaj-desktop/0.1.0 Chrome/124.0.6367.243 Electron/30.5.1 Safari/537.36" "
[GIN] 2025/10/20 - 10:51:32 | 200 |    3.604747ms |             ::1 | GET      "/api/v1/queue-summaries"
::1 - [20/Oct/2025:10:51:32 +0100] "GET /api/v1/queue/station-ksar-hlel HTTP/1.1 200 1.834829ms "Mozilla/5.0 (X11; Linux x86_64) AppleWebKit/537.36 (KHTML, like Gecko) louaj-desktop/0.1.0 Chrome/124.0.6367.243 Electron/30.5.1 Safari/537.36" "
[GIN] 2025/10/20 - 10:51:32 | 200 |    2.704465ms |             ::1 | GET      "/api/v1/queue/station-ksar-hlel"
[GIN] 2025/10/20 - 10:51:51 | 204 |      11.766µs |             ::1 | OPTIONS  "/api/v1/queue-summaries"
[GIN] 2025/10/20 - 10:51:51 | 204 |      38.662µs |             ::1 | OPTIONS  "/api/v1/queue/station-ksar-hlel"
::1 - [20/Oct/2025:10:51:51 +0100] "GET /api/v1/queue-summaries HTTP/1.1 200 1.301751ms "Mozilla/5.0 (X11; Linux x86_64) AppleWebKit/537.36 (KHTML, like Gecko) louaj-desktop/0.1.0 Chrome/124.0.6367.243 Electron/30.5.1 Safari/537.36" "
[GIN] 2025/10/20 - 10:51:51 | 200 |    1.396837ms |             ::1 | GET      "/api/v1/queue-summaries"
::1 - [20/Oct/2025:10:51:51 +0100] "GET /api/v1/queue/station-ksar-hlel HTTP/1.1 200 1.272894ms "Mozilla/5.0 (X11; Linux x86_64) AppleWebKit/537.36 (KHTML, like Gecko) louaj-desktop/0.1.0 Chrome/124.0.6367.243 Electron/30.5.1 Safari/537.36" "
[GIN] 2025/10/20 - 10:51:51 | 200 |    1.358506ms |             ::1 | GET      "/api/v1/queue/station-ksar-hlel"
[GIN] 2025/10/20 - 10:54:12 | 204 |      17.164µs |             ::1 | OPTIONS  "/api/v1/queue/station-teboulba"
::1 - [20/Oct/2025:10:54:12 +0100] "GET /api/v1/queue/station-teboulba HTTP/1.1 200 798.548µs "Mozilla/5.0 (X11; Linux x86_64) AppleWebKit/537.36 (KHTML, like Gecko) louaj-desktop/0.1.0 Chrome/124.0.6367.243 Electron/30.5.1 Safari/537.36" "
[GIN] 2025/10/20 - 10:54:12 | 200 |     873.571µs |             ::1 | GET      "/api/v1/queue/station-teboulba"
[GIN] 2025/10/20 - 10:54:13 | 204 |      13.755µs |             ::1 | OPTIONS  "/api/v1/queue/station-moknin"
::1 - [20/Oct/2025:10:54:13 +0100] "GET /api/v1/queue/station-moknin HTTP/1.1 200 1.1265ms "Mozilla/5.0 (X11; Linux x86_64) AppleWebKit/537.36 (KHTML, like Gecko) louaj-desktop/0.1.0 Chrome/124.0.6367.243 Electron/30.5.1 Safari/537.36" "
[GIN] 2025/10/20 - 10:54:13 | 200 |    1.202002ms |             ::1 | GET      "/api/v1/queue/station-moknin"
[GIN] 2025/10/20 - 10:54:16 | 204 |      10.698µs |             ::1 | OPTIONS  "/api/v1/queue/station-ksar-hlel"
::1 - [20/Oct/2025:10:54:16 +0100] "GET /api/v1/queue/station-ksar-hlel HTTP/1.1 200 1.262547ms "Mozilla/5.0 (X11; Linux x86_64) AppleWebKit/537.36 (KHTML, like Gecko) louaj-desktop/0.1.0 Chrome/124.0.6367.243 Electron/30.5.1 Safari/537.36" "
[GIN] 2025/10/20 - 10:54:16 | 200 |    1.382152ms |             ::1 | GET      "/api/v1/queue/station-ksar-hlel"
[GIN] 2025/10/20 - 10:56:14 | 204 |      22.324µs |             ::1 | OPTIONS  "/api/v1/queue-summaries"
[GIN] 2025/10/20 - 10:56:14 | 204 |      14.197µs |             ::1 | OPTIONS  "/api/v1/queue/station-ksar-hlel"
::1 - [20/Oct/2025:10:56:14 +0100] "GET /api/v1/queue-summaries HTTP/1.1 200 1.084703ms "Mozilla/5.0 (X11; Linux x86_64) AppleWebKit/537.36 (KHTML, like Gecko) louaj-desktop/0.1.0 Chrome/124.0.6367.243 Electron/30.5.1 Safari/537.36" "
[GIN] 2025/10/20 - 10:56:14 | 200 |    1.188378ms |             ::1 | GET      "/api/v1/queue-summaries"
::1 - [20/Oct/2025:10:56:14 +0100] "GET /api/v1/queue/station-ksar-hlel HTTP/1.1 200 910.518µs "Mozilla/5.0 (X11; Linux x86_64) AppleWebKit/537.36 (KHTML, like Gecko) louaj-desktop/0.1.0 Chrome/124.0.6367.243 Electron/30.5.1 Safari/537.36" "
[GIN] 2025/10/20 - 10:56:14 | 200 |     977.559µs |             ::1 | GET      "/api/v1/queue/station-ksar-hlel"
::1 - [20/Oct/2025:10:56:17 +0100] "GET /api/v1/queue/station-ksar-hlel HTTP/1.1 200 2.314464ms "Mozilla/5.0 (X11; Linux x86_64) AppleWebKit/537.36 (KHTML, like Gecko) louaj-desktop/0.1.0 Chrome/124.0.6367.243 Electron/30.5.1 Safari/537.36" "
[GIN] 2025/10/20 - 10:56:17 | 200 |     2.50676ms |             ::1 | GET      "/api/v1/queue/station-ksar-hlel"
::1 - [20/Oct/2025:10:56:17 +0100] "GET /api/v1/queue-summaries HTTP/1.1 200 1.792795ms "Mozilla/5.0 (X11; Linux x86_64) AppleWebKit/537.36 (KHTML, like Gecko) louaj-desktop/0.1.0 Chrome/124.0.6367.243 Electron/30.5.1 Safari/537.36" "
[GIN] 2025/10/20 - 10:56:17 | 200 |    1.919415ms |             ::1 | GET      "/api/v1/queue-summaries"
[GIN] 2025/10/20 - 10:57:21 | 204 |      12.532µs |             ::1 | OPTIONS  "/api/v1/queue/station-jemmal"
::1 - [20/Oct/2025:10:57:21 +0100] "GET /api/v1/queue/station-jemmal HTTP/1.1 200 882.189µs "Mozilla/5.0 (X11; Linux x86_64) AppleWebKit/537.36 (KHTML, like Gecko) louaj-desktop/0.1.0 Chrome/124.0.6367.243 Electron/30.5.1 Safari/537.36" "
[GIN] 2025/10/20 - 10:57:21 | 200 |     941.598µs |             ::1 | GET      "/api/v1/queue/station-jemmal"
::1 - [20/Oct/2025:10:57:22 +0100] "GET /api/v1/queue/station-jemmal HTTP/1.1 200 769.73µs "Mozilla/5.0 (X11; Linux x86_64) AppleWebKit/537.36 (KHTML, like Gecko) louaj-desktop/0.1.0 Chrome/124.0.6367.243 Electron/30.5.1 Safari/537.36" "
[GIN] 2025/10/20 - 10:57:22 | 200 |     822.266µs |             ::1 | GET      "/api/v1/queue/station-jemmal"
[GIN] 2025/10/20 - 10:57:22 | 204 |       6.261µs |             ::1 | OPTIONS  "/api/v1/queue-summaries"
::1 - [20/Oct/2025:10:57:22 +0100] "GET /api/v1/queue-summaries HTTP/1.1 200 457.673µs "Mozilla/5.0 (X11; Linux x86_64) AppleWebKit/537.36 (KHTML, like Gecko) louaj-desktop/0.1.0 Chrome/124.0.6367.243 Electron/30.5.1 Safari/537.36" "
[GIN] 2025/10/20 - 10:57:22 | 200 |     500.779µs |             ::1 | GET      "/api/v1/queue-summaries"
[GIN] 2025/10/20 - 10:58:01 | 204 |       7.993µs |             ::1 | OPTIONS  "/api/v1/queue/station-jemmal"
::1 - [20/Oct/2025:10:58:01 +0100] "GET /api/v1/queue/station-jemmal HTTP/1.1 200 736.037µs "Mozilla/5.0 (X11; Linux x86_64) AppleWebKit/537.36 (KHTML, like Gecko) louaj-desktop/0.1.0 Chrome/124.0.6367.243 Electron/30.5.1 Safari/537.36" "
[GIN] 2025/10/20 - 10:58:01 | 200 |     820.397µs |             ::1 | GET      "/api/v1/queue/station-jemmal"
[GIN] 2025/10/20 - 10:58:01 | 204 |      25.971µs |             ::1 | OPTIONS  "/api/v1/queue-summaries"
::1 - [20/Oct/2025:10:58:01 +0100] "GET /api/v1/queue-summaries HTTP/1.1 200 1.07039ms "Mozilla/5.0 (X11; Linux x86_64) AppleWebKit/537.36 (KHTML, like Gecko) louaj-desktop/0.1.0 Chrome/124.0.6367.243 Electron/30.5.1 Safari/537.36" "
[GIN] 2025/10/20 - 10:58:01 | 200 |    1.177912ms |             ::1 | GET      "/api/v1/queue-summaries"
[GIN] 2025/10/20 - 10:58:26 | 204 |      11.385µs |             ::1 | OPTIONS  "/api/v1/queue/station-jemmal"
::1 - [20/Oct/2025:10:58:26 +0100] "GET /api/v1/queue/station-jemmal HTTP/1.1 200 1.363954ms "Mozilla/5.0 (X11; Linux x86_64) AppleWebKit/537.36 (KHTML, like Gecko) louaj-desktop/0.1.0 Chrome/124.0.6367.243 Electron/30.5.1 Safari/537.36" "
[GIN] 2025/10/20 - 10:58:26 | 200 |    1.433304ms |             ::1 | GET      "/api/v1/queue/station-jemmal"
[GIN] 2025/10/20 - 10:58:31 | 204 |       7.148µs |             ::1 | OPTIONS  "/api/v1/queue/station-teboulba"
::1 - [20/Oct/2025:10:58:31 +0100] "GET /api/v1/queue/station-teboulba HTTP/1.1 200 890.79µs "Mozilla/5.0 (X11; Linux x86_64) AppleWebKit/537.36 (KHTML, like Gecko) louaj-desktop/0.1.0 Chrome/124.0.6367.243 Electron/30.5.1 Safari/537.36" "
[GIN] 2025/10/20 - 10:58:31 | 200 |     956.488µs |             ::1 | GET      "/api/v1/queue/station-teboulba"
[GIN] 2025/10/20 - 10:58:33 | 204 |       7.232µs |             ::1 | OPTIONS  "/api/v1/queue/station-jemmal"
::1 - [20/Oct/2025:10:58:33 +0100] "GET /api/v1/queue/station-jemmal HTTP/1.1 200 497.753µs "Mozilla/5.0 (X11; Linux x86_64) AppleWebKit/537.36 (KHTML, like Gecko) louaj-desktop/0.1.0 Chrome/124.0.6367.243 Electron/30.5.1 Safari/537.36" "
[GIN] 2025/10/20 - 10:58:33 | 200 |     544.287µs |             ::1 | GET      "/api/v1/queue/station-jemmal"
[GIN] 2025/10/20 - 10:59:06 | 204 |      22.534µs |             ::1 | OPTIONS  "/api/v1/queue/station-ksar-hlel"
::1 - [20/Oct/2025:10:59:06 +0100] "GET /api/v1/queue/station-ksar-hlel HTTP/1.1 200 709.954µs "Mozilla/5.0 (X11; Linux x86_64) AppleWebKit/537.36 (KHTML, like Gecko) louaj-desktop/0.1.0 Chrome/124.0.6367.243 Electron/30.5.1 Safari/537.36" "
[GIN] 2025/10/20 - 10:59:06 | 200 |     779.698µs |             ::1 | GET      "/api/v1/queue/station-ksar-hlel"
[GIN] 2025/10/20 - 10:59:07 | 204 |       8.719µs |             ::1 | OPTIONS  "/api/v1/queue/station-jemmal"
::1 - [20/Oct/2025:10:59:07 +0100] "GET /api/v1/queue/station-jemmal HTTP/1.1 200 318.508µs "Mozilla/5.0 (X11; Linux x86_64) AppleWebKit/537.36 (KHTML, like Gecko) louaj-desktop/0.1.0 Chrome/124.0.6367.243 Electron/30.5.1 Safari/537.36" "
[GIN] 2025/10/20 - 10:59:07 | 200 |     359.766µs |             ::1 | GET      "/api/v1/queue/station-jemmal"
::1 - [20/Oct/2025:10:59:07 +0100] "GET /api/v1/queue/station-ksar-hlel HTTP/1.1 200 462.778µs "Mozilla/5.0 (X11; Linux x86_64) AppleWebKit/537.36 (KHTML, like Gecko) louaj-desktop/0.1.0 Chrome/124.0.6367.243 Electron/30.5.1 Safari/537.36" "
[GIN] 2025/10/20 - 10:59:07 | 200 |     512.436µs |             ::1 | GET      "/api/v1/queue/station-ksar-hlel"
[GIN] 2025/10/20 - 10:59:09 | 204 |       6.828µs |             ::1 | OPTIONS  "/api/v1/queue/station-moknin"
::1 - [20/Oct/2025:10:59:09 +0100] "GET /api/v1/queue/station-moknin HTTP/1.1 200 826.639µs "Mozilla/5.0 (X11; Linux x86_64) AppleWebKit/537.36 (KHTML, like Gecko) louaj-desktop/0.1.0 Chrome/124.0.6367.243 Electron/30.5.1 Safari/537.36" "
[GIN] 2025/10/20 - 10:59:09 | 200 |     883.382µs |             ::1 | GET      "/api/v1/queue/station-moknin"
[GIN] 2025/10/20 - 10:59:10 | 204 |       5.338µs |             ::1 | OPTIONS  "/api/v1/queue/station-teboulba"
::1 - [20/Oct/2025:10:59:10 +0100] "GET /api/v1/queue/station-teboulba HTTP/1.1 200 540.135µs "Mozilla/5.0 (X11; Linux x86_64) AppleWebKit/537.36 (KHTML, like Gecko) louaj-desktop/0.1.0 Chrome/124.0.6367.243 Electron/30.5.1 Safari/537.36" "
[GIN] 2025/10/20 - 10:59:10 | 200 |     593.201µs |             ::1 | GET      "/api/v1/queue/station-teboulba"
[GIN] 2025/10/20 - 10:59:17 | 204 |       7.387µs |             ::1 | OPTIONS  "/api/v1/queue/station-moknin"
::1 - [20/Oct/2025:10:59:17 +0100] "GET /api/v1/queue/station-moknin HTTP/1.1 200 784.12µs "Mozilla/5.0 (X11; Linux x86_64) AppleWebKit/537.36 (KHTML, like Gecko) louaj-desktop/0.1.0 Chrome/124.0.6367.243 Electron/30.5.1 Safari/537.36" "
[GIN] 2025/10/20 - 10:59:17 | 200 |     846.096µs |             ::1 | GET      "/api/v1/queue/station-moknin"
[GIN] 2025/10/20 - 10:59:18 | 204 |       5.495µs |             ::1 | OPTIONS  "/api/v1/queue/station-ksar-hlel"
::1 - [20/Oct/2025:10:59:18 +0100] "GET /api/v1/queue/station-ksar-hlel HTTP/1.1 200 567.949µs "Mozilla/5.0 (X11; Linux x86_64) AppleWebKit/537.36 (KHTML, like Gecko) louaj-desktop/0.1.0 Chrome/124.0.6367.243 Electron/30.5.1 Safari/537.36" "
[GIN] 2025/10/20 - 10:59:18 | 200 |     639.802µs |             ::1 | GET      "/api/v1/queue/station-ksar-hlel"
[GIN] 2025/10/20 - 10:59:19 | 204 |      10.165µs |             ::1 | OPTIONS  "/api/v1/queue/station-jemmal"
::1 - [20/Oct/2025:10:59:19 +0100] "GET /api/v1/queue/station-jemmal HTTP/1.1 200 827.982µs "Mozilla/5.0 (X11; Linux x86_64) AppleWebKit/537.36 (KHTML, like Gecko) louaj-desktop/0.1.0 Chrome/124.0.6367.243 Electron/30.5.1 Safari/537.36" "
[GIN] 2025/10/20 - 10:59:19 | 200 |     886.193µs |             ::1 | GET      "/api/v1/queue/station-jemmal"
::1 - [20/Oct/2025:10:59:20 +0100] "GET /api/v1/queue/station-jemmal HTTP/1.1 200 4.653082ms "Mozilla/5.0 (X11; Linux x86_64) AppleWebKit/537.36 (KHTML, like Gecko) louaj-desktop/0.1.0 Chrome/124.0.6367.243 Electron/30.5.1 Safari/537.36" "
[GIN] 2025/10/20 - 10:59:20 | 200 |    4.735741ms |             ::1 | GET      "/api/v1/queue/station-jemmal"
[GIN] 2025/10/20 - 10:59:27 | 204 |        34.5µs |             ::1 | OPTIONS  "/api/v1/queue/station-ksar-hlel"
::1 - [20/Oct/2025:10:59:27 +0100] "GET /api/v1/queue/station-ksar-hlel HTTP/1.1 200 15.46881ms "Mozilla/5.0 (X11; Linux x86_64) AppleWebKit/537.36 (KHTML, like Gecko) louaj-desktop/0.1.0 Chrome/124.0.6367.243 Electron/30.5.1 Safari/537.36" "
[GIN] 2025/10/20 - 10:59:27 | 200 |     15.7166ms |             ::1 | GET      "/api/v1/queue/station-ksar-hlel"
::1 - [20/Oct/2025:10:59:30 +0100] "GET /api/v1/queue/station-ksar-hlel HTTP/1.1 200 5.496908ms "Mozilla/5.0 (X11; Linux x86_64) AppleWebKit/537.36 (KHTML, like Gecko) louaj-desktop/0.1.0 Chrome/124.0.6367.243 Electron/30.5.1 Safari/537.36" "
[GIN] 2025/10/20 - 10:59:30 | 200 |    5.704603ms |             ::1 | GET      "/api/v1/queue/station-ksar-hlel"
[GIN] 2025/10/20 - 10:59:30 | 204 |      14.071µs |             ::1 | OPTIONS  "/api/v1/queue-summaries"
::1 - [20/Oct/2025:10:59:30 +0100] "GET /api/v1/queue-summaries HTTP/1.1 200 4.376353ms "Mozilla/5.0 (X11; Linux x86_64) AppleWebKit/537.36 (KHTML, like Gecko) louaj-desktop/0.1.0 Chrome/124.0.6367.243 Electron/30.5.1 Safari/537.36" "
[GIN] 2025/10/20 - 10:59:30 | 200 |    4.555451ms |             ::1 | GET      "/api/v1/queue-summaries"
[GIN] 2025/10/20 - 11:00:13 | 204 |       7.635µs |             ::1 | OPTIONS  "/api/v1/queue/station-ksar-hlel"
::1 - [20/Oct/2025:11:00:13 +0100] "GET /api/v1/queue/station-ksar-hlel HTTP/1.1 200 4.171527ms "Mozilla/5.0 (X11; Linux x86_64) AppleWebKit/537.36 (KHTML, like Gecko) louaj-desktop/0.1.0 Chrome/124.0.6367.243 Electron/30.5.1 Safari/537.36" "
[GIN] 2025/10/20 - 11:00:13 | 200 |    4.334611ms |             ::1 | GET      "/api/v1/queue/station-ksar-hlel"
::1 - [20/Oct/2025:11:01:27 +0100] "GET /health HTTP/1.1 200 45.873µs "Mozilla/5.0 (X11; Linux x86_64) AppleWebKit/537.36 (KHTML, like Gecko) louaj-desktop/0.1.0 Chrome/124.0.6367.243 Electron/30.5.1 Safari/537.36" "
[GIN] 2025/10/20 - 11:01:27 | 200 |     211.027µs |             ::1 | GET      "/health"
::1 - [20/Oct/2025:11:01:27 +0100] "GET /health HTTP/1.1 200 74.527µs "Mozilla/5.0 (X11; Linux x86_64) AppleWebKit/537.36 (KHTML, like Gecko) louaj-desktop/0.1.0 Chrome/124.0.6367.243 Electron/30.5.1 Safari/537.36" "
[GIN] 2025/10/20 - 11:01:27 | 200 |     386.645µs |             ::1 | GET      "/health"
[GIN] 2025/10/20 - 11:01:27 | 204 |     118.798µs |             ::1 | OPTIONS  "/api/v1/queue-summaries"
[GIN] 2025/10/20 - 11:01:27 | 204 |     135.377µs |             ::1 | OPTIONS  "/api/v1/queue-summaries"
::1 - [20/Oct/2025:11:01:27 +0100] "GET /api/v1/queue-summaries HTTP/1.1 200 1.177006ms "Mozilla/5.0 (X11; Linux x86_64) AppleWebKit/537.36 (KHTML, like Gecko) louaj-desktop/0.1.0 Chrome/124.0.6367.243 Electron/30.5.1 Safari/537.36" "
[GIN] 2025/10/20 - 11:01:27 | 200 |    1.254468ms |             ::1 | GET      "/api/v1/queue-summaries"
::1 - [20/Oct/2025:11:01:27 +0100] "GET /api/v1/queue-summaries HTTP/1.1 200 1.244587ms "Mozilla/5.0 (X11; Linux x86_64) AppleWebKit/537.36 (KHTML, like Gecko) louaj-desktop/0.1.0 Chrome/124.0.6367.243 Electron/30.5.1 Safari/537.36" "
[GIN] 2025/10/20 - 11:01:27 | 200 |     1.48325ms |             ::1 | GET      "/api/v1/queue-summaries"
[GIN] 2025/10/20 - 11:01:27 | 204 |      14.244µs |             ::1 | OPTIONS  "/api/v1/queue/station-moknin"
::1 - [20/Oct/2025:11:01:27 +0100] "GET /api/v1/queue/station-moknin HTTP/1.1 200 6.241858ms "Mozilla/5.0 (X11; Linux x86_64) AppleWebKit/537.36 (KHTML, like Gecko) louaj-desktop/0.1.0 Chrome/124.0.6367.243 Electron/30.5.1 Safari/537.36" "
[GIN] 2025/10/20 - 11:01:27 | 200 |    6.457533ms |             ::1 | GET      "/api/v1/queue/station-moknin"
[GIN] 2025/10/20 - 11:03:11 | 204 |      26.292µs |             ::1 | OPTIONS  "/api/v1/queue-summaries"
[GIN] 2025/10/20 - 11:03:11 | 204 |      14.357µs |             ::1 | OPTIONS  "/api/v1/queue/station-moknin"
::1 - [20/Oct/2025:11:03:11 +0100] "GET /api/v1/queue-summaries HTTP/1.1 200 8.447566ms "Mozilla/5.0 (X11; Linux x86_64) AppleWebKit/537.36 (KHTML, like Gecko) louaj-desktop/0.1.0 Chrome/124.0.6367.243 Electron/30.5.1 Safari/537.36" "
[GIN] 2025/10/20 - 11:03:11 | 200 |    8.704224ms |             ::1 | GET      "/api/v1/queue-summaries"
::1 - [20/Oct/2025:11:03:11 +0100] "GET /api/v1/queue/station-moknin HTTP/1.1 200 13.025222ms "Mozilla/5.0 (X11; Linux x86_64) AppleWebKit/537.36 (KHTML, like Gecko) louaj-desktop/0.1.0 Chrome/124.0.6367.243 Electron/30.5.1 Safari/537.36" "
[GIN] 2025/10/20 - 11:03:11 | 200 |   13.565399ms |             ::1 | GET      "/api/v1/queue/station-moknin"
[GIN] 2025/10/20 - 11:03:24 | 204 |          21µs |             ::1 | OPTIONS  "/api/v1/queue-summaries"
[GIN] 2025/10/20 - 11:03:24 | 204 |      40.458µs |             ::1 | OPTIONS  "/api/v1/queue/station-moknin"
::1 - [20/Oct/2025:11:03:24 +0100] "GET /api/v1/queue-summaries HTTP/1.1 200 1.795421ms "Mozilla/5.0 (X11; Linux x86_64) AppleWebKit/537.36 (KHTML, like Gecko) louaj-desktop/0.1.0 Chrome/124.0.6367.243 Electron/30.5.1 Safari/537.36" "
[GIN] 2025/10/20 - 11:03:24 | 200 |     1.93424ms |             ::1 | GET      "/api/v1/queue-summaries"
::1 - [20/Oct/2025:11:03:24 +0100] "GET /api/v1/queue/station-moknin HTTP/1.1 200 5.278619ms "Mozilla/5.0 (X11; Linux x86_64) AppleWebKit/537.36 (KHTML, like Gecko) louaj-desktop/0.1.0 Chrome/124.0.6367.243 Electron/30.5.1 Safari/537.36" "
[GIN] 2025/10/20 - 11:03:24 | 200 |    5.439639ms |             ::1 | GET      "/api/v1/queue/station-moknin"
::1 - [20/Oct/2025:11:03:59 +0100] "GET /health HTTP/1.1 200 127.02µs "Mozilla/5.0 (X11; Linux x86_64) AppleWebKit/537.36 (KHTML, like Gecko) louaj-desktop/0.1.0 Chrome/124.0.6367.243 Electron/30.5.1 Safari/537.36" "
[GIN] 2025/10/20 - 11:03:59 | 200 |     327.842µs |             ::1 | GET      "/health"
::1 - [20/Oct/2025:11:03:59 +0100] "GET /health HTTP/1.1 200 50.428µs "Mozilla/5.0 (X11; Linux x86_64) AppleWebKit/537.36 (KHTML, like Gecko) louaj-desktop/0.1.0 Chrome/124.0.6367.243 Electron/30.5.1 Safari/537.36" "
[GIN] 2025/10/20 - 11:03:59 | 200 |     603.853µs |             ::1 | GET      "/health"
[GIN] 2025/10/20 - 11:03:59 | 204 |      18.372µs |             ::1 | OPTIONS  "/api/v1/queue-summaries"
[GIN] 2025/10/20 - 11:03:59 | 204 |      64.592µs |             ::1 | OPTIONS  "/api/v1/queue-summaries"
::1 - [20/Oct/2025:11:03:59 +0100] "GET /api/v1/queue-summaries HTTP/1.1 200 1.379276ms "Mozilla/5.0 (X11; Linux x86_64) AppleWebKit/537.36 (KHTML, like Gecko) louaj-desktop/0.1.0 Chrome/124.0.6367.243 Electron/30.5.1 Safari/537.36" "
[GIN] 2025/10/20 - 11:03:59 | 200 |    1.530239ms |             ::1 | GET      "/api/v1/queue-summaries"
::1 - [20/Oct/2025:11:03:59 +0100] "GET /api/v1/queue-summaries HTTP/1.1 200 2.129375ms "Mozilla/5.0 (X11; Linux x86_64) AppleWebKit/537.36 (KHTML, like Gecko) louaj-desktop/0.1.0 Chrome/124.0.6367.243 Electron/30.5.1 Safari/537.36" "
[GIN] 2025/10/20 - 11:03:59 | 200 |    2.575061ms |             ::1 | GET      "/api/v1/queue-summaries"
[GIN] 2025/10/20 - 11:03:59 | 204 |      12.391µs |             ::1 | OPTIONS  "/api/v1/queue/station-moknin"
::1 - [20/Oct/2025:11:03:59 +0100] "GET /api/v1/queue/station-moknin HTTP/1.1 200 4.343293ms "Mozilla/5.0 (X11; Linux x86_64) AppleWebKit/537.36 (KHTML, like Gecko) louaj-desktop/0.1.0 Chrome/124.0.6367.243 Electron/30.5.1 Safari/537.36" "
[GIN] 2025/10/20 - 11:03:59 | 200 |    4.520924ms |             ::1 | GET      "/api/v1/queue/station-moknin"
[GIN] 2025/10/20 - 11:04:10 | 204 |      73.293µs |             ::1 | OPTIONS  "/api/v1/queue-summaries"
[GIN] 2025/10/20 - 11:04:10 | 204 |      22.589µs |             ::1 | OPTIONS  "/api/v1/queue/station-moknin"
::1 - [20/Oct/2025:11:04:10 +0100] "GET /api/v1/queue-summaries HTTP/1.1 200 1.991744ms "Mozilla/5.0 (X11; Linux x86_64) AppleWebKit/537.36 (KHTML, like Gecko) louaj-desktop/0.1.0 Chrome/124.0.6367.243 Electron/30.5.1 Safari/537.36" "
[GIN] 2025/10/20 - 11:04:10 | 200 |    2.116229ms |             ::1 | GET      "/api/v1/queue-summaries"
::1 - [20/Oct/2025:11:04:10 +0100] "GET /api/v1/queue/station-moknin HTTP/1.1 200 2.270589ms "Mozilla/5.0 (X11; Linux x86_64) AppleWebKit/537.36 (KHTML, like Gecko) louaj-desktop/0.1.0 Chrome/124.0.6367.243 Electron/30.5.1 Safari/537.36" "
[GIN] 2025/10/20 - 11:04:10 | 200 |    2.536739ms |             ::1 | GET      "/api/v1/queue/station-moknin"
[GIN] 2025/10/20 - 11:05:18 | 204 |      23.127µs |             ::1 | OPTIONS  "/api/v1/queue-summaries"
[GIN] 2025/10/20 - 11:05:18 | 204 |      10.087µs |             ::1 | OPTIONS  "/api/v1/queue/station-moknin"
::1 - [20/Oct/2025:11:05:18 +0100] "GET /api/v1/queue-summaries HTTP/1.1 200 1.580863ms "Mozilla/5.0 (X11; Linux x86_64) AppleWebKit/537.36 (KHTML, like Gecko) louaj-desktop/0.1.0 Chrome/124.0.6367.243 Electron/30.5.1 Safari/537.36" "
[GIN] 2025/10/20 - 11:05:18 | 200 |    1.760451ms |             ::1 | GET      "/api/v1/queue-summaries"
::1 - [20/Oct/2025:11:05:18 +0100] "GET /api/v1/queue/station-moknin HTTP/1.1 200 6.456338ms "Mozilla/5.0 (X11; Linux x86_64) AppleWebKit/537.36 (KHTML, like Gecko) louaj-desktop/0.1.0 Chrome/124.0.6367.243 Electron/30.5.1 Safari/537.36" "
[GIN] 2025/10/20 - 11:05:18 | 200 |    6.778758ms |             ::1 | GET      "/api/v1/queue/station-moknin"
[GIN] 2025/10/20 - 11:05:33 | 204 |      32.931µs |             ::1 | OPTIONS  "/api/v1/queue-summaries"
[GIN] 2025/10/20 - 11:05:33 | 204 |       13.42µs |             ::1 | OPTIONS  "/api/v1/queue/station-moknin"
::1 - [20/Oct/2025:11:05:33 +0100] "GET /api/v1/queue-summaries HTTP/1.1 200 1.837092ms "Mozilla/5.0 (X11; Linux x86_64) AppleWebKit/537.36 (KHTML, like Gecko) louaj-desktop/0.1.0 Chrome/124.0.6367.243 Electron/30.5.1 Safari/537.36" "
[GIN] 2025/10/20 - 11:05:33 | 200 |    1.931978ms |             ::1 | GET      "/api/v1/queue-summaries"
::1 - [20/Oct/2025:11:05:33 +0100] "GET /api/v1/queue/station-moknin HTTP/1.1 200 2.191469ms "Mozilla/5.0 (X11; Linux x86_64) AppleWebKit/537.36 (KHTML, like Gecko) louaj-desktop/0.1.0 Chrome/124.0.6367.243 Electron/30.5.1 Safari/537.36" "
[GIN] 2025/10/20 - 11:05:33 | 200 |    2.300116ms |             ::1 | GET      "/api/v1/queue/station-moknin"
[GIN] 2025/10/20 - 11:05:42 | 204 |       5.997µs |             ::1 | OPTIONS  "/api/v1/queue/station-teboulba"
::1 - [20/Oct/2025:11:05:42 +0100] "GET /api/v1/queue/station-teboulba HTTP/1.1 200 1.291709ms "Mozilla/5.0 (X11; Linux x86_64) AppleWebKit/537.36 (KHTML, like Gecko) louaj-desktop/0.1.0 Chrome/124.0.6367.243 Electron/30.5.1 Safari/537.36" "
[GIN] 2025/10/20 - 11:05:42 | 200 |    1.391918ms |             ::1 | GET      "/api/v1/queue/station-teboulba"
[GIN] 2025/10/20 - 11:05:47 | 204 |       7.615µs |             ::1 | OPTIONS  "/api/v1/queue-summaries"
[GIN] 2025/10/20 - 11:05:47 | 204 |       6.815µs |             ::1 | OPTIONS  "/api/v1/queue/station-teboulba"
::1 - [20/Oct/2025:11:05:47 +0100] "GET /api/v1/queue-summaries HTTP/1.1 200 1.09356ms "Mozilla/5.0 (X11; Linux x86_64) AppleWebKit/537.36 (KHTML, like Gecko) louaj-desktop/0.1.0 Chrome/124.0.6367.243 Electron/30.5.1 Safari/537.36" "
[GIN] 2025/10/20 - 11:05:47 | 200 |    1.306871ms |             ::1 | GET      "/api/v1/queue-summaries"
::1 - [20/Oct/2025:11:05:47 +0100] "GET /api/v1/queue/station-teboulba HTTP/1.1 200 788.892µs "Mozilla/5.0 (X11; Linux x86_64) AppleWebKit/537.36 (KHTML, like Gecko) louaj-desktop/0.1.0 Chrome/124.0.6367.243 Electron/30.5.1 Safari/537.36" "
[GIN] 2025/10/20 - 11:05:47 | 200 |     848.623µs |             ::1 | GET      "/api/v1/queue/station-teboulba"
::1 - [20/Oct/2025:11:11:18 +0100] "GET /health HTTP/1.1 200 53.077µs "Mozilla/5.0 (X11; Linux x86_64) AppleWebKit/537.36 (KHTML, like Gecko) louaj-desktop/0.1.0 Chrome/124.0.6367.243 Electron/30.5.1 Safari/537.36" "
[GIN] 2025/10/20 - 11:11:18 | 200 |     139.846µs |             ::1 | GET      "/health"
::1 - [20/Oct/2025:11:11:18 +0100] "GET /health HTTP/1.1 200 44.099µs "Mozilla/5.0 (X11; Linux x86_64) AppleWebKit/537.36 (KHTML, like Gecko) louaj-desktop/0.1.0 Chrome/124.0.6367.243 Electron/30.5.1 Safari/537.36" "
[GIN] 2025/10/20 - 11:11:18 | 200 |      99.666µs |             ::1 | GET      "/health"
[GIN] 2025/10/20 - 11:11:18 | 204 |       7.929µs |             ::1 | OPTIONS  "/api/v1/queue-summaries"
[GIN] 2025/10/20 - 11:11:18 | 204 |       5.301µs |             ::1 | OPTIONS  "/api/v1/queue-summaries"
::1 - [20/Oct/2025:11:11:18 +0100] "GET /api/v1/queue-summaries HTTP/1.1 200 806.825µs "Mozilla/5.0 (X11; Linux x86_64) AppleWebKit/537.36 (KHTML, like Gecko) louaj-desktop/0.1.0 Chrome/124.0.6367.243 Electron/30.5.1 Safari/537.36" "
[GIN] 2025/10/20 - 11:11:18 | 200 |     860.841µs |             ::1 | GET      "/api/v1/queue-summaries"
::1 - [20/Oct/2025:11:11:18 +0100] "GET /api/v1/queue-summaries HTTP/1.1 200 357.348µs "Mozilla/5.0 (X11; Linux x86_64) AppleWebKit/537.36 (KHTML, like Gecko) louaj-desktop/0.1.0 Chrome/124.0.6367.243 Electron/30.5.1 Safari/537.36" "
[GIN] 2025/10/20 - 11:11:18 | 200 |     403.991µs |             ::1 | GET      "/api/v1/queue-summaries"
[GIN] 2025/10/20 - 11:11:18 | 204 |      11.767µs |             ::1 | OPTIONS  "/api/v1/queue/station-moknin"
::1 - [20/Oct/2025:11:11:18 +0100] "GET /api/v1/queue/station-moknin HTTP/1.1 200 1.217186ms "Mozilla/5.0 (X11; Linux x86_64) AppleWebKit/537.36 (KHTML, like Gecko) louaj-desktop/0.1.0 Chrome/124.0.6367.243 Electron/30.5.1 Safari/537.36" "
[GIN] 2025/10/20 - 11:11:18 | 200 |    1.263785ms |             ::1 | GET      "/api/v1/queue/station-moknin"
[GIN] 2025/10/20 - 11:11:19 | 204 |       9.238µs |             ::1 | OPTIONS  "/api/v1/queue/station-teboulba"
::1 - [20/Oct/2025:11:11:19 +0100] "GET /api/v1/queue/station-teboulba HTTP/1.1 200 615.249µs "Mozilla/5.0 (X11; Linux x86_64) AppleWebKit/537.36 (KHTML, like Gecko) louaj-desktop/0.1.0 Chrome/124.0.6367.243 Electron/30.5.1 Safari/537.36" "
[GIN] 2025/10/20 - 11:11:19 | 200 |     669.628µs |             ::1 | GET      "/api/v1/queue/station-teboulba"
::1 - [20/Oct/2025:11:11:20 +0100] "GET /api/v1/queue/station-moknin HTTP/1.1 200 725.485µs "Mozilla/5.0 (X11; Linux x86_64) AppleWebKit/537.36 (KHTML, like Gecko) louaj-desktop/0.1.0 Chrome/124.0.6367.243 Electron/30.5.1 Safari/537.36" "
[GIN] 2025/10/20 - 11:11:20 | 200 |     782.063µs |             ::1 | GET      "/api/v1/queue/station-moknin"
::1 - [20/Oct/2025:11:11:22 +0100] "GET /api/v1/queue/station-moknin HTTP/1.1 200 781.421µs "Mozilla/5.0 (X11; Linux x86_64) AppleWebKit/537.36 (KHTML, like Gecko) louaj-desktop/0.1.0 Chrome/124.0.6367.243 Electron/30.5.1 Safari/537.36" "
[GIN] 2025/10/20 - 11:11:22 | 200 |      861.52µs |             ::1 | GET      "/api/v1/queue/station-moknin"
::1 - [20/Oct/2025:11:11:22 +0100] "GET /api/v1/queue-summaries HTTP/1.1 200 489.64µs "Mozilla/5.0 (X11; Linux x86_64) AppleWebKit/537.36 (KHTML, like Gecko) louaj-desktop/0.1.0 Chrome/124.0.6367.243 Electron/30.5.1 Safari/537.36" "
[GIN] 2025/10/20 - 11:11:22 | 200 |     568.845µs |             ::1 | GET      "/api/v1/queue-summaries"
[GIN] 2025/10/20 - 11:11:29 | 204 |      10.974µs |             ::1 | OPTIONS  "/api/v1/queue/station-moknin"
::1 - [20/Oct/2025:11:11:29 +0100] "GET /api/v1/queue/station-moknin HTTP/1.1 200 1.325093ms "Mozilla/5.0 (X11; Linux x86_64) AppleWebKit/537.36 (KHTML, like Gecko) louaj-desktop/0.1.0 Chrome/124.0.6367.243 Electron/30.5.1 Safari/537.36" "
[GIN] 2025/10/20 - 11:11:29 | 200 |    1.409399ms |             ::1 | GET      "/api/v1/queue/station-moknin"
[GIN] 2025/10/20 - 11:11:29 | 204 |       12.33µs |             ::1 | OPTIONS  "/api/v1/queue-summaries"
::1 - [20/Oct/2025:11:11:29 +0100] "GET /api/v1/queue-summaries HTTP/1.1 200 623.365µs "Mozilla/5.0 (X11; Linux x86_64) AppleWebKit/537.36 (KHTML, like Gecko) louaj-desktop/0.1.0 Chrome/124.0.6367.243 Electron/30.5.1 Safari/537.36" "
[GIN] 2025/10/20 - 11:11:29 | 200 |      733.67µs |             ::1 | GET      "/api/v1/queue-summaries"
::1 - [20/Oct/2025:11:11:35 +0100] "GET /health HTTP/1.1 200 78.38µs "Mozilla/5.0 (X11; Linux x86_64) AppleWebKit/537.36 (KHTML, like Gecko) louaj-desktop/0.1.0 Chrome/124.0.6367.243 Electron/30.5.1 Safari/537.36" "
[GIN] 2025/10/20 - 11:11:35 | 200 |      299.39µs |             ::1 | GET      "/health"
::1 - [20/Oct/2025:11:11:35 +0100] "GET /health HTTP/1.1 200 123.606µs "Mozilla/5.0 (X11; Linux x86_64) AppleWebKit/537.36 (KHTML, like Gecko) louaj-desktop/0.1.0 Chrome/124.0.6367.243 Electron/30.5.1 Safari/537.36" "
[GIN] 2025/10/20 - 11:11:35 | 200 |     433.389µs |             ::1 | GET      "/health"
[GIN] 2025/10/20 - 11:11:35 | 204 |      30.661µs |             ::1 | OPTIONS  "/api/v1/queue-summaries"
[GIN] 2025/10/20 - 11:11:35 | 204 |      27.419µs |             ::1 | OPTIONS  "/api/v1/queue-summaries"
::1 - [20/Oct/2025:11:11:35 +0100] "GET /api/v1/queue-summaries HTTP/1.1 200 3.549465ms "Mozilla/5.0 (X11; Linux x86_64) AppleWebKit/537.36 (KHTML, like Gecko) louaj-desktop/0.1.0 Chrome/124.0.6367.243 Electron/30.5.1 Safari/537.36" "
[GIN] 2025/10/20 - 11:11:35 | 200 |    3.990922ms |             ::1 | GET      "/api/v1/queue-summaries"
::1 - [20/Oct/2025:11:11:35 +0100] "GET /api/v1/queue-summaries HTTP/1.1 200 2.86645ms "Mozilla/5.0 (X11; Linux x86_64) AppleWebKit/537.36 (KHTML, like Gecko) louaj-desktop/0.1.0 Chrome/124.0.6367.243 Electron/30.5.1 Safari/537.36" "
[GIN] 2025/10/20 - 11:11:35 | 200 |    3.249202ms |             ::1 | GET      "/api/v1/queue-summaries"
[GIN] 2025/10/20 - 11:11:35 | 204 |      49.673µs |             ::1 | OPTIONS  "/api/v1/queue/station-moknin"
::1 - [20/Oct/2025:11:11:35 +0100] "GET /api/v1/queue/station-moknin HTTP/1.1 200 2.21079ms "Mozilla/5.0 (X11; Linux x86_64) AppleWebKit/537.36 (KHTML, like Gecko) louaj-desktop/0.1.0 Chrome/124.0.6367.243 Electron/30.5.1 Safari/537.36" "
[GIN] 2025/10/20 - 11:11:35 | 200 |    2.696315ms |             ::1 | GET      "/api/v1/queue/station-moknin"
::1 - [20/Oct/2025:11:11:36 +0100] "GET /health HTTP/1.1 200 60.419µs "Mozilla/5.0 (X11; Linux x86_64) AppleWebKit/537.36 (KHTML, like Gecko) louaj-desktop/0.1.0 Chrome/124.0.6367.243 Electron/30.5.1 Safari/537.36" "
[GIN] 2025/10/20 - 11:11:36 | 200 |     254.829µs |             ::1 | GET      "/health"
::1 - [20/Oct/2025:11:11:36 +0100] "GET /health HTTP/1.1 200 252.955µs "Mozilla/5.0 (X11; Linux x86_64) AppleWebKit/537.36 (KHTML, like Gecko) louaj-desktop/0.1.0 Chrome/124.0.6367.243 Electron/30.5.1 Safari/537.36" "
[GIN] 2025/10/20 - 11:11:36 | 200 |     648.088µs |             ::1 | GET      "/health"
::1 - [20/Oct/2025:11:11:36 +0100] "GET /api/v1/queue-summaries HTTP/1.1 200 1.343834ms "Mozilla/5.0 (X11; Linux x86_64) AppleWebKit/537.36 (KHTML, like Gecko) louaj-desktop/0.1.0 Chrome/124.0.6367.243 Electron/30.5.1 Safari/537.36" "
[GIN] 2025/10/20 - 11:11:36 | 200 |    1.572011ms |             ::1 | GET      "/api/v1/queue-summaries"
::1 - [20/Oct/2025:11:11:36 +0100] "GET /api/v1/queue-summaries HTTP/1.1 200 868.621µs "Mozilla/5.0 (X11; Linux x86_64) AppleWebKit/537.36 (KHTML, like Gecko) louaj-desktop/0.1.0 Chrome/124.0.6367.243 Electron/30.5.1 Safari/537.36" "
[GIN] 2025/10/20 - 11:11:36 | 200 |     964.254µs |             ::1 | GET      "/api/v1/queue-summaries"
::1 - [20/Oct/2025:11:11:36 +0100] "GET /api/v1/queue/station-moknin HTTP/1.1 200 4.34386ms "Mozilla/5.0 (X11; Linux x86_64) AppleWebKit/537.36 (KHTML, like Gecko) louaj-desktop/0.1.0 Chrome/124.0.6367.243 Electron/30.5.1 Safari/537.36" "
[GIN] 2025/10/20 - 11:11:36 | 200 |    5.012832ms |             ::1 | GET      "/api/v1/queue/station-moknin"
::1 - [20/Oct/2025:11:11:37 +0100] "GET /health HTTP/1.1 200 50.68µs "Mozilla/5.0 (X11; Linux x86_64) AppleWebKit/537.36 (KHTML, like Gecko) louaj-desktop/0.1.0 Chrome/124.0.6367.243 Electron/30.5.1 Safari/537.36" "
[GIN] 2025/10/20 - 11:11:37 | 200 |     168.425µs |             ::1 | GET      "/health"
::1 - [20/Oct/2025:11:11:37 +0100] "GET /health HTTP/1.1 200 36.903µs "Mozilla/5.0 (X11; Linux x86_64) AppleWebKit/537.36 (KHTML, like Gecko) louaj-desktop/0.1.0 Chrome/124.0.6367.243 Electron/30.5.1 Safari/537.36" "
[GIN] 2025/10/20 - 11:11:37 | 200 |     146.239µs |             ::1 | GET      "/health"
::1 - [20/Oct/2025:11:11:37 +0100] "GET /api/v1/queue-summaries HTTP/1.1 200 1.131421ms "Mozilla/5.0 (X11; Linux x86_64) AppleWebKit/537.36 (KHTML, like Gecko) louaj-desktop/0.1.0 Chrome/124.0.6367.243 Electron/30.5.1 Safari/537.36" "
[GIN] 2025/10/20 - 11:11:37 | 200 |     1.24965ms |             ::1 | GET      "/api/v1/queue-summaries"
::1 - [20/Oct/2025:11:11:37 +0100] "GET /api/v1/queue-summaries HTTP/1.1 200 1.004297ms "Mozilla/5.0 (X11; Linux x86_64) AppleWebKit/537.36 (KHTML, like Gecko) louaj-desktop/0.1.0 Chrome/124.0.6367.243 Electron/30.5.1 Safari/537.36" "
[GIN] 2025/10/20 - 11:11:37 | 200 |    1.106248ms |             ::1 | GET      "/api/v1/queue-summaries"
::1 - [20/Oct/2025:11:11:37 +0100] "GET /api/v1/queue/station-moknin HTTP/1.1 200 2.14607ms "Mozilla/5.0 (X11; Linux x86_64) AppleWebKit/537.36 (KHTML, like Gecko) louaj-desktop/0.1.0 Chrome/124.0.6367.243 Electron/30.5.1 Safari/537.36" "
[GIN] 2025/10/20 - 11:11:37 | 200 |    2.424065ms |             ::1 | GET      "/api/v1/queue/station-moknin"
[GIN] 2025/10/20 - 11:11:39 | 204 |      15.117µs |             ::1 | OPTIONS  "/api/v1/queue/station-teboulba"
::1 - [20/Oct/2025:11:11:39 +0100] "GET /api/v1/queue/station-teboulba HTTP/1.1 200 1.952795ms "Mozilla/5.0 (X11; Linux x86_64) AppleWebKit/537.36 (KHTML, like Gecko) louaj-desktop/0.1.0 Chrome/124.0.6367.243 Electron/30.5.1 Safari/537.36" "
[GIN] 2025/10/20 - 11:11:39 | 200 |    2.073326ms |             ::1 | GET      "/api/v1/queue/station-teboulba"
::1 - [20/Oct/2025:11:11:39 +0100] "GET /health HTTP/1.1 200 46.447µs "Mozilla/5.0 (X11; Linux x86_64) AppleWebKit/537.36 (KHTML, like Gecko) louaj-desktop/0.1.0 Chrome/124.0.6367.243 Electron/30.5.1 Safari/537.36" "
[GIN] 2025/10/20 - 11:11:39 | 200 |     153.073µs |             ::1 | GET      "/health"
::1 - [20/Oct/2025:11:11:39 +0100] "GET /health HTTP/1.1 200 47.09µs "Mozilla/5.0 (X11; Linux x86_64) AppleWebKit/537.36 (KHTML, like Gecko) louaj-desktop/0.1.0 Chrome/124.0.6367.243 Electron/30.5.1 Safari/537.36" "
[GIN] 2025/10/20 - 11:11:39 | 200 |     187.747µs |             ::1 | GET      "/health"
::1 - [20/Oct/2025:11:11:39 +0100] "GET /api/v1/queue-summaries HTTP/1.1 200 1.337557ms "Mozilla/5.0 (X11; Linux x86_64) AppleWebKit/537.36 (KHTML, like Gecko) louaj-desktop/0.1.0 Chrome/124.0.6367.243 Electron/30.5.1 Safari/537.36" "
[GIN] 2025/10/20 - 11:11:39 | 200 |    1.446834ms |             ::1 | GET      "/api/v1/queue-summaries"
::1 - [20/Oct/2025:11:11:39 +0100] "GET /api/v1/queue-summaries HTTP/1.1 200 877.052µs "Mozilla/5.0 (X11; Linux x86_64) AppleWebKit/537.36 (KHTML, like Gecko) louaj-desktop/0.1.0 Chrome/124.0.6367.243 Electron/30.5.1 Safari/537.36" "
[GIN] 2025/10/20 - 11:11:39 | 200 |     959.928µs |             ::1 | GET      "/api/v1/queue-summaries"
::1 - [20/Oct/2025:11:11:39 +0100] "GET /api/v1/queue/station-moknin HTTP/1.1 200 2.335958ms "Mozilla/5.0 (X11; Linux x86_64) AppleWebKit/537.36 (KHTML, like Gecko) louaj-desktop/0.1.0 Chrome/124.0.6367.243 Electron/30.5.1 Safari/537.36" "
[GIN] 2025/10/20 - 11:11:39 | 200 |     2.44938ms |             ::1 | GET      "/api/v1/queue/station-moknin"
::1 - [20/Oct/2025:11:17:35 +0100] "GET /health HTTP/1.1 200 63.124µs "Mozilla/5.0 (X11; Linux x86_64) AppleWebKit/537.36 (KHTML, like Gecko) louaj-desktop/0.1.0 Chrome/124.0.6367.243 Electron/30.5.1 Safari/537.36" "
[GIN] 2025/10/20 - 11:17:35 | 200 |     151.932µs |             ::1 | GET      "/health"
::1 - [20/Oct/2025:11:17:35 +0100] "GET /health HTTP/1.1 200 37.58µs "Mozilla/5.0 (X11; Linux x86_64) AppleWebKit/537.36 (KHTML, like Gecko) louaj-desktop/0.1.0 Chrome/124.0.6367.243 Electron/30.5.1 Safari/537.36" "
[GIN] 2025/10/20 - 11:17:35 | 200 |     194.653µs |             ::1 | GET      "/health"
[GIN] 2025/10/20 - 11:17:35 | 204 |       8.486µs |             ::1 | OPTIONS  "/api/v1/queue-summaries"
[GIN] 2025/10/20 - 11:17:35 | 204 |      12.012µs |             ::1 | OPTIONS  "/api/v1/queue-summaries"
::1 - [20/Oct/2025:11:17:35 +0100] "GET /api/v1/queue-summaries HTTP/1.1 200 1.353121ms "Mozilla/5.0 (X11; Linux x86_64) AppleWebKit/537.36 (KHTML, like Gecko) louaj-desktop/0.1.0 Chrome/124.0.6367.243 Electron/30.5.1 Safari/537.36" "
[GIN] 2025/10/20 - 11:17:35 | 200 |    1.419726ms |             ::1 | GET      "/api/v1/queue-summaries"
::1 - [20/Oct/2025:11:17:35 +0100] "GET /api/v1/queue-summaries HTTP/1.1 200 624.131µs "Mozilla/5.0 (X11; Linux x86_64) AppleWebKit/537.36 (KHTML, like Gecko) louaj-desktop/0.1.0 Chrome/124.0.6367.243 Electron/30.5.1 Safari/537.36" "
[GIN] 2025/10/20 - 11:17:35 | 200 |     706.552µs |             ::1 | GET      "/api/v1/queue-summaries"
[GIN] 2025/10/20 - 11:17:35 | 204 |      13.313µs |             ::1 | OPTIONS  "/api/v1/queue/station-moknin"
::1 - [20/Oct/2025:11:17:35 +0100] "GET /api/v1/queue/station-moknin HTTP/1.1 200 3.084047ms "Mozilla/5.0 (X11; Linux x86_64) AppleWebKit/537.36 (KHTML, like Gecko) louaj-desktop/0.1.0 Chrome/124.0.6367.243 Electron/30.5.1 Safari/537.36" "
[GIN] 2025/10/20 - 11:17:35 | 200 |    3.199314ms |             ::1 | GET      "/api/v1/queue/station-moknin"
::1 - [20/Oct/2025:11:17:35 +0100] "GET /health HTTP/1.1 200 43.14µs "Mozilla/5.0 (X11; Linux x86_64) AppleWebKit/537.36 (KHTML, like Gecko) louaj-desktop/0.1.0 Chrome/124.0.6367.243 Electron/30.5.1 Safari/537.36" "
[GIN] 2025/10/20 - 11:17:35 | 200 |     123.667µs |             ::1 | GET      "/health"
::1 - [20/Oct/2025:11:17:35 +0100] "GET /health HTTP/1.1 200 36.942µs "Mozilla/5.0 (X11; Linux x86_64) AppleWebKit/537.36 (KHTML, like Gecko) louaj-desktop/0.1.0 Chrome/124.0.6367.243 Electron/30.5.1 Safari/537.36" "
[GIN] 2025/10/20 - 11:17:35 | 200 |     125.451µs |             ::1 | GET      "/health"
::1 - [20/Oct/2025:11:17:35 +0100] "GET /api/v1/queue-summaries HTTP/1.1 200 572.386µs "Mozilla/5.0 (X11; Linux x86_64) AppleWebKit/537.36 (KHTML, like Gecko) louaj-desktop/0.1.0 Chrome/124.0.6367.243 Electron/30.5.1 Safari/537.36" "
[GIN] 2025/10/20 - 11:17:35 | 200 |     622.706µs |             ::1 | GET      "/api/v1/queue-summaries"
::1 - [20/Oct/2025:11:17:35 +0100] "GET /api/v1/queue-summaries HTTP/1.1 200 548.06µs "Mozilla/5.0 (X11; Linux x86_64) AppleWebKit/537.36 (KHTML, like Gecko) louaj-desktop/0.1.0 Chrome/124.0.6367.243 Electron/30.5.1 Safari/537.36" "
[GIN] 2025/10/20 - 11:17:35 | 200 |     616.348µs |             ::1 | GET      "/api/v1/queue-summaries"
::1 - [20/Oct/2025:11:17:35 +0100] "GET /api/v1/queue/station-moknin HTTP/1.1 200 938.792µs "Mozilla/5.0 (X11; Linux x86_64) AppleWebKit/537.36 (KHTML, like Gecko) louaj-desktop/0.1.0 Chrome/124.0.6367.243 Electron/30.5.1 Safari/537.36" "
[GIN] 2025/10/20 - 11:17:35 | 200 |    1.183561ms |             ::1 | GET      "/api/v1/queue/station-moknin"
::1 - [20/Oct/2025:11:17:35 +0100] "GET /health HTTP/1.1 200 25.518µs "Mozilla/5.0 (X11; Linux x86_64) AppleWebKit/537.36 (KHTML, like Gecko) louaj-desktop/0.1.0 Chrome/124.0.6367.243 Electron/30.5.1 Safari/537.36" "
[GIN] 2025/10/20 - 11:17:35 | 200 |      97.396µs |             ::1 | GET      "/health"
::1 - [20/Oct/2025:11:17:35 +0100] "GET /health HTTP/1.1 200 31.926µs "Mozilla/5.0 (X11; Linux x86_64) AppleWebKit/537.36 (KHTML, like Gecko) louaj-desktop/0.1.0 Chrome/124.0.6367.243 Electron/30.5.1 Safari/537.36" "
[GIN] 2025/10/20 - 11:17:35 | 200 |      116.93µs |             ::1 | GET      "/health"
::1 - [20/Oct/2025:11:17:35 +0100] "GET /api/v1/queue-summaries HTTP/1.1 200 1.10586ms "Mozilla/5.0 (X11; Linux x86_64) AppleWebKit/537.36 (KHTML, like Gecko) louaj-desktop/0.1.0 Chrome/124.0.6367.243 Electron/30.5.1 Safari/537.36" "
[GIN] 2025/10/20 - 11:17:35 | 200 |    1.233672ms |             ::1 | GET      "/api/v1/queue-summaries"
::1 - [20/Oct/2025:11:17:35 +0100] "GET /api/v1/queue-summaries HTTP/1.1 200 480.635µs "Mozilla/5.0 (X11; Linux x86_64) AppleWebKit/537.36 (KHTML, like Gecko) louaj-desktop/0.1.0 Chrome/124.0.6367.243 Electron/30.5.1 Safari/537.36" "
[GIN] 2025/10/20 - 11:17:35 | 200 |     525.908µs |             ::1 | GET      "/api/v1/queue-summaries"
::1 - [20/Oct/2025:11:17:35 +0100] "GET /api/v1/queue/station-moknin HTTP/1.1 200 1.346602ms "Mozilla/5.0 (X11; Linux x86_64) AppleWebKit/537.36 (KHTML, like Gecko) louaj-desktop/0.1.0 Chrome/124.0.6367.243 Electron/30.5.1 Safari/537.36" "
[GIN] 2025/10/20 - 11:17:35 | 200 |      1.4537ms |             ::1 | GET      "/api/v1/queue/station-moknin"
[GIN] 2025/10/20 - 11:17:42 | 204 |       5.919µs |             ::1 | OPTIONS  "/api/v1/queue/station-moknin"
::1 - [20/Oct/2025:11:17:42 +0100] "GET /api/v1/queue/station-moknin HTTP/1.1 200 753.779µs "Mozilla/5.0 (X11; Linux x86_64) AppleWebKit/537.36 (KHTML, like Gecko) louaj-desktop/0.1.0 Chrome/124.0.6367.243 Electron/30.5.1 Safari/537.36" "
[GIN] 2025/10/20 - 11:17:42 | 200 |     816.569µs |             ::1 | GET      "/api/v1/queue/station-moknin"
[GIN] 2025/10/20 - 11:17:42 | 204 |       6.833µs |             ::1 | OPTIONS  "/api/v1/queue-summaries"
::1 - [20/Oct/2025:11:17:42 +0100] "GET /api/v1/queue-summaries HTTP/1.1 200 466.601µs "Mozilla/5.0 (X11; Linux x86_64) AppleWebKit/537.36 (KHTML, like Gecko) louaj-desktop/0.1.0 Chrome/124.0.6367.243 Electron/30.5.1 Safari/537.36" "
[GIN] 2025/10/20 - 11:17:42 | 200 |      530.34µs |             ::1 | GET      "/api/v1/queue-summaries"
::1 - [20/Oct/2025:11:17:44 +0100] "GET /api/v1/queue/station-moknin HTTP/1.1 200 771.749µs "Mozilla/5.0 (X11; Linux x86_64) AppleWebKit/537.36 (KHTML, like Gecko) louaj-desktop/0.1.0 Chrome/124.0.6367.243 Electron/30.5.1 Safari/537.36" "
[GIN] 2025/10/20 - 11:17:44 | 200 |     830.997µs |             ::1 | GET      "/api/v1/queue/station-moknin"
::1 - [20/Oct/2025:11:17:47 +0100] "GET /health HTTP/1.1 200 46.015µs "Mozilla/5.0 (X11; Linux x86_64) AppleWebKit/537.36 (KHTML, like Gecko) louaj-desktop/0.1.0 Chrome/124.0.6367.243 Electron/30.5.1 Safari/537.36" "
[GIN] 2025/10/20 - 11:17:47 | 200 |     173.645µs |             ::1 | GET      "/health"
::1 - [20/Oct/2025:11:17:47 +0100] "GET /health HTTP/1.1 200 41.966µs "Mozilla/5.0 (X11; Linux x86_64) AppleWebKit/537.36 (KHTML, like Gecko) louaj-desktop/0.1.0 Chrome/124.0.6367.243 Electron/30.5.1 Safari/537.36" "
[GIN] 2025/10/20 - 11:17:47 | 200 |     121.669µs |             ::1 | GET      "/health"
[GIN] 2025/10/20 - 11:17:47 | 204 |      22.731µs |             ::1 | OPTIONS  "/api/v1/queue-summaries"
[GIN] 2025/10/20 - 11:17:47 | 204 |       9.427µs |             ::1 | OPTIONS  "/api/v1/queue-summaries"
::1 - [20/Oct/2025:11:17:47 +0100] "GET /api/v1/queue-summaries HTTP/1.1 200 2.239696ms "Mozilla/5.0 (X11; Linux x86_64) AppleWebKit/537.36 (KHTML, like Gecko) louaj-desktop/0.1.0 Chrome/124.0.6367.243 Electron/30.5.1 Safari/537.36" "
[GIN] 2025/10/20 - 11:17:47 | 200 |     2.65118ms |             ::1 | GET      "/api/v1/queue-summaries"
::1 - [20/Oct/2025:11:17:47 +0100] "GET /api/v1/queue-summaries HTTP/1.1 200 1.828104ms "Mozilla/5.0 (X11; Linux x86_64) AppleWebKit/537.36 (KHTML, like Gecko) louaj-desktop/0.1.0 Chrome/124.0.6367.243 Electron/30.5.1 Safari/537.36" "
[GIN] 2025/10/20 - 11:17:47 | 200 |    2.055499ms |             ::1 | GET      "/api/v1/queue-summaries"
[GIN] 2025/10/20 - 11:17:47 | 204 |      13.106µs |             ::1 | OPTIONS  "/api/v1/queue/station-teboulba"
::1 - [20/Oct/2025:11:17:47 +0100] "GET /api/v1/queue/station-teboulba HTTP/1.1 200 1.261901ms "Mozilla/5.0 (X11; Linux x86_64) AppleWebKit/537.36 (KHTML, like Gecko) louaj-desktop/0.1.0 Chrome/124.0.6367.243 Electron/30.5.1 Safari/537.36" "
[GIN] 2025/10/20 - 11:17:47 | 200 |    1.391346ms |             ::1 | GET      "/api/v1/queue/station-teboulba"
127.0.0.1 - [20/Oct/2025:11:18:56 +0100] "GET /api/v1/queue/station-jemmal HTTP/1.1 200 5.4405ms "curl/7.81.0" "
[GIN] 2025/10/20 - 11:18:56 | 200 |    5.535145ms |       127.0.0.1 | GET      "/api/v1/queue/station-jemmal"
::1 - [20/Oct/2025:11:23:48 +0100] "GET /health HTTP/1.1 200 50.016µs "Mozilla/5.0 (X11; Linux x86_64) AppleWebKit/537.36 (KHTML, like Gecko) louaj-desktop/0.1.0 Chrome/124.0.6367.243 Electron/30.5.1 Safari/537.36" "
[GIN] 2025/10/20 - 11:23:48 | 200 |     131.599µs |             ::1 | GET      "/health"
::1 - [20/Oct/2025:11:23:48 +0100] "GET /health HTTP/1.1 200 31.778µs "Mozilla/5.0 (X11; Linux x86_64) AppleWebKit/537.36 (KHTML, like Gecko) louaj-desktop/0.1.0 Chrome/124.0.6367.243 Electron/30.5.1 Safari/537.36" "
[GIN] 2025/10/20 - 11:23:48 | 200 |     132.255µs |             ::1 | GET      "/health"
[GIN] 2025/10/20 - 11:23:48 | 204 |      69.775µs |             ::1 | OPTIONS  "/api/v1/queue-summaries"
[GIN] 2025/10/20 - 11:23:48 | 204 |      26.056µs |             ::1 | OPTIONS  "/api/v1/queue-summaries"
::1 - [20/Oct/2025:11:23:48 +0100] "GET /api/v1/queue-summaries HTTP/1.1 200 660.357µs "Mozilla/5.0 (X11; Linux x86_64) AppleWebKit/537.36 (KHTML, like Gecko) louaj-desktop/0.1.0 Chrome/124.0.6367.243 Electron/30.5.1 Safari/537.36" "
[GIN] 2025/10/20 - 11:23:48 | 200 |     744.359µs |             ::1 | GET      "/api/v1/queue-summaries"
::1 - [20/Oct/2025:11:23:48 +0100] "GET /api/v1/queue-summaries HTTP/1.1 200 497.8µs "Mozilla/5.0 (X11; Linux x86_64) AppleWebKit/537.36 (KHTML, like Gecko) louaj-desktop/0.1.0 Chrome/124.0.6367.243 Electron/30.5.1 Safari/537.36" "
[GIN] 2025/10/20 - 11:23:48 | 200 |     569.976µs |             ::1 | GET      "/api/v1/queue-summaries"
[GIN] 2025/10/20 - 11:23:48 | 204 |      10.742µs |             ::1 | OPTIONS  "/api/v1/queue/station-teboulba"
::1 - [20/Oct/2025:11:23:48 +0100] "GET /api/v1/queue/station-teboulba HTTP/1.1 200 1.599775ms "Mozilla/5.0 (X11; Linux x86_64) AppleWebKit/537.36 (KHTML, like Gecko) louaj-desktop/0.1.0 Chrome/124.0.6367.243 Electron/30.5.1 Safari/537.36" "
[GIN] 2025/10/20 - 11:23:48 | 200 |    1.687651ms |             ::1 | GET      "/api/v1/queue/station-teboulba"
::1 - [20/Oct/2025:11:23:48 +0100] "GET /health HTTP/1.1 200 32.213µs "Mozilla/5.0 (X11; Linux x86_64) AppleWebKit/537.36 (KHTML, like Gecko) louaj-desktop/0.1.0 Chrome/124.0.6367.243 Electron/30.5.1 Safari/537.36" "
[GIN] 2025/10/20 - 11:23:48 | 200 |     119.731µs |             ::1 | GET      "/health"
::1 - [20/Oct/2025:11:23:48 +0100] "GET /health HTTP/1.1 200 22.377µs "Mozilla/5.0 (X11; Linux x86_64) AppleWebKit/537.36 (KHTML, like Gecko) louaj-desktop/0.1.0 Chrome/124.0.6367.243 Electron/30.5.1 Safari/537.36" "
[GIN] 2025/10/20 - 11:23:48 | 200 |      75.236µs |             ::1 | GET      "/health"
::1 - [20/Oct/2025:11:23:48 +0100] "GET /api/v1/queue-summaries HTTP/1.1 200 633.187µs "Mozilla/5.0 (X11; Linux x86_64) AppleWebKit/537.36 (KHTML, like Gecko) louaj-desktop/0.1.0 Chrome/124.0.6367.243 Electron/30.5.1 Safari/537.36" "
[GIN] 2025/10/20 - 11:23:48 | 200 |     742.975µs |             ::1 | GET      "/api/v1/queue-summaries"
::1 - [20/Oct/2025:11:23:48 +0100] "GET /api/v1/queue-summaries HTTP/1.1 200 479.844µs "Mozilla/5.0 (X11; Linux x86_64) AppleWebKit/537.36 (KHTML, like Gecko) louaj-desktop/0.1.0 Chrome/124.0.6367.243 Electron/30.5.1 Safari/537.36" "
[GIN] 2025/10/20 - 11:23:48 | 200 |     541.595µs |             ::1 | GET      "/api/v1/queue-summaries"
::1 - [20/Oct/2025:11:23:48 +0100] "GET /api/v1/queue/station-teboulba HTTP/1.1 200 1.27958ms "Mozilla/5.0 (X11; Linux x86_64) AppleWebKit/537.36 (KHTML, like Gecko) louaj-desktop/0.1.0 Chrome/124.0.6367.243 Electron/30.5.1 Safari/537.36" "
[GIN] 2025/10/20 - 11:23:48 | 200 |    1.336703ms |             ::1 | GET      "/api/v1/queue/station-teboulba"
::1 - [20/Oct/2025:11:23:50 +0100] "GET /api/v1/queue/station-teboulba HTTP/1.1 200 705.989µs "Mozilla/5.0 (X11; Linux x86_64) AppleWebKit/537.36 (KHTML, like Gecko) louaj-desktop/0.1.0 Chrome/124.0.6367.243 Electron/30.5.1 Safari/537.36" "
[GIN] 2025/10/20 - 11:23:50 | 200 |       761.5µs |             ::1 | GET      "/api/v1/queue/station-teboulba"
::1 - [20/Oct/2025:11:23:50 +0100] "GET /api/v1/queue-summaries HTTP/1.1 200 740.468µs "Mozilla/5.0 (X11; Linux x86_64) AppleWebKit/537.36 (KHTML, like Gecko) louaj-desktop/0.1.0 Chrome/124.0.6367.243 Electron/30.5.1 Safari/537.36" "
[GIN] 2025/10/20 - 11:23:50 | 200 |      829.08µs |             ::1 | GET      "/api/v1/queue-summaries"
[GIN] 2025/10/20 - 11:23:56 | 204 |       9.162µs |             ::1 | OPTIONS  "/api/v1/queue/station-teboulba"
::1 - [20/Oct/2025:11:23:56 +0100] "GET /api/v1/queue/station-teboulba HTTP/1.1 200 1.300021ms "Mozilla/5.0 (X11; Linux x86_64) AppleWebKit/537.36 (KHTML, like Gecko) louaj-desktop/0.1.0 Chrome/124.0.6367.243 Electron/30.5.1 Safari/537.36" "
[GIN] 2025/10/20 - 11:23:56 | 200 |    1.539146ms |             ::1 | GET      "/api/v1/queue/station-teboulba"
::1 - [20/Oct/2025:11:23:57 +0100] "GET /health HTTP/1.1 200 18.193µs "Mozilla/5.0 (X11; Linux x86_64) AppleWebKit/537.36 (KHTML, like Gecko) louaj-desktop/0.1.0 Chrome/124.0.6367.243 Electron/30.5.1 Safari/537.36" "
[GIN] 2025/10/20 - 11:23:57 | 200 |      68.761µs |             ::1 | GET      "/health"
::1 - [20/Oct/2025:11:23:57 +0100] "GET /health HTTP/1.1 200 34.669µs "Mozilla/5.0 (X11; Linux x86_64) AppleWebKit/537.36 (KHTML, like Gecko) louaj-desktop/0.1.0 Chrome/124.0.6367.243 Electron/30.5.1 Safari/537.36" "
[GIN] 2025/10/20 - 11:23:57 | 200 |     101.221µs |             ::1 | GET      "/health"
[GIN] 2025/10/20 - 11:23:57 | 204 |      13.282µs |             ::1 | OPTIONS  "/api/v1/queue-summaries"
[GIN] 2025/10/20 - 11:23:57 | 204 |       7.919µs |             ::1 | OPTIONS  "/api/v1/queue-summaries"
::1 - [20/Oct/2025:11:23:57 +0100] "GET /api/v1/queue-summaries HTTP/1.1 200 725.15µs "Mozilla/5.0 (X11; Linux x86_64) AppleWebKit/537.36 (KHTML, like Gecko) louaj-desktop/0.1.0 Chrome/124.0.6367.243 Electron/30.5.1 Safari/537.36" "
[GIN] 2025/10/20 - 11:23:57 | 200 |     801.121µs |             ::1 | GET      "/api/v1/queue-summaries"
::1 - [20/Oct/2025:11:23:57 +0100] "GET /api/v1/queue-summaries HTTP/1.1 200 385.985µs "Mozilla/5.0 (X11; Linux x86_64) AppleWebKit/537.36 (KHTML, like Gecko) louaj-desktop/0.1.0 Chrome/124.0.6367.243 Electron/30.5.1 Safari/537.36" "
[GIN] 2025/10/20 - 11:23:57 | 200 |      458.51µs |             ::1 | GET      "/api/v1/queue-summaries"
[GIN] 2025/10/20 - 11:25:51 | 204 |      22.009µs |             ::1 | OPTIONS  "/api/v1/queue-summaries"
::1 - [20/Oct/2025:11:25:51 +0100] "GET /api/v1/queue-summaries HTTP/1.1 200 2.668304ms "Mozilla/5.0 (X11; Linux x86_64) AppleWebKit/537.36 (KHTML, like Gecko) louaj-desktop/0.1.0 Chrome/124.0.6367.243 Electron/30.5.1 Safari/537.36" "
[GIN] 2025/10/20 - 11:25:51 | 200 |    2.860241ms |             ::1 | GET      "/api/v1/queue-summaries"
[GIN] 2025/10/20 - 11:26:01 | 204 |      16.598µs |             ::1 | OPTIONS  "/api/v1/queue-summaries"
::1 - [20/Oct/2025:11:26:01 +0100] "GET /api/v1/queue-summaries HTTP/1.1 200 1.364234ms "Mozilla/5.0 (X11; Linux x86_64) AppleWebKit/537.36 (KHTML, like Gecko) louaj-desktop/0.1.0 Chrome/124.0.6367.243 Electron/30.5.1 Safari/537.36" "
[GIN] 2025/10/20 - 11:26:01 | 200 |    1.551841ms |             ::1 | GET      "/api/v1/queue-summaries"
::1 - [20/Oct/2025:11:26:02 +0100] "GET /api/v1/queue-summaries HTTP/1.1 200 716.623µs "Mozilla/5.0 (X11; Linux x86_64) AppleWebKit/537.36 (KHTML, like Gecko) louaj-desktop/0.1.0 Chrome/124.0.6367.243 Electron/30.5.1 Safari/537.36" "
[GIN] 2025/10/20 - 11:26:02 | 200 |     826.975µs |             ::1 | GET      "/api/v1/queue-summaries"
::1 - [20/Oct/2025:11:26:03 +0100] "GET /api/v1/queue-summaries HTTP/1.1 200 923.34µs "Mozilla/5.0 (X11; Linux x86_64) AppleWebKit/537.36 (KHTML, like Gecko) louaj-desktop/0.1.0 Chrome/124.0.6367.243 Electron/30.5.1 Safari/537.36" "
[GIN] 2025/10/20 - 11:26:03 | 200 |      1.0436ms |             ::1 | GET      "/api/v1/queue-summaries"
::1 - [20/Oct/2025:11:26:03 +0100] "GET /api/v1/queue-summaries HTTP/1.1 200 559.955µs "Mozilla/5.0 (X11; Linux x86_64) AppleWebKit/537.36 (KHTML, like Gecko) louaj-desktop/0.1.0 Chrome/124.0.6367.243 Electron/30.5.1 Safari/537.36" "
[GIN] 2025/10/20 - 11:26:03 | 200 |     640.784µs |             ::1 | GET      "/api/v1/queue-summaries"
[GIN] 2025/10/20 - 11:26:22 | 204 |      10.196µs |             ::1 | OPTIONS  "/api/v1/queue-summaries"
::1 - [20/Oct/2025:11:26:22 +0100] "GET /api/v1/queue-summaries HTTP/1.1 200 1.313092ms "Mozilla/5.0 (X11; Linux x86_64) AppleWebKit/537.36 (KHTML, like Gecko) louaj-desktop/0.1.0 Chrome/124.0.6367.243 Electron/30.5.1 Safari/537.36" "
[GIN] 2025/10/20 - 11:26:22 | 200 |    1.548033ms |             ::1 | GET      "/api/v1/queue-summaries"
[GIN] 2025/10/20 - 11:28:52 | 204 |       48.66µs |             ::1 | OPTIONS  "/api/v1/queue-summaries"
[GIN] 2025/10/20 - 11:28:52 | 204 |      32.702µs |             ::1 | OPTIONS  "/api/v1/queue-summaries"
::1 - [20/Oct/2025:11:28:52 +0100] "GET /api/v1/queue-summaries HTTP/1.1 200 3.797178ms "Mozilla/5.0 (X11; Linux x86_64) AppleWebKit/537.36 (KHTML, like Gecko) louaj-desktop/0.1.0 Chrome/124.0.6367.243 Electron/30.5.1 Safari/537.36" "
[GIN] 2025/10/20 - 11:28:52 | 200 |    4.296035ms |             ::1 | GET      "/api/v1/queue-summaries"
::1 - [20/Oct/2025:11:28:52 +0100] "GET /api/v1/queue-summaries HTTP/1.1 200 3.397577ms "Mozilla/5.0 (X11; Linux x86_64) AppleWebKit/537.36 (KHTML, like Gecko) louaj-desktop/0.1.0 Chrome/124.0.6367.243 Electron/30.5.1 Safari/537.36" "
[GIN] 2025/10/20 - 11:28:52 | 200 |    3.898356ms |             ::1 | GET      "/api/v1/queue-summaries"
[GIN] 2025/10/20 - 11:29:55 | 204 |       61.12µs |             ::1 | OPTIONS  "/api/v1/queue-summaries"
::1 - [20/Oct/2025:11:29:55 +0100] "GET /api/v1/queue-summaries HTTP/1.1 200 3.533782ms "Mozilla/5.0 (X11; Linux x86_64) AppleWebKit/537.36 (KHTML, like Gecko) louaj-desktop/0.1.0 Chrome/124.0.6367.243 Electron/30.5.1 Safari/537.36" "
[GIN] 2025/10/20 - 11:29:55 | 200 |    4.037652ms |             ::1 | GET      "/api/v1/queue-summaries"
[GIN] 2025/10/20 - 11:30:29 | 204 |       6.237µs |             ::1 | OPTIONS  "/api/v1/queue-summaries"
::1 - [20/Oct/2025:11:30:29 +0100] "GET /api/v1/queue-summaries HTTP/1.1 200 680.573µs "Mozilla/5.0 (X11; Linux x86_64) AppleWebKit/537.36 (KHTML, like Gecko) louaj-desktop/0.1.0 Chrome/124.0.6367.243 Electron/30.5.1 Safari/537.36" "
[GIN] 2025/10/20 - 11:30:29 | 200 |     729.403µs |             ::1 | GET      "/api/v1/queue-summaries"
::1 - [20/Oct/2025:11:30:32 +0100] "GET /api/v1/queue-summaries HTTP/1.1 200 569.527µs "Mozilla/5.0 (X11; Linux x86_64) AppleWebKit/537.36 (KHTML, like Gecko) louaj-desktop/0.1.0 Chrome/124.0.6367.243 Electron/30.5.1 Safari/537.36" "
[GIN] 2025/10/20 - 11:30:32 | 200 |       613.6µs |             ::1 | GET      "/api/v1/queue-summaries"
[GIN] 2025/10/20 - 11:30:38 | 204 |       9.944µs |             ::1 | OPTIONS  "/api/v1/vehicles?search=555"
::1 - [20/Oct/2025:11:30:38 +0100] "GET /api/v1/vehicles?search=555 HTTP/1.1 200 6.612715ms "Mozilla/5.0 (X11; Linux x86_64) AppleWebKit/537.36 (KHTML, like Gecko) louaj-desktop/0.1.0 Chrome/124.0.6367.243 Electron/30.5.1 Safari/537.36" "
[GIN] 2025/10/20 - 11:30:38 | 200 |    6.746431ms |             ::1 | GET      "/api/v1/vehicles?search=555"
[GIN] 2025/10/20 - 11:30:43 | 204 |       8.684µs |             ::1 | OPTIONS  "/api/v1/vehicles?search=55"
::1 - [20/Oct/2025:11:30:43 +0100] "GET /api/v1/vehicles?search=55 HTTP/1.1 200 8.488196ms "Mozilla/5.0 (X11; Linux x86_64) AppleWebKit/537.36 (KHTML, like Gecko) louaj-desktop/0.1.0 Chrome/124.0.6367.243 Electron/30.5.1 Safari/537.36" "
[GIN] 2025/10/20 - 11:30:43 | 200 |    8.773474ms |             ::1 | GET      "/api/v1/vehicles?search=55"
[GIN] 2025/10/20 - 11:30:46 | 204 |       7.484µs |             ::1 | OPTIONS  "/api/v1/vehicles?search=554"
::1 - [20/Oct/2025:11:30:46 +0100] "GET /api/v1/vehicles?search=554 HTTP/1.1 200 939.389µs "Mozilla/5.0 (X11; Linux x86_64) AppleWebKit/537.36 (KHTML, like Gecko) louaj-desktop/0.1.0 Chrome/124.0.6367.243 Electron/30.5.1 Safari/537.36" "
[GIN] 2025/10/20 - 11:30:46 | 200 |     997.367µs |             ::1 | GET      "/api/v1/vehicles?search=554"
[GIN] 2025/10/20 - 11:32:07 | 204 |      18.975µs |             ::1 | OPTIONS  "/api/v1/queue-summaries"
::1 - [20/Oct/2025:11:32:07 +0100] "GET /api/v1/queue-summaries HTTP/1.1 200 1.777306ms "Mozilla/5.0 (X11; Linux x86_64) AppleWebKit/537.36 (KHTML, like Gecko) louaj-desktop/0.1.0 Chrome/124.0.6367.243 Electron/30.5.1 Safari/537.36" "
[GIN] 2025/10/20 - 11:32:07 | 200 |    2.163414ms |             ::1 | GET      "/api/v1/queue-summaries"
[GIN] 2025/10/20 - 11:32:30 | 204 |      23.861µs |             ::1 | OPTIONS  "/api/v1/queue-summaries"
::1 - [20/Oct/2025:11:32:30 +0100] "GET /api/v1/queue-summaries HTTP/1.1 200 1.621473ms "Mozilla/5.0 (X11; Linux x86_64) AppleWebKit/537.36 (KHTML, like Gecko) louaj-desktop/0.1.0 Chrome/124.0.6367.243 Electron/30.5.1 Safari/537.36" "
[GIN] 2025/10/20 - 11:32:30 | 200 |    1.696123ms |             ::1 | GET      "/api/v1/queue-summaries"
[GIN] 2025/10/20 - 11:32:40 | 204 |      29.325µs |             ::1 | OPTIONS  "/api/v1/vehicles?search=41"
::1 - [20/Oct/2025:11:32:40 +0100] "GET /api/v1/vehicles?search=41 HTTP/1.1 200 5.238243ms "Mozilla/5.0 (X11; Linux x86_64) AppleWebKit/537.36 (KHTML, like Gecko) louaj-desktop/0.1.0 Chrome/124.0.6367.243 Electron/30.5.1 Safari/537.36" "
[GIN] 2025/10/20 - 11:32:40 | 200 |    5.322179ms |             ::1 | GET      "/api/v1/vehicles?search=41"
[GIN] 2025/10/20 - 11:32:40 | 204 |       11.73µs |             ::1 | OPTIONS  "/api/v1/vehicles?search=411"
::1 - [20/Oct/2025:11:32:40 +0100] "GET /api/v1/vehicles?search=411 HTTP/1.1 200 2.446294ms "Mozilla/5.0 (X11; Linux x86_64) AppleWebKit/537.36 (KHTML, like Gecko) louaj-desktop/0.1.0 Chrome/124.0.6367.243 Electron/30.5.1 Safari/537.36" "
[GIN] 2025/10/20 - 11:32:40 | 200 |     2.56262ms |             ::1 | GET      "/api/v1/vehicles?search=411"
[GIN] 2025/10/20 - 11:32:41 | 204 |       10.39µs |             ::1 | OPTIONS  "/api/v1/vehicles?search=4112"
::1 - [20/Oct/2025:11:32:41 +0100] "GET /api/v1/vehicles?search=4112 HTTP/1.1 200 1.522499ms "Mozilla/5.0 (X11; Linux x86_64) AppleWebKit/537.36 (KHTML, like Gecko) louaj-desktop/0.1.0 Chrome/124.0.6367.243 Electron/30.5.1 Safari/537.36" "
[GIN] 2025/10/20 - 11:32:41 | 200 |    1.622897ms |             ::1 | GET      "/api/v1/vehicles?search=4112"
[GIN] 2025/10/20 - 11:32:42 | 204 |      27.102µs |             ::1 | OPTIONS  "/api/v1/vehicles?search=41122"
::1 - [20/Oct/2025:11:32:42 +0100] "GET /api/v1/vehicles?search=41122 HTTP/1.1 200 1.263879ms "Mozilla/5.0 (X11; Linux x86_64) AppleWebKit/537.36 (KHTML, like Gecko) louaj-desktop/0.1.0 Chrome/124.0.6367.243 Electron/30.5.1 Safari/537.36" "
[GIN] 2025/10/20 - 11:32:42 | 200 |    1.325423ms |             ::1 | GET      "/api/v1/vehicles?search=41122"
::1 - [20/Oct/2025:11:32:43 +0100] "GET /api/v1/vehicles?search=411 HTTP/1.1 200 1.937551ms "Mozilla/5.0 (X11; Linux x86_64) AppleWebKit/537.36 (KHTML, like Gecko) louaj-desktop/0.1.0 Chrome/124.0.6367.243 Electron/30.5.1 Safari/537.36" "
[GIN] 2025/10/20 - 11:32:43 | 200 |    2.051545ms |             ::1 | GET      "/api/v1/vehicles?search=411"
[GIN] 2025/10/20 - 11:32:58 | 204 |      14.651µs |             ::1 | OPTIONS  "/api/v1/queue-summaries"
::1 - [20/Oct/2025:11:32:58 +0100] "GET /api/v1/queue-summaries HTTP/1.1 200 1.258001ms "Mozilla/5.0 (X11; Linux x86_64) AppleWebKit/537.36 (KHTML, like Gecko) louaj-desktop/0.1.0 Chrome/124.0.6367.243 Electron/30.5.1 Safari/537.36" "
[GIN] 2025/10/20 - 11:32:58 | 200 |    1.377845ms |             ::1 | GET      "/api/v1/queue-summaries"
[GIN] 2025/10/20 - 11:39:24 | 204 |      25.817µs |             ::1 | OPTIONS  "/api/v1/queue-summaries"
::1 - [20/Oct/2025:11:39:24 +0100] "GET /api/v1/queue-summaries HTTP/1.1 200 453.826µs "Mozilla/5.0 (X11; Linux x86_64) AppleWebKit/537.36 (KHTML, like Gecko) louaj-desktop/0.1.0 Chrome/124.0.6367.243 Electron/30.5.1 Safari/537.36" "
[GIN] 2025/10/20 - 11:39:24 | 200 |     494.028µs |             ::1 | GET      "/api/v1/queue-summaries"
[GIN] 2025/10/20 - 11:39:45 | 204 |      23.367µs |             ::1 | OPTIONS  "/api/v1/queue-summaries"
[GIN] 2025/10/20 - 11:39:45 | 204 |      10.243µs |             ::1 | OPTIONS  "/api/v1/queue-summaries"
::1 - [20/Oct/2025:11:39:45 +0100] "GET /api/v1/queue-summaries HTTP/1.1 200 2.355403ms "Mozilla/5.0 (X11; Linux x86_64) AppleWebKit/537.36 (KHTML, like Gecko) louaj-desktop/0.1.0 Chrome/124.0.6367.243 Electron/30.5.1 Safari/537.36" "
[GIN] 2025/10/20 - 11:39:45 | 200 |    2.939946ms |             ::1 | GET      "/api/v1/queue-summaries"
::1 - [20/Oct/2025:11:39:45 +0100] "GET /api/v1/queue-summaries HTTP/1.1 200 2.640664ms "Mozilla/5.0 (X11; Linux x86_64) AppleWebKit/537.36 (KHTML, like Gecko) louaj-desktop/0.1.0 Chrome/124.0.6367.243 Electron/30.5.1 Safari/537.36" "
[GIN] 2025/10/20 - 11:39:45 | 200 |    3.081225ms |             ::1 | GET      "/api/v1/queue-summaries"
[GIN] 2025/10/20 - 11:42:46 | 204 |      26.513µs |             ::1 | OPTIONS  "/api/v1/queue-summaries"
::1 - [20/Oct/2025:11:42:46 +0100] "GET /api/v1/queue-summaries HTTP/1.1 200 1.977593ms "Mozilla/5.0 (X11; Linux x86_64) AppleWebKit/537.36 (KHTML, like Gecko) louaj-desktop/0.1.0 Chrome/124.0.6367.243 Electron/30.5.1 Safari/537.36" "
[GIN] 2025/10/20 - 11:42:46 | 200 |    2.158151ms |             ::1 | GET      "/api/v1/queue-summaries"
[GIN] 2025/10/20 - 11:43:08 | 204 |       9.695µs |             ::1 | OPTIONS  "/api/v1/vehicles?search=55"
::1 - [20/Oct/2025:11:43:08 +0100] "GET /api/v1/vehicles?search=55 HTTP/1.1 200 2.774922ms "Mozilla/5.0 (X11; Linux x86_64) AppleWebKit/537.36 (KHTML, like Gecko) louaj-desktop/0.1.0 Chrome/124.0.6367.243 Electron/30.5.1 Safari/537.36" "
[GIN] 2025/10/20 - 11:43:08 | 200 |    2.976017ms |             ::1 | GET      "/api/v1/vehicles?search=55"
[GIN] 2025/10/20 - 11:43:10 | 204 |      10.663µs |             ::1 | OPTIONS  "/api/v1/queue-summaries"
::1 - [20/Oct/2025:11:43:10 +0100] "GET /api/v1/queue-summaries HTTP/1.1 200 722.28µs "Mozilla/5.0 (X11; Linux x86_64) AppleWebKit/537.36 (KHTML, like Gecko) louaj-desktop/0.1.0 Chrome/124.0.6367.243 Electron/30.5.1 Safari/537.36" "
[GIN] 2025/10/20 - 11:43:10 | 200 |     776.836µs |             ::1 | GET      "/api/v1/queue-summaries"
[GIN] 2025/10/20 - 11:44:30 | 204 |      21.766µs |             ::1 | OPTIONS  "/api/v1/queue-summaries"
[GIN] 2025/10/20 - 11:44:30 | 204 |      13.446µs |             ::1 | OPTIONS  "/api/v1/queue-summaries"
::1 - [20/Oct/2025:11:44:30 +0100] "GET /api/v1/queue-summaries HTTP/1.1 200 6.215458ms "Mozilla/5.0 (X11; Linux x86_64) AppleWebKit/537.36 (KHTML, like Gecko) louaj-desktop/0.1.0 Chrome/124.0.6367.243 Electron/30.5.1 Safari/537.36" "
[GIN] 2025/10/20 - 11:44:30 | 200 |     6.74391ms |             ::1 | GET      "/api/v1/queue-summaries"
::1 - [20/Oct/2025:11:44:30 +0100] "GET /api/v1/queue-summaries HTTP/1.1 200 2.430361ms "Mozilla/5.0 (X11; Linux x86_64) AppleWebKit/537.36 (KHTML, like Gecko) louaj-desktop/0.1.0 Chrome/124.0.6367.243 Electron/30.5.1 Safari/537.36" "
[GIN] 2025/10/20 - 11:44:30 | 200 |    3.951932ms |             ::1 | GET      "/api/v1/queue-summaries"
[GIN] 2025/10/20 - 11:46:42 | 204 |      62.202µs |             ::1 | OPTIONS  "/api/v1/queue-summaries"
::1 - [20/Oct/2025:11:46:42 +0100] "GET /api/v1/queue-summaries HTTP/1.1 200 2.75702ms "Mozilla/5.0 (X11; Linux x86_64) AppleWebKit/537.36 (KHTML, like Gecko) louaj-desktop/0.1.0 Chrome/124.0.6367.243 Electron/30.5.1 Safari/537.36" "
[GIN] 2025/10/20 - 11:46:42 | 200 |    3.104106ms |             ::1 | GET      "/api/v1/queue-summaries"
[GIN] 2025/10/20 - 11:46:45 | 204 |      17.564µs |             ::1 | OPTIONS  "/api/v1/vehicles?search=85"
::1 - [20/Oct/2025:11:46:45 +0100] "GET /api/v1/vehicles?search=85 HTTP/1.1 200 3.560548ms "Mozilla/5.0 (X11; Linux x86_64) AppleWebKit/537.36 (KHTML, like Gecko) louaj-desktop/0.1.0 Chrome/124.0.6367.243 Electron/30.5.1 Safari/537.36" "
[GIN] 2025/10/20 - 11:46:45 | 200 |    3.850193ms |             ::1 | GET      "/api/v1/vehicles?search=85"
[GIN] 2025/10/20 - 11:46:45 | 204 |      26.271µs |             ::1 | OPTIONS  "/api/v1/vehicles?search=855"
::1 - [20/Oct/2025:11:46:45 +0100] "GET /api/v1/vehicles?search=855 HTTP/1.1 200 3.624459ms "Mozilla/5.0 (X11; Linux x86_64) AppleWebKit/537.36 (KHTML, like Gecko) louaj-desktop/0.1.0 Chrome/124.0.6367.243 Electron/30.5.1 Safari/537.36" "
[GIN] 2025/10/20 - 11:46:45 | 200 |    3.846491ms |             ::1 | GET      "/api/v1/vehicles?search=855"
[GIN] 2025/10/20 - 11:46:47 | 204 |      50.931µs |             ::1 | OPTIONS  "/api/v1/vehicles/veh_3234372054554e2038353536/authorized-routes"
::1 - [20/Oct/2025:11:46:47 +0100] "GET /api/v1/vehicles/veh_3234372054554e2038353536/authorized-routes HTTP/1.1 200 7.368698ms "Mozilla/5.0 (X11; Linux x86_64) AppleWebKit/537.36 (KHTML, like Gecko) louaj-desktop/0.1.0 Chrome/124.0.6367.243 Electron/30.5.1 Safari/537.36" "
[GIN] 2025/10/20 - 11:46:47 | 200 |    7.523418ms |             ::1 | GET      "/api/v1/vehicles/veh_3234372054554e2038353536/authorized-routes"
::1 - [20/Oct/2025:11:46:48 +0100] "GET /api/v1/vehicles/veh_3234372054554e2038353536/authorized-routes HTTP/1.1 200 3.635966ms "Mozilla/5.0 (X11; Linux x86_64) AppleWebKit/537.36 (KHTML, like Gecko) louaj-desktop/0.1.0 Chrome/124.0.6367.243 Electron/30.5.1 Safari/537.36" "
[GIN] 2025/10/20 - 11:46:48 | 200 |    3.942725ms |             ::1 | GET      "/api/v1/vehicles/veh_3234372054554e2038353536/authorized-routes"
[GIN] 2025/10/20 - 11:47:09 | 204 |       5.848µs |             ::1 | OPTIONS  "/api/v1/queue-summaries"
::1 - [20/Oct/2025:11:47:09 +0100] "GET /api/v1/queue-summaries HTTP/1.1 200 677.542µs "Mozilla/5.0 (X11; Linux x86_64) AppleWebKit/537.36 (KHTML, like Gecko) louaj-desktop/0.1.0 Chrome/124.0.6367.243 Electron/30.5.1 Safari/537.36" "
[GIN] 2025/10/20 - 11:47:09 | 200 |     728.911µs |             ::1 | GET      "/api/v1/queue-summaries"
[GIN] 2025/10/20 - 11:48:31 | 204 |      52.469µs |             ::1 | OPTIONS  "/api/v1/queue-summaries"
::1 - [20/Oct/2025:11:48:31 +0100] "GET /api/v1/queue-summaries HTTP/1.1 200 2.258937ms "Mozilla/5.0 (X11; Linux x86_64) AppleWebKit/537.36 (KHTML, like Gecko) louaj-desktop/0.1.0 Chrome/124.0.6367.243 Electron/30.5.1 Safari/537.36" "
[GIN] 2025/10/20 - 11:48:31 | 200 |    2.480871ms |             ::1 | GET      "/api/v1/queue-summaries"
[GIN] 2025/10/20 - 11:48:45 | 204 |       9.714µs |             ::1 | OPTIONS  "/api/v1/queue-summaries"
::1 - [20/Oct/2025:11:48:45 +0100] "GET /api/v1/queue-summaries HTTP/1.1 200 704.793µs "Mozilla/5.0 (X11; Linux x86_64) AppleWebKit/537.36 (KHTML, like Gecko) louaj-desktop/0.1.0 Chrome/124.0.6367.243 Electron/30.5.1 Safari/537.36" "
[GIN] 2025/10/20 - 11:48:45 | 200 |     756.288µs |             ::1 | GET      "/api/v1/queue-summaries"
[GIN] 2025/10/20 - 11:48:51 | 204 |      52.379µs |             ::1 | OPTIONS  "/api/v1/vehicles/veh_3234372054554e2038353536/authorized-routes"
::1 - [20/Oct/2025:11:48:51 +0100] "GET /api/v1/vehicles/veh_3234372054554e2038353536/authorized-routes HTTP/1.1 200 2.365663ms "Mozilla/5.0 (X11; Linux x86_64) AppleWebKit/537.36 (KHTML, like Gecko) louaj-desktop/0.1.0 Chrome/124.0.6367.243 Electron/30.5.1 Safari/537.36" "
[GIN] 2025/10/20 - 11:48:51 | 200 |    2.574505ms |             ::1 | GET      "/api/v1/vehicles/veh_3234372054554e2038353536/authorized-routes"
[GIN] 2025/10/20 - 11:48:52 | 204 |        9.41µs |             ::1 | OPTIONS  "/api/v1/queue-summaries"
::1 - [20/Oct/2025:11:48:52 +0100] "GET /api/v1/queue-summaries HTTP/1.1 200 759.32µs "Mozilla/5.0 (X11; Linux x86_64) AppleWebKit/537.36 (KHTML, like Gecko) louaj-desktop/0.1.0 Chrome/124.0.6367.243 Electron/30.5.1 Safari/537.36" "
[GIN] 2025/10/20 - 11:48:52 | 200 |     845.115µs |             ::1 | GET      "/api/v1/queue-summaries"
::1 - [20/Oct/2025:11:48:53 +0100] "GET /api/v1/queue-summaries HTTP/1.1 200 329.703µs "Mozilla/5.0 (X11; Linux x86_64) AppleWebKit/537.36 (KHTML, like Gecko) louaj-desktop/0.1.0 Chrome/124.0.6367.243 Electron/30.5.1 Safari/537.36" "
[GIN] 2025/10/20 - 11:48:53 | 200 |     371.129µs |             ::1 | GET      "/api/v1/queue-summaries"
[GIN] 2025/10/20 - 11:50:04 | 204 |      28.305µs |             ::1 | OPTIONS  "/api/v1/queue-summaries"
[GIN] 2025/10/20 - 11:50:04 | 204 |      25.849µs |             ::1 | OPTIONS  "/api/v1/queue-summaries"
::1 - [20/Oct/2025:11:50:04 +0100] "GET /api/v1/queue-summaries HTTP/1.1 200 3.970027ms "Mozilla/5.0 (X11; Linux x86_64) AppleWebKit/537.36 (KHTML, like Gecko) louaj-desktop/0.1.0 Chrome/124.0.6367.243 Electron/30.5.1 Safari/537.36" "
[GIN] 2025/10/20 - 11:50:04 | 200 |     4.13597ms |             ::1 | GET      "/api/v1/queue-summaries"
::1 - [20/Oct/2025:11:50:04 +0100] "GET /api/v1/queue-summaries HTTP/1.1 200 813.847µs "Mozilla/5.0 (X11; Linux x86_64) AppleWebKit/537.36 (KHTML, like Gecko) louaj-desktop/0.1.0 Chrome/124.0.6367.243 Electron/30.5.1 Safari/537.36" "
[GIN] 2025/10/20 - 11:50:04 | 200 |     964.807µs |             ::1 | GET      "/api/v1/queue-summaries"
[GIN] 2025/10/20 - 11:50:19 | 204 |       7.898µs |             ::1 | OPTIONS  "/api/v1/vehicles?search=44"
::1 - [20/Oct/2025:11:50:19 +0100] "GET /api/v1/vehicles?search=44 HTTP/1.1 200 2.075172ms "Mozilla/5.0 (X11; Linux x86_64) AppleWebKit/537.36 (KHTML, like Gecko) louaj-desktop/0.1.0 Chrome/124.0.6367.243 Electron/30.5.1 Safari/537.36" "
[GIN] 2025/10/20 - 11:50:19 | 200 |    2.176585ms |             ::1 | GET      "/api/v1/vehicles?search=44"
[GIN] 2025/10/20 - 11:50:20 | 204 |       26.15µs |             ::1 | OPTIONS  "/api/v1/vehicles/c9f89c23-1c65-4bfc-8485-bb52cd57f4b8/authorized-routes"
::1 - [20/Oct/2025:11:50:20 +0100] "GET /api/v1/vehicles/c9f89c23-1c65-4bfc-8485-bb52cd57f4b8/authorized-routes HTTP/1.1 200 962.47µs "Mozilla/5.0 (X11; Linux x86_64) AppleWebKit/537.36 (KHTML, like Gecko) louaj-desktop/0.1.0 Chrome/124.0.6367.243 Electron/30.5.1 Safari/537.36" "
[GIN] 2025/10/20 - 11:50:20 | 200 |    1.032502ms |             ::1 | GET      "/api/v1/vehicles/c9f89c23-1c65-4bfc-8485-bb52cd57f4b8/authorized-routes"
[GIN] 2025/10/20 - 11:50:26 | 204 |        7.99µs |             ::1 | OPTIONS  "/api/v1/queue-summaries"
::1 - [20/Oct/2025:11:50:26 +0100] "GET /api/v1/queue-summaries HTTP/1.1 200 450.145µs "Mozilla/5.0 (X11; Linux x86_64) AppleWebKit/537.36 (KHTML, like Gecko) louaj-desktop/0.1.0 Chrome/124.0.6367.243 Electron/30.5.1 Safari/537.36" "
[GIN] 2025/10/20 - 11:50:26 | 200 |     497.761µs |             ::1 | GET      "/api/v1/queue-summaries"
[GIN] 2025/10/20 - 11:53:44 | 204 |      44.945µs |             ::1 | OPTIONS  "/api/v1/vehicles/veh_3234342054554e2031333431/authorized-routes"
::1 - [20/Oct/2025:11:53:44 +0100] "GET /api/v1/vehicles/veh_3234342054554e2031333431/authorized-routes HTTP/1.1 200 3.779682ms "Mozilla/5.0 (X11; Linux x86_64) AppleWebKit/537.36 (KHTML, like Gecko) louaj-desktop/0.1.0 Chrome/124.0.6367.243 Electron/30.5.1 Safari/537.36" "
[GIN] 2025/10/20 - 11:53:44 | 200 |    4.070877ms |             ::1 | GET      "/api/v1/vehicles/veh_3234342054554e2031333431/authorized-routes"
[GIN] 2025/10/20 - 11:53:45 | 204 |       6.401µs |             ::1 | OPTIONS  "/api/v1/queue-summaries"
::1 - [20/Oct/2025:11:53:45 +0100] "GET /api/v1/queue-summaries HTTP/1.1 200 324.06µs "Mozilla/5.0 (X11; Linux x86_64) AppleWebKit/537.36 (KHTML, like Gecko) louaj-desktop/0.1.0 Chrome/124.0.6367.243 Electron/30.5.1 Safari/537.36" "
[GIN] 2025/10/20 - 11:53:45 | 200 |     373.203µs |             ::1 | GET      "/api/v1/queue-summaries"
[GIN] 2025/10/20 - 11:54:29 | 204 |      16.236µs |             ::1 | OPTIONS  "/api/v1/queue-summaries"
[GIN] 2025/10/20 - 11:54:29 | 204 |       9.934µs |             ::1 | OPTIONS  "/api/v1/queue-summaries"
::1 - [20/Oct/2025:11:54:29 +0100] "GET /api/v1/queue-summaries HTTP/1.1 200 1.687719ms "Mozilla/5.0 (X11; Linux x86_64) AppleWebKit/537.36 (KHTML, like Gecko) louaj-desktop/0.1.0 Chrome/124.0.6367.243 Electron/30.5.1 Safari/537.36" "
[GIN] 2025/10/20 - 11:54:29 | 200 |    1.993484ms |             ::1 | GET      "/api/v1/queue-summaries"
::1 - [20/Oct/2025:11:54:29 +0100] "GET /api/v1/queue-summaries HTTP/1.1 200 1.392779ms "Mozilla/5.0 (X11; Linux x86_64) AppleWebKit/537.36 (KHTML, like Gecko) louaj-desktop/0.1.0 Chrome/124.0.6367.243 Electron/30.5.1 Safari/537.36" "
[GIN] 2025/10/20 - 11:54:29 | 200 |    1.611287ms |             ::1 | GET      "/api/v1/queue-summaries"
[GIN] 2025/10/20 - 11:55:06 | 204 |       6.584µs |             ::1 | OPTIONS  "/api/v1/vehicles?search=22"
::1 - [20/Oct/2025:11:55:06 +0100] "GET /api/v1/vehicles?search=22 HTTP/1.1 200 4.611515ms "Mozilla/5.0 (X11; Linux x86_64) AppleWebKit/537.36 (KHTML, like Gecko) louaj-desktop/0.1.0 Chrome/124.0.6367.243 Electron/30.5.1 Safari/537.36" "
[GIN] 2025/10/20 - 11:55:06 | 200 |    4.789133ms |             ::1 | GET      "/api/v1/vehicles?search=22"
[GIN] 2025/10/20 - 11:55:07 | 204 |       9.963µs |             ::1 | OPTIONS  "/api/v1/vehicles/015afe3a-3526-42fc-a9ae-4d963be711c0/authorized-routes"
::1 - [20/Oct/2025:11:55:07 +0100] "GET /api/v1/vehicles/015afe3a-3526-42fc-a9ae-4d963be711c0/authorized-routes HTTP/1.1 200 676.451µs "Mozilla/5.0 (X11; Linux x86_64) AppleWebKit/537.36 (KHTML, like Gecko) louaj-desktop/0.1.0 Chrome/124.0.6367.243 Electron/30.5.1 Safari/537.36" "
[GIN] 2025/10/20 - 11:55:07 | 200 |     795.848µs |             ::1 | GET      "/api/v1/vehicles/015afe3a-3526-42fc-a9ae-4d963be711c0/authorized-routes"
[GIN] 2025/10/20 - 11:55:09 | 204 |       8.382µs |             ::1 | OPTIONS  "/api/v1/queue-summaries"
::1 - [20/Oct/2025:11:55:09 +0100] "GET /api/v1/queue-summaries HTTP/1.1 200 550.151µs "Mozilla/5.0 (X11; Linux x86_64) AppleWebKit/537.36 (KHTML, like Gecko) louaj-desktop/0.1.0 Chrome/124.0.6367.243 Electron/30.5.1 Safari/537.36" "
[GIN] 2025/10/20 - 11:55:09 | 200 |     595.179µs |             ::1 | GET      "/api/v1/queue-summaries"
::1 - [20/Oct/2025:11:55:10 +0100] "GET /api/v1/queue-summaries HTTP/1.1 200 642.047µs "Mozilla/5.0 (X11; Linux x86_64) AppleWebKit/537.36 (KHTML, like Gecko) louaj-desktop/0.1.0 Chrome/124.0.6367.243 Electron/30.5.1 Safari/537.36" "
[GIN] 2025/10/20 - 11:55:10 | 200 |     760.247µs |             ::1 | GET      "/api/v1/queue-summaries"
::1 - [20/Oct/2025:11:55:12 +0100] "GET /api/v1/queue-summaries HTTP/1.1 200 2.157482ms "Mozilla/5.0 (X11; Linux x86_64) AppleWebKit/537.36 (KHTML, like Gecko) louaj-desktop/0.1.0 Chrome/124.0.6367.243 Electron/30.5.1 Safari/537.36" "
[GIN] 2025/10/20 - 11:55:12 | 200 |    2.361045ms |             ::1 | GET      "/api/v1/queue-summaries"
::1 - [20/Oct/2025:11:55:14 +0100] "GET /api/v1/queue-summaries HTTP/1.1 200 485.075µs "Mozilla/5.0 (X11; Linux x86_64) AppleWebKit/537.36 (KHTML, like Gecko) louaj-desktop/0.1.0 Chrome/124.0.6367.243 Electron/30.5.1 Safari/537.36" "
[GIN] 2025/10/20 - 11:55:14 | 200 |     530.352µs |             ::1 | GET      "/api/v1/queue-summaries"
[GIN] 2025/10/20 - 11:56:36 | 204 |      43.729µs |             ::1 | OPTIONS  "/api/v1/queue-summaries"
::1 - [20/Oct/2025:11:56:36 +0100] "GET /api/v1/queue-summaries HTTP/1.1 200 1.243883ms "Mozilla/5.0 (X11; Linux x86_64) AppleWebKit/537.36 (KHTML, like Gecko) louaj-desktop/0.1.0 Chrome/124.0.6367.243 Electron/30.5.1 Safari/537.36" "
[GIN] 2025/10/20 - 11:56:36 | 200 |    1.485593ms |             ::1 | GET      "/api/v1/queue-summaries"
::1 - [20/Oct/2025:11:56:36 +0100] "GET /api/v1/queue-summaries HTTP/1.1 200 5.000224ms "Mozilla/5.0 (X11; Linux x86_64) AppleWebKit/537.36 (KHTML, like Gecko) louaj-desktop/0.1.0 Chrome/124.0.6367.243 Electron/30.5.1 Safari/537.36" "
[GIN] 2025/10/20 - 11:56:36 | 200 |    5.187169ms |             ::1 | GET      "/api/v1/queue-summaries"
::1 - [20/Oct/2025:11:56:37 +0100] "GET /api/v1/queue-summaries HTTP/1.1 200 660.173µs "Mozilla/5.0 (X11; Linux x86_64) AppleWebKit/537.36 (KHTML, like Gecko) louaj-desktop/0.1.0 Chrome/124.0.6367.243 Electron/30.5.1 Safari/537.36" "
[GIN] 2025/10/20 - 11:56:37 | 200 |     734.774µs |             ::1 | GET      "/api/v1/queue-summaries"
[GIN] 2025/10/20 - 11:56:50 | 204 |      25.583µs |             ::1 | OPTIONS  "/api/v1/queue-summaries"
[GIN] 2025/10/20 - 11:56:50 | 204 |       40.73µs |             ::1 | OPTIONS  "/api/v1/queue-summaries"
::1 - [20/Oct/2025:11:56:50 +0100] "GET /api/v1/queue-summaries HTTP/1.1 200 8.224461ms "Mozilla/5.0 (X11; Linux x86_64) AppleWebKit/537.36 (KHTML, like Gecko) louaj-desktop/0.1.0 Chrome/124.0.6367.243 Electron/30.5.1 Safari/537.36" "
[GIN] 2025/10/20 - 11:56:50 | 200 |    8.630376ms |             ::1 | GET      "/api/v1/queue-summaries"
::1 - [20/Oct/2025:11:56:51 +0100] "GET /api/v1/queue-summaries HTTP/1.1 200 4.99907ms "Mozilla/5.0 (X11; Linux x86_64) AppleWebKit/537.36 (KHTML, like Gecko) louaj-desktop/0.1.0 Chrome/124.0.6367.243 Electron/30.5.1 Safari/537.36" "
[GIN] 2025/10/20 - 11:56:51 | 200 |    5.163802ms |             ::1 | GET      "/api/v1/queue-summaries"
::1 - [20/Oct/2025:11:56:51 +0100] "GET /api/v1/queue-summaries HTTP/1.1 200 1.189355ms "Mozilla/5.0 (X11; Linux x86_64) AppleWebKit/537.36 (KHTML, like Gecko) louaj-desktop/0.1.0 Chrome/124.0.6367.243 Electron/30.5.1 Safari/537.36" "
[GIN] 2025/10/20 - 11:56:51 | 200 |    1.734467ms |             ::1 | GET      "/api/v1/queue-summaries"
::1 - [20/Oct/2025:11:56:51 +0100] "GET /api/v1/queue-summaries HTTP/1.1 200 1.105053ms "Mozilla/5.0 (X11; Linux x86_64) AppleWebKit/537.36 (KHTML, like Gecko) louaj-desktop/0.1.0 Chrome/124.0.6367.243 Electron/30.5.1 Safari/537.36" "
[GIN] 2025/10/20 - 11:56:51 | 200 |    1.254107ms |             ::1 | GET      "/api/v1/queue-summaries"
[GIN] 2025/10/20 - 11:56:56 | 204 |      54.491µs |             ::1 | OPTIONS  "/api/v1/queue-summaries"
[GIN] 2025/10/20 - 11:56:56 | 204 |      48.394µs |             ::1 | OPTIONS  "/api/v1/queue-summaries"
::1 - [20/Oct/2025:11:56:56 +0100] "GET /api/v1/queue-summaries HTTP/1.1 200 3.840752ms "Mozilla/5.0 (X11; Linux x86_64) AppleWebKit/537.36 (KHTML, like Gecko) louaj-desktop/0.1.0 Chrome/124.0.6367.243 Electron/30.5.1 Safari/537.36" "
[GIN] 2025/10/20 - 11:56:56 | 200 |    4.036222ms |             ::1 | GET      "/api/v1/queue-summaries"
::1 - [20/Oct/2025:11:56:56 +0100] "GET /api/v1/queue-summaries HTTP/1.1 200 2.980241ms "Mozilla/5.0 (X11; Linux x86_64) AppleWebKit/537.36 (KHTML, like Gecko) louaj-desktop/0.1.0 Chrome/124.0.6367.243 Electron/30.5.1 Safari/537.36" "
[GIN] 2025/10/20 - 11:56:56 | 200 |     3.15543ms |             ::1 | GET      "/api/v1/queue-summaries"
::1 - [20/Oct/2025:11:56:57 +0100] "GET /api/v1/queue-summaries HTTP/1.1 200 2.686296ms "Mozilla/5.0 (X11; Linux x86_64) AppleWebKit/537.36 (KHTML, like Gecko) louaj-desktop/0.1.0 Chrome/124.0.6367.243 Electron/30.5.1 Safari/537.36" "
[GIN] 2025/10/20 - 11:56:57 | 200 |    3.035548ms |             ::1 | GET      "/api/v1/queue-summaries"
