[20251020-104311.934] TM-T20X Thermal Printer
@!a!================================
!  STE DHRAIFF SERVICES TRANSPORT
!================================
!    BILLET AUTORISATION SORTIE(1)
a!--------------------------------
!Vehicule: 130 TUN 2221
!Destination: Jemmal
!Montant Total: 5.85 TND
!Date: 20/10/2025 10:43
!@Agent: staff_1758995428363_2nhfegsve
!--------------------------------
! Sortie autorise!
!@Agent: User Ivan
!
!
!


V

[20251020-105617.330] TM-T20X Thermal Printer
@!a!================================
!  STE DHRAIFF SERVICES TRANSPORT
!================================
!    BILLET AUTORISATION SORTIE
a!--------------------------------
!Vehicule: 123 TUN 4444
!Destination: KSAR HLEL
!Montant Total: 8.75 TND
!Date: 20/10/2025 10:56
!@Agent: fadhel mehri
!--------------------------------
! Sortie autorise!
!@Agent: fadhel mehri
!
!
!


V

[20251020-105722.462] TM-T20X Thermal Printer
@!a!================================
!  STE DHRAIFF SERVICES TRANSPORT
!================================
!     BILLET DE RSERVATION
a!--------------------------------
!Vehicule: 247 TUN 9550
!Destination: JEMMAL
!Sige: 1
!Montant: 1.95 TND
!Date: 20/10/2025 10:57
!@Agent: fadhel mehri
!--------------------------------
!Merci de nous avoir choisis!
!
!
!


V

[20251020-105722.467] TM-T20X Thermal Printer
@!a!Vehicule: 247 TUN 9550
!                        (1)
!-----
!Montant: 1.80 TND
!Heure: 10:57
!@Agent: fadhel mehri
!
!


V

[20251020-105801.337] TM-T20X Thermal Printer
@!a!================================
!  STE DHRAIFF SERVICES TRANSPORT
!================================
!     BILLET DE RSERVATION
a!--------------------------------
!Vehicule: 247 TUN 9550
!Destination: JEMMAL
!Sige: 2
!Montant: 1.95 TND
!Date: 20/10/2025 10:58
!@Agent: fadhel mehri
!--------------------------------
!Merci de nous avoir choisis!
!
!
!


V

[20251020-105801.345] TM-T20X Thermal Printer
@!a!Vehicule: 247 TUN 9550
!                        (2)
!-----
!Montant: 1.80 TND
!Heure: 10:58
!@Agent: fadhel mehri
!
!


V

[20251020-105826.952] TM-T20X Thermal Printer
@!a!================================
!  STE DHRAIFF SERVICES TRANSPORT
!================================
!    BILLET AUTORISATION SORTIE
a!--------------------------------
!Vehicule: 247 TUN 9550
!Destination: JEMMAL
!Montant Total: 3.60 TND
!Date: 20/10/2025 10:58
!@Agent: fadhel mehri
!--------------------------------
! Sortie autorise!
!@Agent: fadhel mehri
!
!
!


V

[20251020-105920.622] TM-T20X Thermal Printer
@!a!================================
!  STE DHRAIFF SERVICES TRANSPORT
!================================
!     BILLET DE RSERVATION
a!--------------------------------
!Vehicule: 853TUN5522
!Destination: JEMMAL
!Sige: 1
!Montant: 1.90 TND
!Date: 20/10/2025 10:59
!@Agent: fadhel mehri
!--------------------------------
!Merci de nous avoir choisis!
!
!
!


V

[20251020-105920.627] TM-T20X Thermal Printer
@!a!Vehicule: 853TUN5522
!                        (1)
!-----
!Montant: 1.80 TND
!Heure: 10:59
!@Agent: fadhel mehri
!
!


V

[20251020-105930.117] TM-T20X Thermal Printer
@!a!================================
!  STE DHRAIFF SERVICES TRANSPORT
!================================
!     BILLET DE RSERVATION
a!--------------------------------
!Vehicule: 853TUN5522
!Destination: KSAR HLEL
!Sige: 2
!Montant: 1.90 TND
!Date: 20/10/2025 10:59
!@Agent: fadhel mehri
!--------------------------------
!Merci de nous avoir choisis!
!
!
!


V

[20251020-105930.123] TM-T20X Thermal Printer
@!a!Vehicule: 853TUN5522
!                        (2)
!-----
!Montant: 1.75 TND
!Heure: 10:59
!@Agent: fadhel mehri
!
!


V

[20251020-110013.608] TM-T20X Thermal Printer
@!a!================================
!  STE DHRAIFF SERVICES TRANSPORT
!================================
!    BILLET AUTORISATION SORTIE
a!--------------------------------
!Vehicule: 853TUN5522
!Destination: KSAR HLEL
!Montant Total: 3.50 TND
!Date: 20/10/2025 11:00
!@Agent: fadhel mehri
!--------------------------------
! Sortie autorise!
!@Agent: fadhel mehri
!
!
!


V

[20251020-111122.072] TM-T20X Thermal Printer
@!a!================================
!  STE DHRAIFF SERVICES TRANSPORT
!================================
!     BILLET DE RSERVATION
a!--------------------------------
!Vehicule: 142 TUN 2276
!Destination: MOKNIN
!Sige: 1
!Montant: 2.20 TND
!Date: 20/10/2025 11:11
!@Agent: fadhel mehri
!--------------------------------
!Merci de nous avoir choisis!
!
!
!


V

[20251020-111122.078] TM-T20X Thermal Printer
@!a!Vehicule: 142 TUN 2276
!                        (1)
!-----
!Montant: 2.05 TND
!Heure: 11:11
!@Agent: fadhel mehri
!
!


V

[20251020-111129.023] TM-T20X Thermal Printer
@!a!================================
!  STE DHRAIFF SERVICES TRANSPORT
!================================
!    BILLET AUTORISATION SORTIE
a!--------------------------------
!Vehicule: 142 TUN 2276
!Destination: MOKNIN
!Montant Total: 2.05 TND
!Date: 20/10/2025 11:11
!@Agent: fadhel mehri
!--------------------------------
! Sortie autorise!
!@Agent: fadhel mehri
!
!
!


V

[20251020-111742.003] TM-T20X Thermal Printer
@!a!================================
!  STE DHRAIFF SERVICES TRANSPORT
!================================
!     BILLET DE RSERVATION
a!--------------------------------
!Vehicule: 247 TUN 8556
!Destination: MOKNIN
!Sige: 1
!Montant: 2.20 TND
!Date: 20/10/2025 11:17
!@Agent: fadhel mehri
!--------------------------------
!Merci de nous avoir choisis!
!
!
!


V

[20251020-111742.008] TM-T20X Thermal Printer
@!a!Vehicule: 247 TUN 8556
!                        (1)
!-----
!Montant: 2.05 TND
!Heure: 11:17
!@Agent: fadhel mehri
!
!


V

[20251020-111744.418] TM-T20X Thermal Printer
@!a!================================
!  STE DHRAIFF SERVICES TRANSPORT
!================================
!    BILLET AUTORISATION SORTIE
a!--------------------------------
!Vehicule: 247 TUN 8556
!Destination: MOKNIN
!Montant Total: 2.05 TND
!Date: 20/10/2025 11:17
!@Agent: fadhel mehri
!--------------------------------
! Sortie autorise!
!@Agent: fadhel mehri
!
!
!


V

[20251020-112350.089] TM-T20X Thermal Printer
@!a!================================
!  STE DHRAIFF SERVICES TRANSPORT
!================================
!     BILLET DE RSERVATION
a!--------------------------------
!Vehicule: 178TUN3446
!Destination: TEBOULBA
!Sige: 1
!Montant: 2.55 TND
!Date: 20/10/2025 11:23
!@Agent: fadhel mehri
!--------------------------------
!Merci de nous avoir choisis!
!
!
!


V

[20251020-112350.093] TM-T20X Thermal Printer
@!a!Vehicule: 178TUN3446
!                        (1)
!-----
!Montant: 2.40 TND
!Heure: 11:23
!@Agent: fadhel mehri
!
!


V

[20251020-112356.028] TM-T20X Thermal Printer
@!a!================================
!  STE DHRAIFF SERVICES TRANSPORT
!================================
!    BILLET AUTORISATION SORTIE
a!--------------------------------
!Vehicule: 178TUN3446
!Destination: TEBOULBA
!Montant Total: 2.40 TND
!Date: 20/10/2025 11:23
!@Agent: fadhel mehri
!--------------------------------
! Sortie autorise!
!@Agent: fadhel mehri
!
!
!


V

